{"D:\\ATLP\\nodeproject\\src\\index.js": {"path":"D:\\ATLP\\nodeproject\\src\\index.js","statementMap":{"0":{"start":{"line":14,"column":0},"end":{"line":14,"column":15}},"1":{"start":{"line":15,"column":13},"end":{"line":15,"column":29}},"2":{"start":{"line":17,"column":0},"end":{"line":17,"column":79}},"3":{"start":{"line":19,"column":12},"end":{"line":19,"column":21}},"4":{"start":{"line":21,"column":0},"end":{"line":21,"column":23}},"5":{"start":{"line":22,"column":0},"end":{"line":22,"column":17}},"6":{"start":{"line":23,"column":0},"end":{"line":23,"column":27}},"7":{"start":{"line":24,"column":0},"end":{"line":24,"column":19}},"8":{"start":{"line":25,"column":0},"end":{"line":25,"column":19}},"9":{"start":{"line":26,"column":0},"end":{"line":26,"column":22}},"10":{"start":{"line":27,"column":0},"end":{"line":27,"column":28}},"11":{"start":{"line":28,"column":0},"end":{"line":28,"column":22}},"12":{"start":{"line":29,"column":0},"end":{"line":29,"column":20}},"13":{"start":{"line":30,"column":0},"end":{"line":30,"column":22}},"14":{"start":{"line":35,"column":0},"end":{"line":35,"column":67}},"15":{"start":{"line":35,"column":21},"end":{"line":35,"column":66}}},"fnMap":{"0":{"name":"(anonymous_0)","decl":{"start":{"line":35,"column":16},"end":{"line":35,"column":17}},"loc":{"start":{"line":35,"column":21},"end":{"line":35,"column":66}},"line":35}},"branchMap":{},"s":{"0":1,"1":1,"2":1,"3":1,"4":1,"5":1,"6":1,"7":1,"8":1,"9":1,"10":1,"11":1,"12":1,"13":1,"14":1,"15":1},"f":{"0":1},"b":{},"_coverageSchema":"1a1c01bbd47fc00a2c39e90264f33305004495a9","hash":"efeaabd1e97f0e66ae49c391ea822e1b05693a6c"}
,"D:\\ATLP\\nodeproject\\src\\controllers\\blog_controllers.js": {"path":"D:\\ATLP\\nodeproject\\src\\controllers\\blog_controllers.js","statementMap":{"0":{"start":{"line":6,"column":0},"end":{"line":6,"column":15}},"1":{"start":{"line":8,"column":17},"end":{"line":8,"column":39}},"2":{"start":{"line":10,"column":19},"end":{"line":35,"column":1}},"3":{"start":{"line":11,"column":16},"end":{"line":11,"column":55}},"4":{"start":{"line":13,"column":15},"end":{"line":13,"column":41}},"5":{"start":{"line":14,"column":2},"end":{"line":34,"column":3}},"6":{"start":{"line":15,"column":4},"end":{"line":15,"column":83}},"7":{"start":{"line":17,"column":4},"end":{"line":33,"column":5}},"8":{"start":{"line":18,"column":22},"end":{"line":26,"column":10}},"9":{"start":{"line":27,"column":8},"end":{"line":30,"column":10}},"10":{"start":{"line":32,"column":8},"end":{"line":32,"column":64}},"11":{"start":{"line":37,"column":17},"end":{"line":51,"column":1}},"12":{"start":{"line":38,"column":19},"end":{"line":38,"column":32}},"13":{"start":{"line":40,"column":4},"end":{"line":50,"column":5}},"14":{"start":{"line":41,"column":27},"end":{"line":41,"column":60}},"15":{"start":{"line":42,"column":8},"end":{"line":45,"column":10}},"16":{"start":{"line":49,"column":8},"end":{"line":49,"column":64}},"17":{"start":{"line":53,"column":20},"end":{"line":66,"column":1}},"18":{"start":{"line":54,"column":4},"end":{"line":64,"column":7}},"19":{"start":{"line":55,"column":22},"end":{"line":55,"column":61}},"20":{"start":{"line":56,"column":8},"end":{"line":60,"column":10}},"21":{"start":{"line":62,"column":8},"end":{"line":62,"column":61}},"22":{"start":{"line":68,"column":19},"end":{"line":97,"column":1}},"23":{"start":{"line":69,"column":17},"end":{"line":69,"column":30}},"24":{"start":{"line":71,"column":16},"end":{"line":71,"column":58}},"25":{"start":{"line":73,"column":14},"end":{"line":73,"column":40}},"26":{"start":{"line":74,"column":2},"end":{"line":96,"column":3}},"27":{"start":{"line":75,"column":4},"end":{"line":75,"column":83}},"28":{"start":{"line":78,"column":4},"end":{"line":95,"column":5}},"29":{"start":{"line":79,"column":27},"end":{"line":81,"column":10}},"30":{"start":{"line":82,"column":8},"end":{"line":92,"column":9}},"31":{"start":{"line":83,"column":10},"end":{"line":85,"column":12}},"32":{"start":{"line":88,"column":10},"end":{"line":91,"column":12}},"33":{"start":{"line":94,"column":6},"end":{"line":94,"column":85}},"34":{"start":{"line":99,"column":18},"end":{"line":123,"column":1}},"35":{"start":{"line":101,"column":17},"end":{"line":101,"column":30}},"36":{"start":{"line":102,"column":16},"end":{"line":102,"column":55}},"37":{"start":{"line":104,"column":15},"end":{"line":104,"column":41}},"38":{"start":{"line":105,"column":2},"end":{"line":122,"column":3}},"39":{"start":{"line":106,"column":4},"end":{"line":106,"column":83}},"40":{"start":{"line":108,"column":4},"end":{"line":121,"column":5}},"41":{"start":{"line":109,"column":25},"end":{"line":109,"column":67}},"42":{"start":{"line":110,"column":6},"end":{"line":118,"column":7}},"43":{"start":{"line":111,"column":8},"end":{"line":113,"column":10}},"44":{"start":{"line":115,"column":8},"end":{"line":117,"column":10}},"45":{"start":{"line":120,"column":6},"end":{"line":120,"column":65}},"46":{"start":{"line":124,"column":22},"end":{"line":148,"column":1}},"47":{"start":{"line":125,"column":16},"end":{"line":125,"column":55}},"48":{"start":{"line":128,"column":15},"end":{"line":128,"column":41}},"49":{"start":{"line":129,"column":2},"end":{"line":147,"column":1}},"50":{"start":{"line":130,"column":4},"end":{"line":130,"column":83}},"51":{"start":{"line":132,"column":2},"end":{"line":146,"column":3}},"52":{"start":{"line":133,"column":20},"end":{"line":133,"column":49}},"53":{"start":{"line":134,"column":4},"end":{"line":143,"column":5}},"54":{"start":{"line":135,"column":6},"end":{"line":137,"column":8}},"55":{"start":{"line":139,"column":6},"end":{"line":142,"column":8}},"56":{"start":{"line":145,"column":4},"end":{"line":145,"column":64}}},"fnMap":{"0":{"name":"(anonymous_0)","decl":{"start":{"line":10,"column":19},"end":{"line":10,"column":20}},"loc":{"start":{"line":10,"column":35},"end":{"line":35,"column":1}},"line":10},"1":{"name":"(anonymous_1)","decl":{"start":{"line":37,"column":17},"end":{"line":37,"column":18}},"loc":{"start":{"line":37,"column":33},"end":{"line":51,"column":1}},"line":37},"2":{"name":"(anonymous_2)","decl":{"start":{"line":53,"column":20},"end":{"line":53,"column":21}},"loc":{"start":{"line":53,"column":36},"end":{"line":66,"column":1}},"line":53},"3":{"name":"(anonymous_3)","decl":{"start":{"line":68,"column":19},"end":{"line":68,"column":20}},"loc":{"start":{"line":68,"column":35},"end":{"line":97,"column":1}},"line":68},"4":{"name":"(anonymous_4)","decl":{"start":{"line":99,"column":18},"end":{"line":99,"column":19}},"loc":{"start":{"line":99,"column":34},"end":{"line":123,"column":1}},"line":99},"5":{"name":"(anonymous_5)","decl":{"start":{"line":124,"column":22},"end":{"line":124,"column":23}},"loc":{"start":{"line":124,"column":38},"end":{"line":148,"column":1}},"line":124}},"branchMap":{"0":{"loc":{"start":{"line":14,"column":2},"end":{"line":34,"column":3}},"type":"if","locations":[{"start":{"line":14,"column":2},"end":{"line":34,"column":3}},{"start":{"line":16,"column":7},"end":{"line":34,"column":3}}],"line":14},"1":{"loc":{"start":{"line":74,"column":2},"end":{"line":96,"column":3}},"type":"if","locations":[{"start":{"line":74,"column":2},"end":{"line":96,"column":3}},{"start":{"line":76,"column":7},"end":{"line":96,"column":3}}],"line":74},"2":{"loc":{"start":{"line":82,"column":8},"end":{"line":92,"column":9}},"type":"if","locations":[{"start":{"line":82,"column":8},"end":{"line":92,"column":9}},{"start":{"line":87,"column":13},"end":{"line":92,"column":9}}],"line":82},"3":{"loc":{"start":{"line":105,"column":2},"end":{"line":122,"column":3}},"type":"if","locations":[{"start":{"line":105,"column":2},"end":{"line":122,"column":3}},{"start":{"line":107,"column":7},"end":{"line":122,"column":3}}],"line":105},"4":{"loc":{"start":{"line":110,"column":6},"end":{"line":118,"column":7}},"type":"if","locations":[{"start":{"line":110,"column":6},"end":{"line":118,"column":7}},{"start":{"line":114,"column":12},"end":{"line":118,"column":7}}],"line":110},"5":{"loc":{"start":{"line":129,"column":2},"end":{"line":147,"column":1}},"type":"if","locations":[{"start":{"line":129,"column":2},"end":{"line":147,"column":1}},{"start":{"line":131,"column":7},"end":{"line":147,"column":1}}],"line":129},"6":{"loc":{"start":{"line":134,"column":4},"end":{"line":143,"column":5}},"type":"if","locations":[{"start":{"line":134,"column":4},"end":{"line":143,"column":5}},{"start":{"line":138,"column":9},"end":{"line":143,"column":5}}],"line":134}},"s":{"0":1,"1":1,"2":1,"3":0,"4":0,"5":0,"6":0,"7":0,"8":0,"9":0,"10":0,"11":1,"12":0,"13":0,"14":0,"15":0,"16":0,"17":1,"18":0,"19":0,"20":0,"21":0,"22":1,"23":0,"24":0,"25":0,"26":0,"27":0,"28":0,"29":0,"30":0,"31":0,"32":0,"33":0,"34":1,"35":0,"36":0,"37":0,"38":0,"39":0,"40":0,"41":0,"42":0,"43":0,"44":0,"45":0,"46":1,"47":0,"48":0,"49":0,"50":0,"51":0,"52":0,"53":0,"54":0,"55":0,"56":0},"f":{"0":0,"1":0,"2":0,"3":0,"4":0,"5":0},"b":{"0":[0,0],"1":[0,0],"2":[0,0],"3":[0,0],"4":[0,0],"5":[0,0],"6":[0,0]},"_coverageSchema":"1a1c01bbd47fc00a2c39e90264f33305004495a9","hash":"223d468c67361f18cd5178b33879ad0215c77a95"}
,"D:\\ATLP\\nodeproject\\src\\controllers\\comments_controllers.js": {"path":"D:\\ATLP\\nodeproject\\src\\controllers\\comments_controllers.js","statementMap":{"0":{"start":{"line":7,"column":0},"end":{"line":7,"column":15}},"1":{"start":{"line":9,"column":17},"end":{"line":9,"column":39}},"2":{"start":{"line":12,"column":22},"end":{"line":43,"column":1}},"3":{"start":{"line":13,"column":16},"end":{"line":13,"column":33}},"4":{"start":{"line":14,"column":16},"end":{"line":14,"column":55}},"5":{"start":{"line":16,"column":15},"end":{"line":16,"column":41}},"6":{"start":{"line":17,"column":2},"end":{"line":41,"column":3}},"7":{"start":{"line":18,"column":4},"end":{"line":37,"column":5}},"8":{"start":{"line":19,"column":19},"end":{"line":19,"column":47}},"9":{"start":{"line":20,"column":20},"end":{"line":26,"column":8}},"10":{"start":{"line":27,"column":6},"end":{"line":31,"column":8}},"11":{"start":{"line":32,"column":32},"end":{"line":32,"column":80}},"12":{"start":{"line":33,"column":25},"end":{"line":33,"column":95}},"13":{"start":{"line":34,"column":6},"end":{"line":34,"column":47}},"14":{"start":{"line":36,"column":6},"end":{"line":36,"column":88}},"15":{"start":{"line":40,"column":4},"end":{"line":40,"column":49}},"16":{"start":{"line":45,"column":27},"end":{"line":67,"column":1}},"17":{"start":{"line":46,"column":16},"end":{"line":46,"column":33}},"18":{"start":{"line":48,"column":15},"end":{"line":48,"column":43}},"19":{"start":{"line":49,"column":28},"end":{"line":49,"column":76}},"20":{"start":{"line":50,"column":4},"end":{"line":64,"column":7}},"21":{"start":{"line":51,"column":25},"end":{"line":51,"column":82}},"22":{"start":{"line":53,"column":8},"end":{"line":53,"column":18}},"23":{"start":{"line":54,"column":8},"end":{"line":60,"column":9}},"24":{"start":{"line":62,"column":8},"end":{"line":62,"column":20}},"25":{"start":{"line":63,"column":8},"end":{"line":63,"column":57}},"26":{"start":{"line":65,"column":6},"end":{"line":65,"column":47}},"27":{"start":{"line":69,"column":22},"end":{"line":97,"column":1}},"28":{"start":{"line":70,"column":16},"end":{"line":70,"column":55}},"29":{"start":{"line":72,"column":15},"end":{"line":72,"column":41}},"30":{"start":{"line":73,"column":2},"end":{"line":94,"column":3}},"31":{"start":{"line":75,"column":19},"end":{"line":75,"column":36}},"32":{"start":{"line":77,"column":21},"end":{"line":77,"column":81}},"33":{"start":{"line":78,"column":4},"end":{"line":93,"column":5}},"34":{"start":{"line":79,"column":24},"end":{"line":79,"column":37}},"35":{"start":{"line":80,"column":6},"end":{"line":90,"column":7}},"36":{"start":{"line":81,"column":28},"end":{"line":83,"column":8}},"37":{"start":{"line":84,"column":6},"end":{"line":87,"column":8}},"38":{"start":{"line":89,"column":8},"end":{"line":89,"column":96}},"39":{"start":{"line":92,"column":6},"end":{"line":92,"column":88}},"40":{"start":{"line":99,"column":21},"end":{"line":130,"column":1}},"41":{"start":{"line":100,"column":17},"end":{"line":100,"column":34}},"42":{"start":{"line":101,"column":16},"end":{"line":101,"column":55}},"43":{"start":{"line":103,"column":15},"end":{"line":103,"column":41}},"44":{"start":{"line":104,"column":2},"end":{"line":129,"column":3}},"45":{"start":{"line":106,"column":21},"end":{"line":106,"column":81}},"46":{"start":{"line":107,"column":4},"end":{"line":128,"column":5}},"47":{"start":{"line":108,"column":26},"end":{"line":108,"column":39}},"48":{"start":{"line":109,"column":6},"end":{"line":125,"column":7}},"49":{"start":{"line":110,"column":30},"end":{"line":110,"column":77}},"50":{"start":{"line":111,"column":8},"end":{"line":122,"column":9}},"51":{"start":{"line":112,"column":10},"end":{"line":114,"column":12}},"52":{"start":{"line":116,"column":10},"end":{"line":118,"column":12}},"53":{"start":{"line":119,"column":36},"end":{"line":119,"column":84}},"54":{"start":{"line":120,"column":29},"end":{"line":120,"column":99}},"55":{"start":{"line":121,"column":10},"end":{"line":121,"column":51}},"56":{"start":{"line":124,"column":8},"end":{"line":124,"column":70}},"57":{"start":{"line":127,"column":6},"end":{"line":127,"column":88}},"58":{"start":{"line":131,"column":25},"end":{"line":156,"column":1}},"59":{"start":{"line":132,"column":17},"end":{"line":132,"column":34}},"60":{"start":{"line":134,"column":16},"end":{"line":134,"column":55}},"61":{"start":{"line":136,"column":15},"end":{"line":136,"column":41}},"62":{"start":{"line":137,"column":2},"end":{"line":154,"column":3}},"63":{"start":{"line":138,"column":4},"end":{"line":138,"column":83}},"64":{"start":{"line":140,"column":21},"end":{"line":140,"column":81}},"65":{"start":{"line":141,"column":4},"end":{"line":153,"column":5}},"66":{"start":{"line":142,"column":6},"end":{"line":150,"column":7}},"67":{"start":{"line":143,"column":27},"end":{"line":143,"column":58}},"68":{"start":{"line":144,"column":8},"end":{"line":147,"column":10}},"69":{"start":{"line":149,"column":8},"end":{"line":149,"column":71}},"70":{"start":{"line":152,"column":6},"end":{"line":152,"column":89}}},"fnMap":{"0":{"name":"(anonymous_0)","decl":{"start":{"line":12,"column":22},"end":{"line":12,"column":23}},"loc":{"start":{"line":12,"column":38},"end":{"line":43,"column":1}},"line":12},"1":{"name":"(anonymous_1)","decl":{"start":{"line":45,"column":27},"end":{"line":45,"column":28}},"loc":{"start":{"line":45,"column":43},"end":{"line":67,"column":1}},"line":45},"2":{"name":"(anonymous_2)","decl":{"start":{"line":69,"column":22},"end":{"line":69,"column":23}},"loc":{"start":{"line":69,"column":38},"end":{"line":97,"column":1}},"line":69},"3":{"name":"(anonymous_3)","decl":{"start":{"line":99,"column":21},"end":{"line":99,"column":22}},"loc":{"start":{"line":99,"column":37},"end":{"line":130,"column":1}},"line":99},"4":{"name":"(anonymous_4)","decl":{"start":{"line":131,"column":25},"end":{"line":131,"column":26}},"loc":{"start":{"line":131,"column":41},"end":{"line":156,"column":1}},"line":131}},"branchMap":{"0":{"loc":{"start":{"line":17,"column":2},"end":{"line":41,"column":3}},"type":"if","locations":[{"start":{"line":17,"column":2},"end":{"line":41,"column":3}},{"start":{"line":39,"column":7},"end":{"line":41,"column":3}}],"line":17},"1":{"loc":{"start":{"line":73,"column":2},"end":{"line":94,"column":3}},"type":"if","locations":[{"start":{"line":73,"column":2},"end":{"line":94,"column":3}},{"start":{},"end":{}}],"line":73},"2":{"loc":{"start":{"line":78,"column":4},"end":{"line":93,"column":5}},"type":"if","locations":[{"start":{"line":78,"column":4},"end":{"line":93,"column":5}},{"start":{"line":91,"column":9},"end":{"line":93,"column":5}}],"line":78},"3":{"loc":{"start":{"line":104,"column":2},"end":{"line":129,"column":3}},"type":"if","locations":[{"start":{"line":104,"column":2},"end":{"line":129,"column":3}},{"start":{},"end":{}}],"line":104},"4":{"loc":{"start":{"line":107,"column":4},"end":{"line":128,"column":5}},"type":"if","locations":[{"start":{"line":107,"column":4},"end":{"line":128,"column":5}},{"start":{"line":126,"column":9},"end":{"line":128,"column":5}}],"line":107},"5":{"loc":{"start":{"line":111,"column":8},"end":{"line":122,"column":9}},"type":"if","locations":[{"start":{"line":111,"column":8},"end":{"line":122,"column":9}},{"start":{"line":115,"column":13},"end":{"line":122,"column":9}}],"line":111},"6":{"loc":{"start":{"line":137,"column":2},"end":{"line":154,"column":3}},"type":"if","locations":[{"start":{"line":137,"column":2},"end":{"line":154,"column":3}},{"start":{"line":139,"column":7},"end":{"line":154,"column":3}}],"line":137},"7":{"loc":{"start":{"line":141,"column":4},"end":{"line":153,"column":5}},"type":"if","locations":[{"start":{"line":141,"column":4},"end":{"line":153,"column":5}},{"start":{"line":151,"column":9},"end":{"line":153,"column":5}}],"line":141}},"s":{"0":1,"1":1,"2":1,"3":0,"4":0,"5":0,"6":0,"7":0,"8":0,"9":0,"10":0,"11":0,"12":0,"13":0,"14":0,"15":0,"16":1,"17":0,"18":0,"19":0,"20":0,"21":0,"22":0,"23":0,"24":0,"25":0,"26":0,"27":1,"28":0,"29":0,"30":0,"31":0,"32":0,"33":0,"34":0,"35":0,"36":0,"37":0,"38":0,"39":0,"40":1,"41":0,"42":0,"43":0,"44":0,"45":0,"46":0,"47":0,"48":0,"49":0,"50":0,"51":0,"52":0,"53":0,"54":0,"55":0,"56":0,"57":0,"58":1,"59":0,"60":0,"61":0,"62":0,"63":0,"64":0,"65":0,"66":0,"67":0,"68":0,"69":0,"70":0},"f":{"0":0,"1":0,"2":0,"3":0,"4":0},"b":{"0":[0,0],"1":[0,0],"2":[0,0],"3":[0,0],"4":[0,0],"5":[0,0],"6":[0,0],"7":[0,0]},"_coverageSchema":"1a1c01bbd47fc00a2c39e90264f33305004495a9","hash":"3d01f67a767cfa3173561f42d1c0c78e7b10f0b8"}
,"D:\\ATLP\\nodeproject\\src\\controllers\\message_controllers.js": {"path":"D:\\ATLP\\nodeproject\\src\\controllers\\message_controllers.js","statementMap":{"0":{"start":{"line":4,"column":0},"end":{"line":4,"column":15}},"1":{"start":{"line":6,"column":17},"end":{"line":6,"column":39}},"2":{"start":{"line":8,"column":22},"end":{"line":31,"column":1}},"3":{"start":{"line":9,"column":4},"end":{"line":27,"column":5}},"4":{"start":{"line":10,"column":27},"end":{"line":18,"column":8}},"5":{"start":{"line":19,"column":6},"end":{"line":22,"column":6}},"6":{"start":{"line":25,"column":8},"end":{"line":25,"column":62}},"7":{"start":{"line":26,"column":8},"end":{"line":26,"column":26}},"8":{"start":{"line":33,"column":20},"end":{"line":52,"column":1}},"9":{"start":{"line":34,"column":20},"end":{"line":34,"column":33}},"10":{"start":{"line":36,"column":16},"end":{"line":36,"column":64}},"11":{"start":{"line":38,"column":15},"end":{"line":38,"column":41}},"12":{"start":{"line":39,"column":2},"end":{"line":51,"column":3}},"13":{"start":{"line":40,"column":4},"end":{"line":40,"column":83}},"14":{"start":{"line":42,"column":4},"end":{"line":50,"column":5}},"15":{"start":{"line":43,"column":30},"end":{"line":43,"column":68}},"16":{"start":{"line":44,"column":8},"end":{"line":47,"column":10}},"17":{"start":{"line":49,"column":8},"end":{"line":49,"column":70}},"18":{"start":{"line":54,"column":23},"end":{"line":74,"column":1}},"19":{"start":{"line":56,"column":16},"end":{"line":56,"column":64}},"20":{"start":{"line":58,"column":15},"end":{"line":58,"column":41}},"21":{"start":{"line":59,"column":2},"end":{"line":73,"column":3}},"22":{"start":{"line":60,"column":4},"end":{"line":60,"column":83}},"23":{"start":{"line":62,"column":4},"end":{"line":72,"column":5}},"24":{"start":{"line":63,"column":26},"end":{"line":63,"column":67}},"25":{"start":{"line":64,"column":8},"end":{"line":68,"column":10}},"26":{"start":{"line":70,"column":8},"end":{"line":70,"column":64}},"27":{"start":{"line":76,"column":21},"end":{"line":95,"column":1}},"28":{"start":{"line":77,"column":13},"end":{"line":77,"column":26}},"29":{"start":{"line":78,"column":16},"end":{"line":78,"column":64}},"30":{"start":{"line":80,"column":15},"end":{"line":80,"column":41}},"31":{"start":{"line":81,"column":2},"end":{"line":93,"column":3}},"32":{"start":{"line":82,"column":4},"end":{"line":82,"column":83}},"33":{"start":{"line":85,"column":4},"end":{"line":92,"column":5}},"34":{"start":{"line":86,"column":28},"end":{"line":86,"column":68}},"35":{"start":{"line":87,"column":6},"end":{"line":89,"column":8}},"36":{"start":{"line":91,"column":6},"end":{"line":91,"column":68}},"37":{"start":{"line":96,"column":25},"end":{"line":113,"column":1}},"38":{"start":{"line":97,"column":16},"end":{"line":97,"column":64}},"39":{"start":{"line":99,"column":15},"end":{"line":99,"column":41}},"40":{"start":{"line":100,"column":2},"end":{"line":112,"column":3}},"41":{"start":{"line":101,"column":4},"end":{"line":101,"column":83}},"42":{"start":{"line":103,"column":4},"end":{"line":111,"column":5}},"43":{"start":{"line":104,"column":26},"end":{"line":104,"column":57}},"44":{"start":{"line":105,"column":6},"end":{"line":108,"column":8}},"45":{"start":{"line":110,"column":6},"end":{"line":110,"column":69}}},"fnMap":{"0":{"name":"(anonymous_0)","decl":{"start":{"line":8,"column":22},"end":{"line":8,"column":23}},"loc":{"start":{"line":8,"column":41},"end":{"line":31,"column":1}},"line":8},"1":{"name":"(anonymous_1)","decl":{"start":{"line":33,"column":20},"end":{"line":33,"column":21}},"loc":{"start":{"line":33,"column":36},"end":{"line":52,"column":1}},"line":33},"2":{"name":"(anonymous_2)","decl":{"start":{"line":54,"column":23},"end":{"line":54,"column":24}},"loc":{"start":{"line":54,"column":39},"end":{"line":74,"column":1}},"line":54},"3":{"name":"(anonymous_3)","decl":{"start":{"line":76,"column":21},"end":{"line":76,"column":22}},"loc":{"start":{"line":76,"column":37},"end":{"line":95,"column":1}},"line":76},"4":{"name":"(anonymous_4)","decl":{"start":{"line":96,"column":25},"end":{"line":96,"column":26}},"loc":{"start":{"line":96,"column":41},"end":{"line":113,"column":1}},"line":96}},"branchMap":{"0":{"loc":{"start":{"line":39,"column":2},"end":{"line":51,"column":3}},"type":"if","locations":[{"start":{"line":39,"column":2},"end":{"line":51,"column":3}},{"start":{"line":41,"column":7},"end":{"line":51,"column":3}}],"line":39},"1":{"loc":{"start":{"line":59,"column":2},"end":{"line":73,"column":3}},"type":"if","locations":[{"start":{"line":59,"column":2},"end":{"line":73,"column":3}},{"start":{"line":61,"column":7},"end":{"line":73,"column":3}}],"line":59},"2":{"loc":{"start":{"line":81,"column":2},"end":{"line":93,"column":3}},"type":"if","locations":[{"start":{"line":81,"column":2},"end":{"line":93,"column":3}},{"start":{"line":83,"column":7},"end":{"line":93,"column":3}}],"line":81},"3":{"loc":{"start":{"line":100,"column":2},"end":{"line":112,"column":3}},"type":"if","locations":[{"start":{"line":100,"column":2},"end":{"line":112,"column":3}},{"start":{"line":102,"column":7},"end":{"line":112,"column":3}}],"line":100}},"s":{"0":1,"1":1,"2":1,"3":0,"4":0,"5":0,"6":0,"7":0,"8":1,"9":0,"10":0,"11":0,"12":0,"13":0,"14":0,"15":0,"16":0,"17":0,"18":1,"19":0,"20":0,"21":0,"22":0,"23":0,"24":0,"25":0,"26":0,"27":1,"28":0,"29":0,"30":0,"31":0,"32":0,"33":0,"34":0,"35":0,"36":0,"37":1,"38":0,"39":0,"40":0,"41":0,"42":0,"43":0,"44":0,"45":0},"f":{"0":0,"1":0,"2":0,"3":0,"4":0},"b":{"0":[0,0],"1":[0,0],"2":[0,0],"3":[0,0]},"_coverageSchema":"1a1c01bbd47fc00a2c39e90264f33305004495a9","hash":"ae6ed6451e42d3a9de6994d83e57b24e1accb577"}
,"D:\\ATLP\\nodeproject\\src\\controllers\\project_controllers.js": {"path":"D:\\ATLP\\nodeproject\\src\\controllers\\project_controllers.js","statementMap":{"0":{"start":{"line":6,"column":0},"end":{"line":6,"column":15}},"1":{"start":{"line":8,"column":17},"end":{"line":8,"column":39}},"2":{"start":{"line":11,"column":22},"end":{"line":33,"column":1}},"3":{"start":{"line":12,"column":16},"end":{"line":12,"column":55}},"4":{"start":{"line":14,"column":15},"end":{"line":14,"column":41}},"5":{"start":{"line":15,"column":2},"end":{"line":32,"column":3}},"6":{"start":{"line":16,"column":4},"end":{"line":16,"column":83}},"7":{"start":{"line":18,"column":4},"end":{"line":31,"column":5}},"8":{"start":{"line":19,"column":22},"end":{"line":24,"column":10}},"9":{"start":{"line":25,"column":8},"end":{"line":28,"column":10}},"10":{"start":{"line":30,"column":8},"end":{"line":30,"column":64}},"11":{"start":{"line":35,"column":20},"end":{"line":47,"column":1}},"12":{"start":{"line":36,"column":22},"end":{"line":36,"column":35}},"13":{"start":{"line":38,"column":4},"end":{"line":46,"column":5}},"14":{"start":{"line":39,"column":30},"end":{"line":39,"column":69}},"15":{"start":{"line":40,"column":8},"end":{"line":43,"column":10}},"16":{"start":{"line":45,"column":8},"end":{"line":45,"column":70}},"17":{"start":{"line":49,"column":23},"end":{"line":62,"column":1}},"18":{"start":{"line":50,"column":4},"end":{"line":60,"column":7}},"19":{"start":{"line":51,"column":25},"end":{"line":51,"column":67}},"20":{"start":{"line":52,"column":8},"end":{"line":56,"column":10}},"21":{"start":{"line":58,"column":8},"end":{"line":58,"column":64}},"22":{"start":{"line":64,"column":22},"end":{"line":85,"column":1}},"23":{"start":{"line":65,"column":22},"end":{"line":65,"column":35}},"24":{"start":{"line":66,"column":18},"end":{"line":66,"column":57}},"25":{"start":{"line":68,"column":17},"end":{"line":68,"column":43}},"26":{"start":{"line":69,"column":4},"end":{"line":84,"column":3}},"27":{"start":{"line":70,"column":6},"end":{"line":70,"column":85}},"28":{"start":{"line":73,"column":6},"end":{"line":83,"column":5}},"29":{"start":{"line":74,"column":30},"end":{"line":76,"column":10}},"30":{"start":{"line":77,"column":8},"end":{"line":80,"column":10}},"31":{"start":{"line":82,"column":8},"end":{"line":82,"column":96}},"32":{"start":{"line":87,"column":21},"end":{"line":105,"column":1}},"33":{"start":{"line":88,"column":20},"end":{"line":88,"column":33}},"34":{"start":{"line":89,"column":16},"end":{"line":89,"column":55}},"35":{"start":{"line":91,"column":15},"end":{"line":91,"column":41}},"36":{"start":{"line":92,"column":2},"end":{"line":104,"column":3}},"37":{"start":{"line":93,"column":4},"end":{"line":93,"column":83}},"38":{"start":{"line":96,"column":4},"end":{"line":103,"column":5}},"39":{"start":{"line":97,"column":28},"end":{"line":97,"column":76}},"40":{"start":{"line":98,"column":6},"end":{"line":100,"column":8}},"41":{"start":{"line":102,"column":6},"end":{"line":102,"column":62}},"42":{"start":{"line":106,"column":25},"end":{"line":123,"column":1}},"43":{"start":{"line":107,"column":16},"end":{"line":107,"column":55}},"44":{"start":{"line":109,"column":15},"end":{"line":109,"column":41}},"45":{"start":{"line":110,"column":2},"end":{"line":122,"column":3}},"46":{"start":{"line":111,"column":4},"end":{"line":111,"column":83}},"47":{"start":{"line":113,"column":4},"end":{"line":121,"column":5}},"48":{"start":{"line":114,"column":25},"end":{"line":114,"column":57}},"49":{"start":{"line":115,"column":6},"end":{"line":118,"column":8}},"50":{"start":{"line":120,"column":6},"end":{"line":120,"column":69}}},"fnMap":{"0":{"name":"(anonymous_0)","decl":{"start":{"line":11,"column":22},"end":{"line":11,"column":23}},"loc":{"start":{"line":11,"column":38},"end":{"line":33,"column":1}},"line":11},"1":{"name":"(anonymous_1)","decl":{"start":{"line":35,"column":20},"end":{"line":35,"column":21}},"loc":{"start":{"line":35,"column":36},"end":{"line":47,"column":1}},"line":35},"2":{"name":"(anonymous_2)","decl":{"start":{"line":49,"column":23},"end":{"line":49,"column":24}},"loc":{"start":{"line":49,"column":39},"end":{"line":62,"column":1}},"line":49},"3":{"name":"(anonymous_3)","decl":{"start":{"line":64,"column":22},"end":{"line":64,"column":23}},"loc":{"start":{"line":64,"column":38},"end":{"line":85,"column":1}},"line":64},"4":{"name":"(anonymous_4)","decl":{"start":{"line":87,"column":21},"end":{"line":87,"column":22}},"loc":{"start":{"line":87,"column":37},"end":{"line":105,"column":1}},"line":87},"5":{"name":"(anonymous_5)","decl":{"start":{"line":106,"column":25},"end":{"line":106,"column":26}},"loc":{"start":{"line":106,"column":41},"end":{"line":123,"column":1}},"line":106}},"branchMap":{"0":{"loc":{"start":{"line":15,"column":2},"end":{"line":32,"column":3}},"type":"if","locations":[{"start":{"line":15,"column":2},"end":{"line":32,"column":3}},{"start":{"line":17,"column":7},"end":{"line":32,"column":3}}],"line":15},"1":{"loc":{"start":{"line":69,"column":4},"end":{"line":84,"column":3}},"type":"if","locations":[{"start":{"line":69,"column":4},"end":{"line":84,"column":3}},{"start":{"line":71,"column":9},"end":{"line":84,"column":3}}],"line":69},"2":{"loc":{"start":{"line":92,"column":2},"end":{"line":104,"column":3}},"type":"if","locations":[{"start":{"line":92,"column":2},"end":{"line":104,"column":3}},{"start":{"line":94,"column":7},"end":{"line":104,"column":3}}],"line":92},"3":{"loc":{"start":{"line":110,"column":2},"end":{"line":122,"column":3}},"type":"if","locations":[{"start":{"line":110,"column":2},"end":{"line":122,"column":3}},{"start":{"line":112,"column":7},"end":{"line":122,"column":3}}],"line":110}},"s":{"0":1,"1":1,"2":1,"3":0,"4":0,"5":0,"6":0,"7":0,"8":0,"9":0,"10":0,"11":1,"12":0,"13":0,"14":0,"15":0,"16":0,"17":1,"18":0,"19":0,"20":0,"21":0,"22":1,"23":0,"24":0,"25":0,"26":0,"27":0,"28":0,"29":0,"30":0,"31":0,"32":1,"33":0,"34":0,"35":0,"36":0,"37":0,"38":0,"39":0,"40":0,"41":0,"42":1,"43":0,"44":0,"45":0,"46":0,"47":0,"48":0,"49":0,"50":0},"f":{"0":0,"1":0,"2":0,"3":0,"4":0,"5":0},"b":{"0":[0,0],"1":[0,0],"2":[0,0],"3":[0,0]},"_coverageSchema":"1a1c01bbd47fc00a2c39e90264f33305004495a9","hash":"8e8dc791ac0e11b69b90865d7b3f2dd09c88da8f"}
,"D:\\ATLP\\nodeproject\\src\\controllers\\skill_controllers.js": {"path":"D:\\ATLP\\nodeproject\\src\\controllers\\skill_controllers.js","statementMap":{"0":{"start":{"line":6,"column":0},"end":{"line":6,"column":15}},"1":{"start":{"line":8,"column":17},"end":{"line":8,"column":39}},"2":{"start":{"line":11,"column":20},"end":{"line":33,"column":1}},"3":{"start":{"line":12,"column":18},"end":{"line":12,"column":31}},"4":{"start":{"line":13,"column":16},"end":{"line":13,"column":55}},"5":{"start":{"line":15,"column":15},"end":{"line":15,"column":41}},"6":{"start":{"line":16,"column":2},"end":{"line":32,"column":3}},"7":{"start":{"line":17,"column":4},"end":{"line":17,"column":83}},"8":{"start":{"line":19,"column":4},"end":{"line":31,"column":5}},"9":{"start":{"line":20,"column":20},"end":{"line":24,"column":8}},"10":{"start":{"line":25,"column":6},"end":{"line":28,"column":8}},"11":{"start":{"line":30,"column":6},"end":{"line":30,"column":60}},"12":{"start":{"line":35,"column":18},"end":{"line":47,"column":1}},"13":{"start":{"line":36,"column":20},"end":{"line":36,"column":33}},"14":{"start":{"line":38,"column":4},"end":{"line":46,"column":5}},"15":{"start":{"line":39,"column":28},"end":{"line":39,"column":63}},"16":{"start":{"line":40,"column":8},"end":{"line":43,"column":10}},"17":{"start":{"line":45,"column":8},"end":{"line":45,"column":66}},"18":{"start":{"line":49,"column":21},"end":{"line":62,"column":1}},"19":{"start":{"line":50,"column":4},"end":{"line":60,"column":7}},"20":{"start":{"line":51,"column":23},"end":{"line":51,"column":63}},"21":{"start":{"line":52,"column":8},"end":{"line":56,"column":10}},"22":{"start":{"line":58,"column":8},"end":{"line":58,"column":62}},"23":{"start":{"line":64,"column":20},"end":{"line":85,"column":1}},"24":{"start":{"line":65,"column":18},"end":{"line":65,"column":31}},"25":{"start":{"line":66,"column":16},"end":{"line":66,"column":55}},"26":{"start":{"line":68,"column":15},"end":{"line":68,"column":41}},"27":{"start":{"line":69,"column":2},"end":{"line":84,"column":3}},"28":{"start":{"line":70,"column":4},"end":{"line":70,"column":83}},"29":{"start":{"line":73,"column":4},"end":{"line":83,"column":5}},"30":{"start":{"line":74,"column":26},"end":{"line":76,"column":8}},"31":{"start":{"line":77,"column":6},"end":{"line":80,"column":8}},"32":{"start":{"line":82,"column":6},"end":{"line":82,"column":88}},"33":{"start":{"line":87,"column":19},"end":{"line":104,"column":1}},"34":{"start":{"line":88,"column":18},"end":{"line":88,"column":31}},"35":{"start":{"line":89,"column":16},"end":{"line":89,"column":55}},"36":{"start":{"line":91,"column":15},"end":{"line":91,"column":41}},"37":{"start":{"line":92,"column":2},"end":{"line":103,"column":3}},"38":{"start":{"line":93,"column":4},"end":{"line":93,"column":83}},"39":{"start":{"line":95,"column":4},"end":{"line":102,"column":5}},"40":{"start":{"line":96,"column":26},"end":{"line":96,"column":70}},"41":{"start":{"line":97,"column":6},"end":{"line":99,"column":8}},"42":{"start":{"line":101,"column":6},"end":{"line":101,"column":60}},"43":{"start":{"line":105,"column":23},"end":{"line":121,"column":1}},"44":{"start":{"line":106,"column":16},"end":{"line":106,"column":55}},"45":{"start":{"line":107,"column":15},"end":{"line":107,"column":41}},"46":{"start":{"line":108,"column":2},"end":{"line":120,"column":3}},"47":{"start":{"line":109,"column":4},"end":{"line":109,"column":83}},"48":{"start":{"line":111,"column":4},"end":{"line":119,"column":5}},"49":{"start":{"line":112,"column":23},"end":{"line":112,"column":53}},"50":{"start":{"line":113,"column":6},"end":{"line":116,"column":8}},"51":{"start":{"line":118,"column":6},"end":{"line":118,"column":67}}},"fnMap":{"0":{"name":"(anonymous_0)","decl":{"start":{"line":11,"column":20},"end":{"line":11,"column":21}},"loc":{"start":{"line":11,"column":36},"end":{"line":33,"column":1}},"line":11},"1":{"name":"(anonymous_1)","decl":{"start":{"line":35,"column":18},"end":{"line":35,"column":19}},"loc":{"start":{"line":35,"column":34},"end":{"line":47,"column":1}},"line":35},"2":{"name":"(anonymous_2)","decl":{"start":{"line":49,"column":21},"end":{"line":49,"column":22}},"loc":{"start":{"line":49,"column":37},"end":{"line":62,"column":1}},"line":49},"3":{"name":"(anonymous_3)","decl":{"start":{"line":64,"column":20},"end":{"line":64,"column":21}},"loc":{"start":{"line":64,"column":36},"end":{"line":85,"column":1}},"line":64},"4":{"name":"(anonymous_4)","decl":{"start":{"line":87,"column":19},"end":{"line":87,"column":20}},"loc":{"start":{"line":87,"column":35},"end":{"line":104,"column":1}},"line":87},"5":{"name":"(anonymous_5)","decl":{"start":{"line":105,"column":23},"end":{"line":105,"column":24}},"loc":{"start":{"line":105,"column":39},"end":{"line":121,"column":1}},"line":105}},"branchMap":{"0":{"loc":{"start":{"line":16,"column":2},"end":{"line":32,"column":3}},"type":"if","locations":[{"start":{"line":16,"column":2},"end":{"line":32,"column":3}},{"start":{"line":18,"column":7},"end":{"line":32,"column":3}}],"line":16},"1":{"loc":{"start":{"line":69,"column":2},"end":{"line":84,"column":3}},"type":"if","locations":[{"start":{"line":69,"column":2},"end":{"line":84,"column":3}},{"start":{"line":71,"column":7},"end":{"line":84,"column":3}}],"line":69},"2":{"loc":{"start":{"line":92,"column":2},"end":{"line":103,"column":3}},"type":"if","locations":[{"start":{"line":92,"column":2},"end":{"line":103,"column":3}},{"start":{"line":94,"column":7},"end":{"line":103,"column":3}}],"line":92},"3":{"loc":{"start":{"line":108,"column":2},"end":{"line":120,"column":3}},"type":"if","locations":[{"start":{"line":108,"column":2},"end":{"line":120,"column":3}},{"start":{"line":110,"column":7},"end":{"line":120,"column":3}}],"line":108}},"s":{"0":1,"1":1,"2":1,"3":0,"4":0,"5":0,"6":0,"7":0,"8":0,"9":0,"10":0,"11":0,"12":1,"13":0,"14":0,"15":0,"16":0,"17":0,"18":1,"19":0,"20":0,"21":0,"22":0,"23":1,"24":0,"25":0,"26":0,"27":0,"28":0,"29":0,"30":0,"31":0,"32":0,"33":1,"34":0,"35":0,"36":0,"37":0,"38":0,"39":0,"40":0,"41":0,"42":0,"43":1,"44":0,"45":0,"46":0,"47":0,"48":0,"49":0,"50":0,"51":0},"f":{"0":0,"1":0,"2":0,"3":0,"4":0,"5":0},"b":{"0":[0,0],"1":[0,0],"2":[0,0],"3":[0,0]},"_coverageSchema":"1a1c01bbd47fc00a2c39e90264f33305004495a9","hash":"c5192af7eb3131126d7021df5fe998ba10df27d5"}
,"D:\\ATLP\\nodeproject\\src\\controllers\\subscriptions_controllers.js": {"path":"D:\\ATLP\\nodeproject\\src\\controllers\\subscriptions_controllers.js","statementMap":{"0":{"start":{"line":6,"column":0},"end":{"line":6,"column":15}},"1":{"start":{"line":8,"column":17},"end":{"line":8,"column":39}},"2":{"start":{"line":10,"column":27},"end":{"line":30,"column":1}},"3":{"start":{"line":11,"column":4},"end":{"line":26,"column":5}},"4":{"start":{"line":12,"column":32},"end":{"line":17,"column":8}},"5":{"start":{"line":18,"column":6},"end":{"line":21,"column":6}},"6":{"start":{"line":24,"column":8},"end":{"line":24,"column":67}},"7":{"start":{"line":25,"column":8},"end":{"line":25,"column":26}},"8":{"start":{"line":32,"column":25},"end":{"line":44,"column":1}},"9":{"start":{"line":33,"column":27},"end":{"line":33,"column":40}},"10":{"start":{"line":35,"column":4},"end":{"line":43,"column":5}},"11":{"start":{"line":36,"column":35},"end":{"line":36,"column":83}},"12":{"start":{"line":37,"column":8},"end":{"line":40,"column":10}},"13":{"start":{"line":42,"column":8},"end":{"line":42,"column":80}},"14":{"start":{"line":46,"column":28},"end":{"line":64,"column":1}},"15":{"start":{"line":47,"column":16},"end":{"line":47,"column":55}},"16":{"start":{"line":48,"column":15},"end":{"line":48,"column":41}},"17":{"start":{"line":49,"column":2},"end":{"line":63,"column":3}},"18":{"start":{"line":50,"column":4},"end":{"line":50,"column":83}},"19":{"start":{"line":52,"column":4},"end":{"line":62,"column":5}},"20":{"start":{"line":53,"column":28},"end":{"line":53,"column":74}},"21":{"start":{"line":54,"column":6},"end":{"line":58,"column":8}},"22":{"start":{"line":60,"column":6},"end":{"line":60,"column":67}},"23":{"start":{"line":68,"column":27},"end":{"line":80,"column":1}},"24":{"start":{"line":69,"column":13},"end":{"line":69,"column":26}},"25":{"start":{"line":70,"column":2},"end":{"line":77,"column":3}},"26":{"start":{"line":71,"column":22},"end":{"line":71,"column":67}},"27":{"start":{"line":72,"column":4},"end":{"line":74,"column":6}},"28":{"start":{"line":76,"column":4},"end":{"line":76,"column":60}},"29":{"start":{"line":82,"column":30},"end":{"line":98,"column":1}},"30":{"start":{"line":83,"column":16},"end":{"line":83,"column":55}},"31":{"start":{"line":84,"column":15},"end":{"line":84,"column":41}},"32":{"start":{"line":85,"column":2},"end":{"line":97,"column":3}},"33":{"start":{"line":86,"column":4},"end":{"line":86,"column":83}},"34":{"start":{"line":88,"column":4},"end":{"line":96,"column":5}},"35":{"start":{"line":89,"column":31},"end":{"line":89,"column":67}},"36":{"start":{"line":90,"column":6},"end":{"line":93,"column":8}},"37":{"start":{"line":95,"column":6},"end":{"line":95,"column":72}}},"fnMap":{"0":{"name":"(anonymous_0)","decl":{"start":{"line":10,"column":27},"end":{"line":10,"column":28}},"loc":{"start":{"line":10,"column":46},"end":{"line":30,"column":1}},"line":10},"1":{"name":"(anonymous_1)","decl":{"start":{"line":32,"column":25},"end":{"line":32,"column":26}},"loc":{"start":{"line":32,"column":41},"end":{"line":44,"column":1}},"line":32},"2":{"name":"(anonymous_2)","decl":{"start":{"line":46,"column":28},"end":{"line":46,"column":29}},"loc":{"start":{"line":46,"column":44},"end":{"line":64,"column":1}},"line":46},"3":{"name":"(anonymous_3)","decl":{"start":{"line":68,"column":27},"end":{"line":68,"column":28}},"loc":{"start":{"line":68,"column":43},"end":{"line":80,"column":1}},"line":68},"4":{"name":"(anonymous_4)","decl":{"start":{"line":82,"column":30},"end":{"line":82,"column":31}},"loc":{"start":{"line":82,"column":46},"end":{"line":98,"column":1}},"line":82}},"branchMap":{"0":{"loc":{"start":{"line":49,"column":2},"end":{"line":63,"column":3}},"type":"if","locations":[{"start":{"line":49,"column":2},"end":{"line":63,"column":3}},{"start":{"line":51,"column":7},"end":{"line":63,"column":3}}],"line":49},"1":{"loc":{"start":{"line":85,"column":2},"end":{"line":97,"column":3}},"type":"if","locations":[{"start":{"line":85,"column":2},"end":{"line":97,"column":3}},{"start":{"line":87,"column":7},"end":{"line":97,"column":3}}],"line":85}},"s":{"0":1,"1":1,"2":1,"3":0,"4":0,"5":0,"6":0,"7":0,"8":1,"9":0,"10":0,"11":0,"12":0,"13":0,"14":1,"15":0,"16":0,"17":0,"18":0,"19":0,"20":0,"21":0,"22":0,"23":1,"24":0,"25":0,"26":0,"27":0,"28":0,"29":1,"30":0,"31":0,"32":0,"33":0,"34":0,"35":0,"36":0,"37":0},"f":{"0":0,"1":0,"2":0,"3":0,"4":0},"b":{"0":[0,0],"1":[0,0]},"_coverageSchema":"1a1c01bbd47fc00a2c39e90264f33305004495a9","hash":"8818742b91ef7264df82a51de55d43c1e6dda6dd"}
,"D:\\ATLP\\nodeproject\\src\\controllers\\user_controllers.js": {"path":"D:\\ATLP\\nodeproject\\src\\controllers\\user_controllers.js","statementMap":{"0":{"start":{"line":7,"column":0},"end":{"line":7,"column":15}},"1":{"start":{"line":9,"column":17},"end":{"line":9,"column":39}},"2":{"start":{"line":11,"column":18},"end":{"line":43,"column":1}},"3":{"start":{"line":13,"column":15},"end":{"line":13,"column":23}},"4":{"start":{"line":14,"column":2},"end":{"line":41,"column":4}},"5":{"start":{"line":15,"column":4},"end":{"line":40,"column":3}},"6":{"start":{"line":16,"column":6},"end":{"line":16,"column":45}},"7":{"start":{"line":18,"column":6},"end":{"line":18,"column":26}},"8":{"start":{"line":19,"column":6},"end":{"line":38,"column":5}},"9":{"start":{"line":20,"column":22},"end":{"line":31,"column":10}},"10":{"start":{"line":32,"column":8},"end":{"line":35,"column":10}},"11":{"start":{"line":37,"column":6},"end":{"line":37,"column":59}},"12":{"start":{"line":45,"column":14},"end":{"line":69,"column":1}},"13":{"start":{"line":48,"column":15},"end":{"line":48,"column":23}},"14":{"start":{"line":50,"column":15},"end":{"line":50,"column":85}},"15":{"start":{"line":51,"column":2},"end":{"line":53,"column":3}},"16":{"start":{"line":52,"column":4},"end":{"line":52,"column":68}},"17":{"start":{"line":54,"column":2},"end":{"line":68,"column":4}},"18":{"start":{"line":55,"column":4},"end":{"line":58,"column":5}},"19":{"start":{"line":56,"column":6},"end":{"line":56,"column":48}},"20":{"start":{"line":57,"column":6},"end":{"line":57,"column":17}},"21":{"start":{"line":59,"column":4},"end":{"line":66,"column":5}},"22":{"start":{"line":60,"column":20},"end":{"line":60,"column":71}},"23":{"start":{"line":61,"column":6},"end":{"line":61,"column":84}},"24":{"start":{"line":62,"column":6},"end":{"line":62,"column":17}},"25":{"start":{"line":64,"column":6},"end":{"line":64,"column":59}},"26":{"start":{"line":65,"column":6},"end":{"line":65,"column":18}},"27":{"start":{"line":67,"column":4},"end":{"line":67,"column":44}},"28":{"start":{"line":72,"column":19},"end":{"line":95,"column":1}},"29":{"start":{"line":73,"column":17},"end":{"line":73,"column":30}},"30":{"start":{"line":75,"column":16},"end":{"line":75,"column":64}},"31":{"start":{"line":77,"column":14},"end":{"line":77,"column":40}},"32":{"start":{"line":78,"column":2},"end":{"line":94,"column":3}},"33":{"start":{"line":79,"column":4},"end":{"line":79,"column":83}},"34":{"start":{"line":81,"column":5},"end":{"line":93,"column":5}},"35":{"start":{"line":82,"column":27},"end":{"line":82,"column":53}},"36":{"start":{"line":83,"column":8},"end":{"line":90,"column":9}},"37":{"start":{"line":84,"column":10},"end":{"line":87,"column":12}},"38":{"start":{"line":92,"column":8},"end":{"line":92,"column":64}},"39":{"start":{"line":97,"column":21},"end":{"line":118,"column":1}},"40":{"start":{"line":98,"column":16},"end":{"line":98,"column":64}},"41":{"start":{"line":100,"column":14},"end":{"line":100,"column":40}},"42":{"start":{"line":101,"column":2},"end":{"line":116,"column":3}},"43":{"start":{"line":102,"column":4},"end":{"line":102,"column":83}},"44":{"start":{"line":105,"column":4},"end":{"line":115,"column":5}},"45":{"start":{"line":106,"column":20},"end":{"line":106,"column":58}},"46":{"start":{"line":107,"column":6},"end":{"line":111,"column":8}},"47":{"start":{"line":113,"column":6},"end":{"line":113,"column":59}},"48":{"start":{"line":120,"column":19},"end":{"line":142,"column":1}},"49":{"start":{"line":121,"column":17},"end":{"line":121,"column":30}},"50":{"start":{"line":123,"column":16},"end":{"line":123,"column":64}},"51":{"start":{"line":125,"column":14},"end":{"line":125,"column":40}},"52":{"start":{"line":126,"column":2},"end":{"line":141,"column":3}},"53":{"start":{"line":127,"column":4},"end":{"line":127,"column":83}},"54":{"start":{"line":130,"column":4},"end":{"line":140,"column":5}},"55":{"start":{"line":131,"column":27},"end":{"line":133,"column":10}},"56":{"start":{"line":134,"column":8},"end":{"line":137,"column":10}},"57":{"start":{"line":139,"column":6},"end":{"line":139,"column":85}},"58":{"start":{"line":144,"column":18},"end":{"line":162,"column":1}},"59":{"start":{"line":146,"column":17},"end":{"line":146,"column":30}},"60":{"start":{"line":147,"column":16},"end":{"line":147,"column":55}},"61":{"start":{"line":149,"column":15},"end":{"line":149,"column":41}},"62":{"start":{"line":150,"column":2},"end":{"line":161,"column":3}},"63":{"start":{"line":151,"column":4},"end":{"line":151,"column":83}},"64":{"start":{"line":153,"column":4},"end":{"line":160,"column":5}},"65":{"start":{"line":154,"column":25},"end":{"line":154,"column":66}},"66":{"start":{"line":155,"column":6},"end":{"line":157,"column":8}},"67":{"start":{"line":159,"column":6},"end":{"line":159,"column":65}},"68":{"start":{"line":163,"column":22},"end":{"line":181,"column":1}},"69":{"start":{"line":164,"column":16},"end":{"line":164,"column":55}},"70":{"start":{"line":167,"column":15},"end":{"line":167,"column":41}},"71":{"start":{"line":168,"column":2},"end":{"line":180,"column":1}},"72":{"start":{"line":169,"column":4},"end":{"line":169,"column":83}},"73":{"start":{"line":171,"column":2},"end":{"line":179,"column":3}},"74":{"start":{"line":172,"column":20},"end":{"line":172,"column":48}},"75":{"start":{"line":173,"column":4},"end":{"line":176,"column":6}},"76":{"start":{"line":178,"column":4},"end":{"line":178,"column":64}}},"fnMap":{"0":{"name":"(anonymous_0)","decl":{"start":{"line":11,"column":18},"end":{"line":11,"column":19}},"loc":{"start":{"line":11,"column":29},"end":{"line":43,"column":1}},"line":11},"1":{"name":"(anonymous_1)","decl":{"start":{"line":14,"column":31},"end":{"line":14,"column":32}},"loc":{"start":{"line":14,"column":49},"end":{"line":41,"column":3}},"line":14},"2":{"name":"(anonymous_2)","decl":{"start":{"line":45,"column":14},"end":{"line":45,"column":15}},"loc":{"start":{"line":45,"column":30},"end":{"line":69,"column":1}},"line":45},"3":{"name":"(anonymous_3)","decl":{"start":{"line":54,"column":46},"end":{"line":54,"column":47}},"loc":{"start":{"line":54,"column":62},"end":{"line":68,"column":3}},"line":54},"4":{"name":"(anonymous_4)","decl":{"start":{"line":72,"column":19},"end":{"line":72,"column":20}},"loc":{"start":{"line":72,"column":35},"end":{"line":95,"column":1}},"line":72},"5":{"name":"(anonymous_5)","decl":{"start":{"line":97,"column":21},"end":{"line":97,"column":22}},"loc":{"start":{"line":97,"column":37},"end":{"line":118,"column":1}},"line":97},"6":{"name":"(anonymous_6)","decl":{"start":{"line":120,"column":19},"end":{"line":120,"column":20}},"loc":{"start":{"line":120,"column":35},"end":{"line":142,"column":1}},"line":120},"7":{"name":"(anonymous_7)","decl":{"start":{"line":144,"column":18},"end":{"line":144,"column":19}},"loc":{"start":{"line":144,"column":34},"end":{"line":162,"column":1}},"line":144},"8":{"name":"(anonymous_8)","decl":{"start":{"line":163,"column":22},"end":{"line":163,"column":23}},"loc":{"start":{"line":163,"column":38},"end":{"line":181,"column":1}},"line":163}},"branchMap":{"0":{"loc":{"start":{"line":15,"column":4},"end":{"line":40,"column":3}},"type":"if","locations":[{"start":{"line":15,"column":4},"end":{"line":40,"column":3}},{"start":{"line":17,"column":11},"end":{"line":40,"column":3}}],"line":15},"1":{"loc":{"start":{"line":51,"column":2},"end":{"line":53,"column":3}},"type":"if","locations":[{"start":{"line":51,"column":2},"end":{"line":53,"column":3}},{"start":{},"end":{}}],"line":51},"2":{"loc":{"start":{"line":55,"column":4},"end":{"line":58,"column":5}},"type":"if","locations":[{"start":{"line":55,"column":4},"end":{"line":58,"column":5}},{"start":{},"end":{}}],"line":55},"3":{"loc":{"start":{"line":59,"column":4},"end":{"line":66,"column":5}},"type":"if","locations":[{"start":{"line":59,"column":4},"end":{"line":66,"column":5}},{"start":{"line":63,"column":11},"end":{"line":66,"column":5}}],"line":59},"4":{"loc":{"start":{"line":78,"column":2},"end":{"line":94,"column":3}},"type":"if","locations":[{"start":{"line":78,"column":2},"end":{"line":94,"column":3}},{"start":{"line":80,"column":7},"end":{"line":94,"column":3}}],"line":78},"5":{"loc":{"start":{"line":83,"column":8},"end":{"line":90,"column":9}},"type":"if","locations":[{"start":{"line":83,"column":8},"end":{"line":90,"column":9}},{"start":{"line":88,"column":13},"end":{"line":90,"column":9}}],"line":83},"6":{"loc":{"start":{"line":101,"column":2},"end":{"line":116,"column":3}},"type":"if","locations":[{"start":{"line":101,"column":2},"end":{"line":116,"column":3}},{"start":{"line":103,"column":7},"end":{"line":116,"column":3}}],"line":101},"7":{"loc":{"start":{"line":126,"column":2},"end":{"line":141,"column":3}},"type":"if","locations":[{"start":{"line":126,"column":2},"end":{"line":141,"column":3}},{"start":{"line":128,"column":7},"end":{"line":141,"column":3}}],"line":126},"8":{"loc":{"start":{"line":150,"column":2},"end":{"line":161,"column":3}},"type":"if","locations":[{"start":{"line":150,"column":2},"end":{"line":161,"column":3}},{"start":{"line":152,"column":7},"end":{"line":161,"column":3}}],"line":150},"9":{"loc":{"start":{"line":168,"column":2},"end":{"line":180,"column":1}},"type":"if","locations":[{"start":{"line":168,"column":2},"end":{"line":180,"column":1}},{"start":{"line":170,"column":7},"end":{"line":180,"column":1}}],"line":168}},"s":{"0":1,"1":1,"2":1,"3":0,"4":0,"5":0,"6":0,"7":0,"8":0,"9":0,"10":0,"11":0,"12":1,"13":0,"14":0,"15":0,"16":0,"17":0,"18":0,"19":0,"20":0,"21":0,"22":0,"23":0,"24":0,"25":0,"26":0,"27":0,"28":1,"29":0,"30":0,"31":0,"32":0,"33":0,"34":0,"35":0,"36":0,"37":0,"38":0,"39":1,"40":0,"41":0,"42":0,"43":0,"44":0,"45":0,"46":0,"47":0,"48":1,"49":0,"50":0,"51":0,"52":0,"53":0,"54":0,"55":0,"56":0,"57":0,"58":1,"59":0,"60":0,"61":0,"62":0,"63":0,"64":0,"65":0,"66":0,"67":0,"68":1,"69":0,"70":0,"71":0,"72":0,"73":0,"74":0,"75":0,"76":0},"f":{"0":0,"1":0,"2":0,"3":0,"4":0,"5":0,"6":0,"7":0,"8":0},"b":{"0":[0,0],"1":[0,0],"2":[0,0],"3":[0,0],"4":[0,0],"5":[0,0],"6":[0,0],"7":[0,0],"8":[0,0],"9":[0,0]},"_coverageSchema":"1a1c01bbd47fc00a2c39e90264f33305004495a9","hash":"cc312fd236d8f035f54da6eeaf1e2a6c986fe5e9"}
,"D:\\ATLP\\nodeproject\\src\\middleware\\auth.js": {"path":"D:\\ATLP\\nodeproject\\src\\middleware\\auth.js","statementMap":{"0":{"start":{"line":2,"column":25},"end":{"line":2,"column":53}},"1":{"start":{"line":4,"column":4},"end":{"line":16,"column":5}},"2":{"start":{"line":5,"column":21},"end":{"line":5,"column":43}},"3":{"start":{"line":7,"column":26},"end":{"line":7,"column":35}},"4":{"start":{"line":9,"column":6},"end":{"line":9,"column":30}},"5":{"start":{"line":11,"column":6},"end":{"line":11,"column":13}},"6":{"start":{"line":15,"column":6},"end":{"line":15,"column":59}}},"fnMap":{"0":{"name":"verifyToken","decl":{"start":{"line":1,"column":9},"end":{"line":1,"column":20}},"loc":{"start":{"line":1,"column":34},"end":{"line":17,"column":3}},"line":1}},"branchMap":{"0":{"loc":{"start":{"line":4,"column":4},"end":{"line":16,"column":5}},"type":"if","locations":[{"start":{"line":4,"column":4},"end":{"line":16,"column":5}},{"start":{"line":13,"column":9},"end":{"line":16,"column":5}}],"line":4}},"s":{"0":0,"1":0,"2":0,"3":0,"4":0,"5":0,"6":0},"f":{"0":0},"b":{"0":[0,0]},"_coverageSchema":"1a1c01bbd47fc00a2c39e90264f33305004495a9","hash":"124f94c1ab029acd46b2ba625fef292454084391"}
,"D:\\ATLP\\nodeproject\\src\\middleware\\blog_middleware.js": {"path":"D:\\ATLP\\nodeproject\\src\\middleware\\blog_middleware.js","statementMap":{"0":{"start":{"line":4,"column":22},"end":{"line":11,"column":1}},"1":{"start":{"line":5,"column":4},"end":{"line":5,"column":73}},"2":{"start":{"line":5,"column":24},"end":{"line":5,"column":73}},"3":{"start":{"line":6,"column":4},"end":{"line":6,"column":71}},"4":{"start":{"line":6,"column":23},"end":{"line":6,"column":71}},"5":{"start":{"line":7,"column":17},"end":{"line":7,"column":31}},"6":{"start":{"line":8,"column":17},"end":{"line":8,"column":55}},"7":{"start":{"line":9,"column":4},"end":{"line":9,"column":68}},"8":{"start":{"line":9,"column":13},"end":{"line":9,"column":68}},"9":{"start":{"line":10,"column":4},"end":{"line":10,"column":10}}},"fnMap":{"0":{"name":"(anonymous_0)","decl":{"start":{"line":4,"column":22},"end":{"line":4,"column":23}},"loc":{"start":{"line":4,"column":43},"end":{"line":11,"column":1}},"line":4}},"branchMap":{"0":{"loc":{"start":{"line":5,"column":4},"end":{"line":5,"column":73}},"type":"if","locations":[{"start":{"line":5,"column":4},"end":{"line":5,"column":73}},{"start":{},"end":{}}],"line":5},"1":{"loc":{"start":{"line":6,"column":4},"end":{"line":6,"column":71}},"type":"if","locations":[{"start":{"line":6,"column":4},"end":{"line":6,"column":71}},{"start":{},"end":{}}],"line":6},"2":{"loc":{"start":{"line":9,"column":4},"end":{"line":9,"column":68}},"type":"if","locations":[{"start":{"line":9,"column":4},"end":{"line":9,"column":68}},{"start":{},"end":{}}],"line":9}},"s":{"0":1,"1":0,"2":0,"3":0,"4":0,"5":0,"6":0,"7":0,"8":0,"9":0},"f":{"0":0},"b":{"0":[0,0],"1":[0,0],"2":[0,0]},"_coverageSchema":"1a1c01bbd47fc00a2c39e90264f33305004495a9","hash":"c74373dfc167f4d7b471531164b134c3c43d0971"}
,"D:\\ATLP\\nodeproject\\src\\middleware\\comments_middleware.js": {"path":"D:\\ATLP\\nodeproject\\src\\middleware\\comments_middleware.js","statementMap":{"0":{"start":{"line":4,"column":25},"end":{"line":10,"column":1}},"1":{"start":{"line":5,"column":4},"end":{"line":5,"column":77}},"2":{"start":{"line":5,"column":26},"end":{"line":5,"column":77}},"3":{"start":{"line":6,"column":17},"end":{"line":6,"column":25}},"4":{"start":{"line":7,"column":20},"end":{"line":7,"column":70}},"5":{"start":{"line":8,"column":4},"end":{"line":8,"column":73}},"6":{"start":{"line":8,"column":16},"end":{"line":8,"column":73}},"7":{"start":{"line":9,"column":4},"end":{"line":9,"column":10}}},"fnMap":{"0":{"name":"(anonymous_0)","decl":{"start":{"line":4,"column":25},"end":{"line":4,"column":26}},"loc":{"start":{"line":4,"column":46},"end":{"line":10,"column":1}},"line":4}},"branchMap":{"0":{"loc":{"start":{"line":5,"column":4},"end":{"line":5,"column":77}},"type":"if","locations":[{"start":{"line":5,"column":4},"end":{"line":5,"column":77}},{"start":{},"end":{}}],"line":5},"1":{"loc":{"start":{"line":8,"column":4},"end":{"line":8,"column":73}},"type":"if","locations":[{"start":{"line":8,"column":4},"end":{"line":8,"column":73}},{"start":{},"end":{}}],"line":8}},"s":{"0":1,"1":0,"2":0,"3":0,"4":0,"5":0,"6":0,"7":0},"f":{"0":0},"b":{"0":[0,0],"1":[0,0]},"_coverageSchema":"1a1c01bbd47fc00a2c39e90264f33305004495a9","hash":"9a9aa4b463f1d52ec6a5d2c609d4f190cbd5dc03"}
,"D:\\ATLP\\nodeproject\\src\\middleware\\messages_middleware.js": {"path":"D:\\ATLP\\nodeproject\\src\\middleware\\messages_middleware.js","statementMap":{"0":{"start":{"line":1,"column":25},"end":{"line":8,"column":1}},"1":{"start":{"line":2,"column":4},"end":{"line":2,"column":81}},"2":{"start":{"line":2,"column":28},"end":{"line":2,"column":81}},"3":{"start":{"line":3,"column":4},"end":{"line":3,"column":79}},"4":{"start":{"line":3,"column":27},"end":{"line":3,"column":79}},"5":{"start":{"line":4,"column":4},"end":{"line":4,"column":77}},"6":{"start":{"line":4,"column":26},"end":{"line":4,"column":77}},"7":{"start":{"line":5,"column":4},"end":{"line":5,"column":73}},"8":{"start":{"line":5,"column":24},"end":{"line":5,"column":73}},"9":{"start":{"line":6,"column":4},"end":{"line":6,"column":79}},"10":{"start":{"line":6,"column":39},"end":{"line":6,"column":79}},"11":{"start":{"line":7,"column":4},"end":{"line":7,"column":10}}},"fnMap":{"0":{"name":"(anonymous_0)","decl":{"start":{"line":1,"column":25},"end":{"line":1,"column":26}},"loc":{"start":{"line":1,"column":41},"end":{"line":8,"column":1}},"line":1}},"branchMap":{"0":{"loc":{"start":{"line":2,"column":4},"end":{"line":2,"column":81}},"type":"if","locations":[{"start":{"line":2,"column":4},"end":{"line":2,"column":81}},{"start":{},"end":{}}],"line":2},"1":{"loc":{"start":{"line":3,"column":4},"end":{"line":3,"column":79}},"type":"if","locations":[{"start":{"line":3,"column":4},"end":{"line":3,"column":79}},{"start":{},"end":{}}],"line":3},"2":{"loc":{"start":{"line":4,"column":4},"end":{"line":4,"column":77}},"type":"if","locations":[{"start":{"line":4,"column":4},"end":{"line":4,"column":77}},{"start":{},"end":{}}],"line":4},"3":{"loc":{"start":{"line":5,"column":4},"end":{"line":5,"column":73}},"type":"if","locations":[{"start":{"line":5,"column":4},"end":{"line":5,"column":73}},{"start":{},"end":{}}],"line":5},"4":{"loc":{"start":{"line":6,"column":4},"end":{"line":6,"column":79}},"type":"if","locations":[{"start":{"line":6,"column":4},"end":{"line":6,"column":79}},{"start":{},"end":{}}],"line":6}},"s":{"0":1,"1":5,"2":1,"3":4,"4":1,"5":3,"6":1,"7":2,"8":1,"9":1,"10":1,"11":0},"f":{"0":5},"b":{"0":[1,4],"1":[1,3],"2":[1,2],"3":[1,1],"4":[1,0]},"_coverageSchema":"1a1c01bbd47fc00a2c39e90264f33305004495a9","hash":"388be32e86c0a82a7c4f59768b5db7947f9bb28a"}
,"D:\\ATLP\\nodeproject\\src\\middleware\\signup_middleware.js": {"path":"D:\\ATLP\\nodeproject\\src\\middleware\\signup_middleware.js","statementMap":{"0":{"start":{"line":4,"column":24},"end":{"line":19,"column":1}},"1":{"start":{"line":5,"column":4},"end":{"line":5,"column":81}},"2":{"start":{"line":5,"column":28},"end":{"line":5,"column":81}},"3":{"start":{"line":6,"column":4},"end":{"line":6,"column":79}},"4":{"start":{"line":6,"column":27},"end":{"line":6,"column":79}},"5":{"start":{"line":7,"column":4},"end":{"line":7,"column":77}},"6":{"start":{"line":7,"column":26},"end":{"line":7,"column":77}},"7":{"start":{"line":8,"column":4},"end":{"line":8,"column":73}},"8":{"start":{"line":8,"column":24},"end":{"line":8,"column":73}},"9":{"start":{"line":9,"column":4},"end":{"line":9,"column":79}},"10":{"start":{"line":9,"column":39},"end":{"line":9,"column":79}},"11":{"start":{"line":10,"column":4},"end":{"line":10,"column":77}},"12":{"start":{"line":10,"column":26},"end":{"line":10,"column":77}},"13":{"start":{"line":11,"column":4},"end":{"line":11,"column":79}},"14":{"start":{"line":11,"column":27},"end":{"line":11,"column":79}},"15":{"start":{"line":12,"column":4},"end":{"line":12,"column":79}},"16":{"start":{"line":12,"column":27},"end":{"line":12,"column":79}},"17":{"start":{"line":13,"column":4},"end":{"line":13,"column":75}},"18":{"start":{"line":13,"column":25},"end":{"line":13,"column":75}},"19":{"start":{"line":14,"column":17},"end":{"line":14,"column":25}},"20":{"start":{"line":15,"column":17},"end":{"line":15,"column":61}},"21":{"start":{"line":16,"column":4},"end":{"line":16,"column":80}},"22":{"start":{"line":16,"column":13},"end":{"line":16,"column":80}},"23":{"start":{"line":18,"column":4},"end":{"line":18,"column":10}}},"fnMap":{"0":{"name":"(anonymous_0)","decl":{"start":{"line":4,"column":24},"end":{"line":4,"column":25}},"loc":{"start":{"line":4,"column":45},"end":{"line":19,"column":1}},"line":4}},"branchMap":{"0":{"loc":{"start":{"line":5,"column":4},"end":{"line":5,"column":81}},"type":"if","locations":[{"start":{"line":5,"column":4},"end":{"line":5,"column":81}},{"start":{},"end":{}}],"line":5},"1":{"loc":{"start":{"line":6,"column":4},"end":{"line":6,"column":79}},"type":"if","locations":[{"start":{"line":6,"column":4},"end":{"line":6,"column":79}},{"start":{},"end":{}}],"line":6},"2":{"loc":{"start":{"line":7,"column":4},"end":{"line":7,"column":77}},"type":"if","locations":[{"start":{"line":7,"column":4},"end":{"line":7,"column":77}},{"start":{},"end":{}}],"line":7},"3":{"loc":{"start":{"line":8,"column":4},"end":{"line":8,"column":73}},"type":"if","locations":[{"start":{"line":8,"column":4},"end":{"line":8,"column":73}},{"start":{},"end":{}}],"line":8},"4":{"loc":{"start":{"line":9,"column":4},"end":{"line":9,"column":79}},"type":"if","locations":[{"start":{"line":9,"column":4},"end":{"line":9,"column":79}},{"start":{},"end":{}}],"line":9},"5":{"loc":{"start":{"line":10,"column":4},"end":{"line":10,"column":77}},"type":"if","locations":[{"start":{"line":10,"column":4},"end":{"line":10,"column":77}},{"start":{},"end":{}}],"line":10},"6":{"loc":{"start":{"line":11,"column":4},"end":{"line":11,"column":79}},"type":"if","locations":[{"start":{"line":11,"column":4},"end":{"line":11,"column":79}},{"start":{},"end":{}}],"line":11},"7":{"loc":{"start":{"line":12,"column":4},"end":{"line":12,"column":79}},"type":"if","locations":[{"start":{"line":12,"column":4},"end":{"line":12,"column":79}},{"start":{},"end":{}}],"line":12},"8":{"loc":{"start":{"line":13,"column":4},"end":{"line":13,"column":75}},"type":"if","locations":[{"start":{"line":13,"column":4},"end":{"line":13,"column":75}},{"start":{},"end":{}}],"line":13},"9":{"loc":{"start":{"line":16,"column":4},"end":{"line":16,"column":80}},"type":"if","locations":[{"start":{"line":16,"column":4},"end":{"line":16,"column":80}},{"start":{},"end":{}}],"line":16}},"s":{"0":1,"1":10,"2":1,"3":9,"4":1,"5":8,"6":2,"7":6,"8":1,"9":5,"10":1,"11":4,"12":0,"13":4,"14":1,"15":3,"16":1,"17":2,"18":1,"19":1,"20":1,"21":1,"22":1,"23":0},"f":{"0":10},"b":{"0":[1,9],"1":[1,8],"2":[2,6],"3":[1,5],"4":[1,4],"5":[0,4],"6":[1,3],"7":[1,2],"8":[1,1],"9":[1,0]},"_coverageSchema":"1a1c01bbd47fc00a2c39e90264f33305004495a9","hash":"91c693ae85c49a4f8984917d5ad16574450e7d09"}
,"D:\\ATLP\\nodeproject\\src\\routes\\blogs_routes.js": {"path":"D:\\ATLP\\nodeproject\\src\\routes\\blogs_routes.js","statementMap":{"0":{"start":{"line":6,"column":15},"end":{"line":6,"column":31}},"1":{"start":{"line":8,"column":0},"end":{"line":8,"column":70}},"2":{"start":{"line":9,"column":0},"end":{"line":9,"column":33}},"3":{"start":{"line":10,"column":0},"end":{"line":10,"column":34}},"4":{"start":{"line":11,"column":0},"end":{"line":11,"column":60}},"5":{"start":{"line":12,"column":0},"end":{"line":12,"column":62}},"6":{"start":{"line":13,"column":0},"end":{"line":13,"column":66}}},"fnMap":{},"branchMap":{},"s":{"0":1,"1":1,"2":1,"3":1,"4":1,"5":1,"6":1},"f":{},"b":{},"_coverageSchema":"1a1c01bbd47fc00a2c39e90264f33305004495a9","hash":"992101acc7e3ffe7da56cf31e7831b5c843fde33"}
,"D:\\ATLP\\nodeproject\\src\\routes\\comments_routes.js": {"path":"D:\\ATLP\\nodeproject\\src\\routes\\comments_routes.js","statementMap":{"0":{"start":{"line":5,"column":15},"end":{"line":5,"column":31}},"1":{"start":{"line":7,"column":0},"end":{"line":7,"column":86}},"2":{"start":{"line":8,"column":0},"end":{"line":8,"column":57}},"3":{"start":{"line":9,"column":0},"end":{"line":9,"column":73}},"4":{"start":{"line":10,"column":0},"end":{"line":10,"column":76}},"5":{"start":{"line":11,"column":0},"end":{"line":11,"column":81}}},"fnMap":{},"branchMap":{},"s":{"0":1,"1":1,"2":1,"3":1,"4":1,"5":1},"f":{},"b":{},"_coverageSchema":"1a1c01bbd47fc00a2c39e90264f33305004495a9","hash":"800ec1c1f302fa347a830ee6160d7e175cbe7be0"}
,"D:\\ATLP\\nodeproject\\src\\routes\\messages_routes.js": {"path":"D:\\ATLP\\nodeproject\\src\\routes\\messages_routes.js","statementMap":{"0":{"start":{"line":6,"column":15},"end":{"line":6,"column":31}},"1":{"start":{"line":8,"column":0},"end":{"line":8,"column":71}},"2":{"start":{"line":9,"column":0},"end":{"line":9,"column":51}},"3":{"start":{"line":10,"column":0},"end":{"line":10,"column":52}},"4":{"start":{"line":11,"column":0},"end":{"line":11,"column":71}},"5":{"start":{"line":12,"column":0},"end":{"line":12,"column":76}}},"fnMap":{},"branchMap":{},"s":{"0":1,"1":1,"2":1,"3":1,"4":1,"5":1},"f":{},"b":{},"_coverageSchema":"1a1c01bbd47fc00a2c39e90264f33305004495a9","hash":"88d7f0d5c6f431da4319224f305ff2589c94f5dd"}
,"D:\\ATLP\\nodeproject\\src\\routes\\project_routes.js": {"path":"D:\\ATLP\\nodeproject\\src\\routes\\project_routes.js","statementMap":{"0":{"start":{"line":5,"column":15},"end":{"line":5,"column":31}},"1":{"start":{"line":7,"column":0},"end":{"line":7,"column":65}},"2":{"start":{"line":8,"column":0},"end":{"line":8,"column":39}},"3":{"start":{"line":9,"column":0},"end":{"line":9,"column":40}},"4":{"start":{"line":10,"column":0},"end":{"line":10,"column":68}},"5":{"start":{"line":11,"column":0},"end":{"line":11,"column":71}},"6":{"start":{"line":12,"column":0},"end":{"line":12,"column":75}}},"fnMap":{},"branchMap":{},"s":{"0":1,"1":1,"2":1,"3":1,"4":1,"5":1,"6":1},"f":{},"b":{},"_coverageSchema":"1a1c01bbd47fc00a2c39e90264f33305004495a9","hash":"628d30325067e1b467bca9b0ce1795a26b3eaa87"}
,"D:\\ATLP\\nodeproject\\src\\routes\\skills_routes.js": {"path":"D:\\ATLP\\nodeproject\\src\\routes\\skills_routes.js","statementMap":{"0":{"start":{"line":5,"column":15},"end":{"line":5,"column":31}},"1":{"start":{"line":7,"column":0},"end":{"line":7,"column":59}},"2":{"start":{"line":8,"column":0},"end":{"line":8,"column":35}},"3":{"start":{"line":9,"column":0},"end":{"line":9,"column":36}},"4":{"start":{"line":10,"column":0},"end":{"line":10,"column":62}},"5":{"start":{"line":11,"column":0},"end":{"line":11,"column":65}},"6":{"start":{"line":12,"column":0},"end":{"line":12,"column":70}}},"fnMap":{},"branchMap":{},"s":{"0":1,"1":1,"2":1,"3":1,"4":1,"5":1,"6":1},"f":{},"b":{},"_coverageSchema":"1a1c01bbd47fc00a2c39e90264f33305004495a9","hash":"95db3a5710b604678e2940e684ecf0c7f67e0599"}
,"D:\\ATLP\\nodeproject\\src\\routes\\subscription_router.js": {"path":"D:\\ATLP\\nodeproject\\src\\routes\\subscription_router.js","statementMap":{"0":{"start":{"line":5,"column":15},"end":{"line":5,"column":31}},"1":{"start":{"line":7,"column":0},"end":{"line":7,"column":68}},"2":{"start":{"line":8,"column":0},"end":{"line":8,"column":61}},"3":{"start":{"line":9,"column":0},"end":{"line":9,"column":50}},"4":{"start":{"line":10,"column":0},"end":{"line":10,"column":74}},"5":{"start":{"line":11,"column":0},"end":{"line":11,"column":90}}},"fnMap":{},"branchMap":{},"s":{"0":1,"1":1,"2":1,"3":1,"4":1,"5":1},"f":{},"b":{},"_coverageSchema":"1a1c01bbd47fc00a2c39e90264f33305004495a9","hash":"9bbf6221603c4afbbb53d1d3e56e9cd7d31d8827"}
,"D:\\ATLP\\nodeproject\\src\\routes\\user_routes.js": {"path":"D:\\ATLP\\nodeproject\\src\\routes\\user_routes.js","statementMap":{"0":{"start":{"line":6,"column":15},"end":{"line":6,"column":31}},"1":{"start":{"line":9,"column":0},"end":{"line":9,"column":45}},"2":{"start":{"line":11,"column":0},"end":{"line":11,"column":58}},"3":{"start":{"line":13,"column":0},"end":{"line":13,"column":49}},"4":{"start":{"line":14,"column":0},"end":{"line":14,"column":55}},"5":{"start":{"line":16,"column":0},"end":{"line":16,"column":58}},"6":{"start":{"line":17,"column":0},"end":{"line":17,"column":67}},"7":{"start":{"line":18,"column":0},"end":{"line":18,"column":27}}},"fnMap":{},"branchMap":{},"s":{"0":1,"1":1,"2":1,"3":1,"4":1,"5":1,"6":1,"7":1},"f":{},"b":{},"_coverageSchema":"1a1c01bbd47fc00a2c39e90264f33305004495a9","hash":"a823639088b0020070917a2e20f3d81b50c57318"}
,"D:\\ATLP\\nodeproject\\src\\schemas\\CommentSchema.js": {"path":"D:\\ATLP\\nodeproject\\src\\schemas\\CommentSchema.js","statementMap":{"0":{"start":{"line":3,"column":17},"end":{"line":3,"column":25}},"1":{"start":{"line":5,"column":22},"end":{"line":12,"column":2}},"2":{"start":{"line":14,"column":16},"end":{"line":14,"column":64}}},"fnMap":{},"branchMap":{},"s":{"0":1,"1":1,"2":1},"f":{},"b":{},"_coverageSchema":"1a1c01bbd47fc00a2c39e90264f33305004495a9","hash":"f95cbdafbd93a6f4889a766b7c566a0c326d6a2b"}
,"D:\\ATLP\\nodeproject\\src\\schemas\\blogsSchema.js": {"path":"D:\\ATLP\\nodeproject\\src\\schemas\\blogsSchema.js","statementMap":{"0":{"start":{"line":3,"column":17},"end":{"line":3,"column":25}},"1":{"start":{"line":5,"column":20},"end":{"line":14,"column":2}},"2":{"start":{"line":16,"column":14},"end":{"line":16,"column":58}}},"fnMap":{},"branchMap":{},"s":{"0":1,"1":1,"2":1},"f":{},"b":{},"_coverageSchema":"1a1c01bbd47fc00a2c39e90264f33305004495a9","hash":"3c823dcc79921bb1ebff13e7f7229d70a928425e"}
,"D:\\ATLP\\nodeproject\\src\\schemas\\messageSchema.js": {"path":"D:\\ATLP\\nodeproject\\src\\schemas\\messageSchema.js","statementMap":{"0":{"start":{"line":3,"column":17},"end":{"line":3,"column":25}},"1":{"start":{"line":5,"column":22},"end":{"line":11,"column":2}},"2":{"start":{"line":13,"column":17},"end":{"line":13,"column":66}}},"fnMap":{},"branchMap":{},"s":{"0":1,"1":1,"2":1},"f":{},"b":{},"_coverageSchema":"1a1c01bbd47fc00a2c39e90264f33305004495a9","hash":"67e0db79278334b9030d0d8124b49755f0f60132"}
,"D:\\ATLP\\nodeproject\\src\\schemas\\projectSchema.js": {"path":"D:\\ATLP\\nodeproject\\src\\schemas\\projectSchema.js","statementMap":{"0":{"start":{"line":3,"column":17},"end":{"line":3,"column":25}},"1":{"start":{"line":5,"column":22},"end":{"line":11,"column":2}},"2":{"start":{"line":13,"column":16},"end":{"line":13,"column":64}}},"fnMap":{},"branchMap":{},"s":{"0":1,"1":1,"2":1},"f":{},"b":{},"_coverageSchema":"1a1c01bbd47fc00a2c39e90264f33305004495a9","hash":"6aa26651336b0a9aa14156c596e3a123ae3fcba0"}
,"D:\\ATLP\\nodeproject\\src\\schemas\\skillSchema.js": {"path":"D:\\ATLP\\nodeproject\\src\\schemas\\skillSchema.js","statementMap":{"0":{"start":{"line":3,"column":17},"end":{"line":3,"column":25}},"1":{"start":{"line":5,"column":20},"end":{"line":10,"column":2}},"2":{"start":{"line":12,"column":14},"end":{"line":12,"column":58}}},"fnMap":{},"branchMap":{},"s":{"0":1,"1":1,"2":1},"f":{},"b":{},"_coverageSchema":"1a1c01bbd47fc00a2c39e90264f33305004495a9","hash":"29ea98508d7e7d06bb16b78b03d8dc93f2f5f327"}
,"D:\\ATLP\\nodeproject\\src\\schemas\\subscriptionSchema.js": {"path":"D:\\ATLP\\nodeproject\\src\\schemas\\subscriptionSchema.js","statementMap":{"0":{"start":{"line":3,"column":17},"end":{"line":3,"column":25}},"1":{"start":{"line":5,"column":27},"end":{"line":11,"column":2}},"2":{"start":{"line":13,"column":22},"end":{"line":13,"column":81}}},"fnMap":{},"branchMap":{},"s":{"0":1,"1":1,"2":1},"f":{},"b":{},"_coverageSchema":"1a1c01bbd47fc00a2c39e90264f33305004495a9","hash":"bc2cda8a99ba9076d1d45488f6a0a8f06475a279"}
,"D:\\ATLP\\nodeproject\\src\\schemas\\userSchema.js": {"path":"D:\\ATLP\\nodeproject\\src\\schemas\\userSchema.js","statementMap":{"0":{"start":{"line":3,"column":17},"end":{"line":3,"column":25}},"1":{"start":{"line":5,"column":20},"end":{"line":16,"column":2}},"2":{"start":{"line":18,"column":14},"end":{"line":18,"column":58}}},"fnMap":{},"branchMap":{},"s":{"0":1,"1":1,"2":1},"f":{},"b":{},"_coverageSchema":"1a1c01bbd47fc00a2c39e90264f33305004495a9","hash":"7bfae0187f20f95880cf806e5ab4f29a002f553f"}
}
