{"D:\\ATLP\\nodeproject\\config.js": {"path":"D:\\ATLP\\nodeproject\\config.js","statementMap":{"0":{"start":{"line":3,"column":0},"end":{"line":3,"column":15}},"1":{"start":{"line":5,"column":13},"end":{"line":17,"column":1}},"2":{"start":{"line":19,"column":22},"end":{"line":19,"column":50}}},"fnMap":{},"branchMap":{"0":{"loc":{"start":{"line":13,"column":13},"end":{"line":13,"column":40}},"type":"binary-expr","locations":[{"start":{"line":13,"column":13},"end":{"line":13,"column":34}},{"start":{"line":13,"column":36},"end":{"line":13,"column":40}}],"line":13}},"s":{"0":1,"1":1,"2":1},"f":{},"b":{"0":[1,0]},"_coverageSchema":"1a1c01bbd47fc00a2c39e90264f33305004495a9","hash":"59014fc7801a8f3176ee6e7c80b76de86d300c5c"}
,"D:\\ATLP\\nodeproject\\src\\index.js": {"path":"D:\\ATLP\\nodeproject\\src\\index.js","statementMap":{"0":{"start":{"line":14,"column":24},"end":{"line":14,"column":30}},"1":{"start":{"line":15,"column":0},"end":{"line":15,"column":67}},"2":{"start":{"line":17,"column":12},"end":{"line":17,"column":21}},"3":{"start":{"line":19,"column":0},"end":{"line":19,"column":23}},"4":{"start":{"line":20,"column":0},"end":{"line":23,"column":3}},"5":{"start":{"line":24,"column":0},"end":{"line":24,"column":19}},"6":{"start":{"line":25,"column":0},"end":{"line":25,"column":19}},"7":{"start":{"line":26,"column":0},"end":{"line":26,"column":22}},"8":{"start":{"line":27,"column":0},"end":{"line":27,"column":28}},"9":{"start":{"line":28,"column":0},"end":{"line":28,"column":22}},"10":{"start":{"line":29,"column":0},"end":{"line":29,"column":20}},"11":{"start":{"line":30,"column":0},"end":{"line":30,"column":22}},"12":{"start":{"line":35,"column":0},"end":{"line":35,"column":78}},"13":{"start":{"line":35,"column":21},"end":{"line":35,"column":77}}},"fnMap":{"0":{"name":"(anonymous_0)","decl":{"start":{"line":35,"column":16},"end":{"line":35,"column":17}},"loc":{"start":{"line":35,"column":21},"end":{"line":35,"column":77}},"line":35}},"branchMap":{},"s":{"0":1,"1":1,"2":1,"3":1,"4":1,"5":1,"6":1,"7":1,"8":1,"9":1,"10":1,"11":1,"12":1,"13":1},"f":{"0":1},"b":{},"_coverageSchema":"1a1c01bbd47fc00a2c39e90264f33305004495a9","hash":"da027909306d76e29798f97bf56c306010c8de6c"}
,"D:\\ATLP\\nodeproject\\src\\controllers\\blog_controllers.js": {"path":"D:\\ATLP\\nodeproject\\src\\controllers\\blog_controllers.js","statementMap":{"0":{"start":{"line":5,"column":17},"end":{"line":5,"column":23}},"1":{"start":{"line":7,"column":19},"end":{"line":32,"column":1}},"2":{"start":{"line":8,"column":16},"end":{"line":8,"column":55}},"3":{"start":{"line":10,"column":15},"end":{"line":10,"column":39}},"4":{"start":{"line":11,"column":2},"end":{"line":31,"column":3}},"5":{"start":{"line":12,"column":4},"end":{"line":12,"column":83}},"6":{"start":{"line":14,"column":4},"end":{"line":30,"column":5}},"7":{"start":{"line":15,"column":22},"end":{"line":23,"column":10}},"8":{"start":{"line":24,"column":8},"end":{"line":27,"column":10}},"9":{"start":{"line":29,"column":8},"end":{"line":29,"column":64}},"10":{"start":{"line":34,"column":17},"end":{"line":48,"column":1}},"11":{"start":{"line":35,"column":19},"end":{"line":35,"column":32}},"12":{"start":{"line":37,"column":4},"end":{"line":47,"column":5}},"13":{"start":{"line":38,"column":27},"end":{"line":38,"column":60}},"14":{"start":{"line":39,"column":8},"end":{"line":42,"column":10}},"15":{"start":{"line":46,"column":8},"end":{"line":46,"column":64}},"16":{"start":{"line":50,"column":20},"end":{"line":61,"column":1}},"17":{"start":{"line":51,"column":4},"end":{"line":59,"column":7}},"18":{"start":{"line":52,"column":22},"end":{"line":52,"column":61}},"19":{"start":{"line":53,"column":8},"end":{"line":55,"column":9}},"20":{"start":{"line":57,"column":8},"end":{"line":57,"column":61}},"21":{"start":{"line":63,"column":19},"end":{"line":91,"column":1}},"22":{"start":{"line":64,"column":17},"end":{"line":64,"column":30}},"23":{"start":{"line":66,"column":16},"end":{"line":66,"column":58}},"24":{"start":{"line":68,"column":14},"end":{"line":68,"column":38}},"25":{"start":{"line":69,"column":2},"end":{"line":90,"column":3}},"26":{"start":{"line":70,"column":4},"end":{"line":70,"column":83}},"27":{"start":{"line":73,"column":4},"end":{"line":89,"column":5}},"28":{"start":{"line":74,"column":27},"end":{"line":74,"column":110}},"29":{"start":{"line":75,"column":27},"end":{"line":75,"column":60}},"30":{"start":{"line":76,"column":8},"end":{"line":86,"column":9}},"31":{"start":{"line":77,"column":10},"end":{"line":79,"column":12}},"32":{"start":{"line":82,"column":10},"end":{"line":85,"column":12}},"33":{"start":{"line":88,"column":6},"end":{"line":88,"column":85}},"34":{"start":{"line":93,"column":18},"end":{"line":117,"column":1}},"35":{"start":{"line":95,"column":17},"end":{"line":95,"column":30}},"36":{"start":{"line":96,"column":16},"end":{"line":96,"column":55}},"37":{"start":{"line":98,"column":15},"end":{"line":98,"column":39}},"38":{"start":{"line":99,"column":2},"end":{"line":116,"column":3}},"39":{"start":{"line":100,"column":4},"end":{"line":100,"column":83}},"40":{"start":{"line":102,"column":4},"end":{"line":115,"column":5}},"41":{"start":{"line":103,"column":25},"end":{"line":103,"column":67}},"42":{"start":{"line":104,"column":6},"end":{"line":112,"column":7}},"43":{"start":{"line":105,"column":8},"end":{"line":107,"column":10}},"44":{"start":{"line":109,"column":8},"end":{"line":111,"column":10}},"45":{"start":{"line":114,"column":6},"end":{"line":114,"column":65}},"46":{"start":{"line":118,"column":22},"end":{"line":142,"column":1}},"47":{"start":{"line":119,"column":16},"end":{"line":119,"column":55}},"48":{"start":{"line":122,"column":15},"end":{"line":122,"column":39}},"49":{"start":{"line":123,"column":2},"end":{"line":141,"column":1}},"50":{"start":{"line":124,"column":4},"end":{"line":124,"column":83}},"51":{"start":{"line":126,"column":2},"end":{"line":140,"column":3}},"52":{"start":{"line":127,"column":20},"end":{"line":127,"column":49}},"53":{"start":{"line":128,"column":4},"end":{"line":137,"column":5}},"54":{"start":{"line":129,"column":6},"end":{"line":131,"column":8}},"55":{"start":{"line":133,"column":6},"end":{"line":136,"column":8}},"56":{"start":{"line":139,"column":4},"end":{"line":139,"column":64}}},"fnMap":{"0":{"name":"(anonymous_0)","decl":{"start":{"line":7,"column":19},"end":{"line":7,"column":20}},"loc":{"start":{"line":7,"column":35},"end":{"line":32,"column":1}},"line":7},"1":{"name":"(anonymous_1)","decl":{"start":{"line":34,"column":17},"end":{"line":34,"column":18}},"loc":{"start":{"line":34,"column":33},"end":{"line":48,"column":1}},"line":34},"2":{"name":"(anonymous_2)","decl":{"start":{"line":50,"column":20},"end":{"line":50,"column":21}},"loc":{"start":{"line":50,"column":36},"end":{"line":61,"column":1}},"line":50},"3":{"name":"(anonymous_3)","decl":{"start":{"line":63,"column":19},"end":{"line":63,"column":20}},"loc":{"start":{"line":63,"column":35},"end":{"line":91,"column":1}},"line":63},"4":{"name":"(anonymous_4)","decl":{"start":{"line":93,"column":18},"end":{"line":93,"column":19}},"loc":{"start":{"line":93,"column":34},"end":{"line":117,"column":1}},"line":93},"5":{"name":"(anonymous_5)","decl":{"start":{"line":118,"column":22},"end":{"line":118,"column":23}},"loc":{"start":{"line":118,"column":38},"end":{"line":142,"column":1}},"line":118}},"branchMap":{"0":{"loc":{"start":{"line":11,"column":2},"end":{"line":31,"column":3}},"type":"if","locations":[{"start":{"line":11,"column":2},"end":{"line":31,"column":3}},{"start":{"line":13,"column":7},"end":{"line":31,"column":3}}],"line":11},"1":{"loc":{"start":{"line":69,"column":2},"end":{"line":90,"column":3}},"type":"if","locations":[{"start":{"line":69,"column":2},"end":{"line":90,"column":3}},{"start":{"line":71,"column":7},"end":{"line":90,"column":3}}],"line":69},"2":{"loc":{"start":{"line":76,"column":8},"end":{"line":86,"column":9}},"type":"if","locations":[{"start":{"line":76,"column":8},"end":{"line":86,"column":9}},{"start":{"line":81,"column":13},"end":{"line":86,"column":9}}],"line":76},"3":{"loc":{"start":{"line":99,"column":2},"end":{"line":116,"column":3}},"type":"if","locations":[{"start":{"line":99,"column":2},"end":{"line":116,"column":3}},{"start":{"line":101,"column":7},"end":{"line":116,"column":3}}],"line":99},"4":{"loc":{"start":{"line":104,"column":6},"end":{"line":112,"column":7}},"type":"if","locations":[{"start":{"line":104,"column":6},"end":{"line":112,"column":7}},{"start":{"line":108,"column":12},"end":{"line":112,"column":7}}],"line":104},"5":{"loc":{"start":{"line":123,"column":2},"end":{"line":141,"column":1}},"type":"if","locations":[{"start":{"line":123,"column":2},"end":{"line":141,"column":1}},{"start":{"line":125,"column":7},"end":{"line":141,"column":1}}],"line":123},"6":{"loc":{"start":{"line":128,"column":4},"end":{"line":137,"column":5}},"type":"if","locations":[{"start":{"line":128,"column":4},"end":{"line":137,"column":5}},{"start":{"line":132,"column":9},"end":{"line":137,"column":5}}],"line":128}},"s":{"0":1,"1":1,"2":0,"3":0,"4":0,"5":0,"6":0,"7":0,"8":0,"9":0,"10":1,"11":0,"12":0,"13":0,"14":0,"15":0,"16":1,"17":0,"18":0,"19":0,"20":0,"21":1,"22":0,"23":0,"24":0,"25":0,"26":0,"27":0,"28":0,"29":0,"30":0,"31":0,"32":0,"33":0,"34":1,"35":0,"36":0,"37":0,"38":0,"39":0,"40":0,"41":0,"42":0,"43":0,"44":0,"45":0,"46":1,"47":0,"48":0,"49":0,"50":0,"51":0,"52":0,"53":0,"54":0,"55":0,"56":0},"f":{"0":0,"1":0,"2":0,"3":0,"4":0,"5":0},"b":{"0":[0,0],"1":[0,0],"2":[0,0],"3":[0,0],"4":[0,0],"5":[0,0],"6":[0,0]},"_coverageSchema":"1a1c01bbd47fc00a2c39e90264f33305004495a9","hash":"bf269c75e2cfa9a9f4bb3b4e07286d8ac3871914"}
,"D:\\ATLP\\nodeproject\\src\\controllers\\comments_controllers.js": {"path":"D:\\ATLP\\nodeproject\\src\\controllers\\comments_controllers.js","statementMap":{"0":{"start":{"line":6,"column":17},"end":{"line":6,"column":23}},"1":{"start":{"line":8,"column":22},"end":{"line":39,"column":1}},"2":{"start":{"line":9,"column":16},"end":{"line":9,"column":33}},"3":{"start":{"line":10,"column":16},"end":{"line":10,"column":55}},"4":{"start":{"line":12,"column":15},"end":{"line":12,"column":39}},"5":{"start":{"line":13,"column":2},"end":{"line":37,"column":3}},"6":{"start":{"line":14,"column":4},"end":{"line":33,"column":5}},"7":{"start":{"line":15,"column":19},"end":{"line":15,"column":47}},"8":{"start":{"line":16,"column":20},"end":{"line":22,"column":8}},"9":{"start":{"line":23,"column":6},"end":{"line":27,"column":8}},"10":{"start":{"line":28,"column":32},"end":{"line":28,"column":80}},"11":{"start":{"line":29,"column":25},"end":{"line":29,"column":90}},"12":{"start":{"line":30,"column":6},"end":{"line":30,"column":47}},"13":{"start":{"line":32,"column":6},"end":{"line":32,"column":88}},"14":{"start":{"line":36,"column":4},"end":{"line":36,"column":49}},"15":{"start":{"line":41,"column":27},"end":{"line":63,"column":1}},"16":{"start":{"line":42,"column":16},"end":{"line":42,"column":33}},"17":{"start":{"line":44,"column":15},"end":{"line":44,"column":43}},"18":{"start":{"line":45,"column":28},"end":{"line":45,"column":76}},"19":{"start":{"line":46,"column":4},"end":{"line":60,"column":7}},"20":{"start":{"line":47,"column":25},"end":{"line":47,"column":82}},"21":{"start":{"line":49,"column":8},"end":{"line":49,"column":18}},"22":{"start":{"line":50,"column":8},"end":{"line":56,"column":9}},"23":{"start":{"line":58,"column":8},"end":{"line":58,"column":20}},"24":{"start":{"line":59,"column":8},"end":{"line":59,"column":57}},"25":{"start":{"line":61,"column":6},"end":{"line":61,"column":47}},"26":{"start":{"line":65,"column":22},"end":{"line":93,"column":1}},"27":{"start":{"line":66,"column":16},"end":{"line":66,"column":55}},"28":{"start":{"line":68,"column":15},"end":{"line":68,"column":39}},"29":{"start":{"line":69,"column":2},"end":{"line":90,"column":3}},"30":{"start":{"line":71,"column":19},"end":{"line":71,"column":36}},"31":{"start":{"line":73,"column":21},"end":{"line":73,"column":81}},"32":{"start":{"line":74,"column":4},"end":{"line":89,"column":5}},"33":{"start":{"line":75,"column":24},"end":{"line":75,"column":37}},"34":{"start":{"line":76,"column":6},"end":{"line":86,"column":7}},"35":{"start":{"line":77,"column":28},"end":{"line":79,"column":8}},"36":{"start":{"line":80,"column":6},"end":{"line":83,"column":8}},"37":{"start":{"line":85,"column":8},"end":{"line":85,"column":96}},"38":{"start":{"line":88,"column":6},"end":{"line":88,"column":88}},"39":{"start":{"line":95,"column":21},"end":{"line":126,"column":1}},"40":{"start":{"line":96,"column":17},"end":{"line":96,"column":34}},"41":{"start":{"line":97,"column":16},"end":{"line":97,"column":55}},"42":{"start":{"line":99,"column":15},"end":{"line":99,"column":39}},"43":{"start":{"line":100,"column":2},"end":{"line":125,"column":3}},"44":{"start":{"line":102,"column":21},"end":{"line":102,"column":81}},"45":{"start":{"line":103,"column":4},"end":{"line":124,"column":5}},"46":{"start":{"line":104,"column":26},"end":{"line":104,"column":39}},"47":{"start":{"line":105,"column":6},"end":{"line":121,"column":7}},"48":{"start":{"line":106,"column":30},"end":{"line":106,"column":77}},"49":{"start":{"line":107,"column":8},"end":{"line":118,"column":9}},"50":{"start":{"line":108,"column":10},"end":{"line":110,"column":12}},"51":{"start":{"line":112,"column":10},"end":{"line":114,"column":12}},"52":{"start":{"line":115,"column":36},"end":{"line":115,"column":84}},"53":{"start":{"line":116,"column":29},"end":{"line":116,"column":99}},"54":{"start":{"line":117,"column":10},"end":{"line":117,"column":51}},"55":{"start":{"line":120,"column":8},"end":{"line":120,"column":70}},"56":{"start":{"line":123,"column":6},"end":{"line":123,"column":88}},"57":{"start":{"line":127,"column":25},"end":{"line":152,"column":1}},"58":{"start":{"line":128,"column":17},"end":{"line":128,"column":34}},"59":{"start":{"line":130,"column":16},"end":{"line":130,"column":55}},"60":{"start":{"line":132,"column":15},"end":{"line":132,"column":39}},"61":{"start":{"line":133,"column":2},"end":{"line":150,"column":3}},"62":{"start":{"line":134,"column":4},"end":{"line":134,"column":83}},"63":{"start":{"line":136,"column":21},"end":{"line":136,"column":81}},"64":{"start":{"line":137,"column":4},"end":{"line":149,"column":5}},"65":{"start":{"line":138,"column":6},"end":{"line":146,"column":7}},"66":{"start":{"line":139,"column":27},"end":{"line":139,"column":58}},"67":{"start":{"line":140,"column":8},"end":{"line":143,"column":10}},"68":{"start":{"line":145,"column":8},"end":{"line":145,"column":71}},"69":{"start":{"line":148,"column":6},"end":{"line":148,"column":89}}},"fnMap":{"0":{"name":"(anonymous_0)","decl":{"start":{"line":8,"column":22},"end":{"line":8,"column":23}},"loc":{"start":{"line":8,"column":38},"end":{"line":39,"column":1}},"line":8},"1":{"name":"(anonymous_1)","decl":{"start":{"line":41,"column":27},"end":{"line":41,"column":28}},"loc":{"start":{"line":41,"column":43},"end":{"line":63,"column":1}},"line":41},"2":{"name":"(anonymous_2)","decl":{"start":{"line":65,"column":22},"end":{"line":65,"column":23}},"loc":{"start":{"line":65,"column":38},"end":{"line":93,"column":1}},"line":65},"3":{"name":"(anonymous_3)","decl":{"start":{"line":95,"column":21},"end":{"line":95,"column":22}},"loc":{"start":{"line":95,"column":37},"end":{"line":126,"column":1}},"line":95},"4":{"name":"(anonymous_4)","decl":{"start":{"line":127,"column":25},"end":{"line":127,"column":26}},"loc":{"start":{"line":127,"column":41},"end":{"line":152,"column":1}},"line":127}},"branchMap":{"0":{"loc":{"start":{"line":13,"column":2},"end":{"line":37,"column":3}},"type":"if","locations":[{"start":{"line":13,"column":2},"end":{"line":37,"column":3}},{"start":{"line":35,"column":7},"end":{"line":37,"column":3}}],"line":13},"1":{"loc":{"start":{"line":69,"column":2},"end":{"line":90,"column":3}},"type":"if","locations":[{"start":{"line":69,"column":2},"end":{"line":90,"column":3}},{"start":{},"end":{}}],"line":69},"2":{"loc":{"start":{"line":74,"column":4},"end":{"line":89,"column":5}},"type":"if","locations":[{"start":{"line":74,"column":4},"end":{"line":89,"column":5}},{"start":{"line":87,"column":9},"end":{"line":89,"column":5}}],"line":74},"3":{"loc":{"start":{"line":100,"column":2},"end":{"line":125,"column":3}},"type":"if","locations":[{"start":{"line":100,"column":2},"end":{"line":125,"column":3}},{"start":{},"end":{}}],"line":100},"4":{"loc":{"start":{"line":103,"column":4},"end":{"line":124,"column":5}},"type":"if","locations":[{"start":{"line":103,"column":4},"end":{"line":124,"column":5}},{"start":{"line":122,"column":9},"end":{"line":124,"column":5}}],"line":103},"5":{"loc":{"start":{"line":107,"column":8},"end":{"line":118,"column":9}},"type":"if","locations":[{"start":{"line":107,"column":8},"end":{"line":118,"column":9}},{"start":{"line":111,"column":13},"end":{"line":118,"column":9}}],"line":107},"6":{"loc":{"start":{"line":133,"column":2},"end":{"line":150,"column":3}},"type":"if","locations":[{"start":{"line":133,"column":2},"end":{"line":150,"column":3}},{"start":{"line":135,"column":7},"end":{"line":150,"column":3}}],"line":133},"7":{"loc":{"start":{"line":137,"column":4},"end":{"line":149,"column":5}},"type":"if","locations":[{"start":{"line":137,"column":4},"end":{"line":149,"column":5}},{"start":{"line":147,"column":9},"end":{"line":149,"column":5}}],"line":137}},"s":{"0":1,"1":1,"2":0,"3":0,"4":0,"5":0,"6":0,"7":0,"8":0,"9":0,"10":0,"11":0,"12":0,"13":0,"14":0,"15":1,"16":0,"17":0,"18":0,"19":0,"20":0,"21":0,"22":0,"23":0,"24":0,"25":0,"26":1,"27":0,"28":0,"29":0,"30":0,"31":0,"32":0,"33":0,"34":0,"35":0,"36":0,"37":0,"38":0,"39":1,"40":0,"41":0,"42":0,"43":0,"44":0,"45":0,"46":0,"47":0,"48":0,"49":0,"50":0,"51":0,"52":0,"53":0,"54":0,"55":0,"56":0,"57":1,"58":0,"59":0,"60":0,"61":0,"62":0,"63":0,"64":0,"65":0,"66":0,"67":0,"68":0,"69":0},"f":{"0":0,"1":0,"2":0,"3":0,"4":0},"b":{"0":[0,0],"1":[0,0],"2":[0,0],"3":[0,0],"4":[0,0],"5":[0,0],"6":[0,0],"7":[0,0]},"_coverageSchema":"1a1c01bbd47fc00a2c39e90264f33305004495a9","hash":"7c64f4f4cc46c4809ecb5c65e70e024976f51765"}
,"D:\\ATLP\\nodeproject\\src\\controllers\\message_controllers.js": {"path":"D:\\ATLP\\nodeproject\\src\\controllers\\message_controllers.js","statementMap":{"0":{"start":{"line":5,"column":17},"end":{"line":5,"column":23}},"1":{"start":{"line":7,"column":22},"end":{"line":29,"column":1}},"2":{"start":{"line":8,"column":4},"end":{"line":25,"column":5}},"3":{"start":{"line":9,"column":27},"end":{"line":17,"column":8}},"4":{"start":{"line":18,"column":6},"end":{"line":21,"column":6}},"5":{"start":{"line":24,"column":8},"end":{"line":24,"column":62}},"6":{"start":{"line":31,"column":20},"end":{"line":50,"column":1}},"7":{"start":{"line":32,"column":20},"end":{"line":32,"column":33}},"8":{"start":{"line":34,"column":16},"end":{"line":34,"column":64}},"9":{"start":{"line":36,"column":15},"end":{"line":36,"column":39}},"10":{"start":{"line":37,"column":2},"end":{"line":49,"column":3}},"11":{"start":{"line":38,"column":4},"end":{"line":38,"column":83}},"12":{"start":{"line":40,"column":4},"end":{"line":48,"column":5}},"13":{"start":{"line":41,"column":30},"end":{"line":41,"column":68}},"14":{"start":{"line":42,"column":8},"end":{"line":45,"column":10}},"15":{"start":{"line":47,"column":8},"end":{"line":47,"column":70}},"16":{"start":{"line":52,"column":23},"end":{"line":71,"column":1}},"17":{"start":{"line":54,"column":16},"end":{"line":54,"column":64}},"18":{"start":{"line":56,"column":15},"end":{"line":56,"column":39}},"19":{"start":{"line":57,"column":2},"end":{"line":70,"column":3}},"20":{"start":{"line":58,"column":4},"end":{"line":58,"column":83}},"21":{"start":{"line":60,"column":4},"end":{"line":69,"column":5}},"22":{"start":{"line":61,"column":26},"end":{"line":61,"column":67}},"23":{"start":{"line":62,"column":8},"end":{"line":65,"column":9}},"24":{"start":{"line":67,"column":8},"end":{"line":67,"column":64}},"25":{"start":{"line":73,"column":21},"end":{"line":92,"column":1}},"26":{"start":{"line":74,"column":13},"end":{"line":74,"column":26}},"27":{"start":{"line":75,"column":16},"end":{"line":75,"column":64}},"28":{"start":{"line":77,"column":15},"end":{"line":77,"column":39}},"29":{"start":{"line":78,"column":2},"end":{"line":90,"column":3}},"30":{"start":{"line":79,"column":4},"end":{"line":79,"column":83}},"31":{"start":{"line":82,"column":4},"end":{"line":89,"column":5}},"32":{"start":{"line":83,"column":28},"end":{"line":83,"column":68}},"33":{"start":{"line":84,"column":6},"end":{"line":86,"column":8}},"34":{"start":{"line":88,"column":6},"end":{"line":88,"column":68}},"35":{"start":{"line":93,"column":25},"end":{"line":110,"column":1}},"36":{"start":{"line":94,"column":16},"end":{"line":94,"column":64}},"37":{"start":{"line":96,"column":15},"end":{"line":96,"column":39}},"38":{"start":{"line":97,"column":2},"end":{"line":109,"column":3}},"39":{"start":{"line":98,"column":4},"end":{"line":98,"column":83}},"40":{"start":{"line":100,"column":4},"end":{"line":108,"column":5}},"41":{"start":{"line":101,"column":26},"end":{"line":101,"column":57}},"42":{"start":{"line":102,"column":6},"end":{"line":105,"column":8}},"43":{"start":{"line":107,"column":6},"end":{"line":107,"column":69}}},"fnMap":{"0":{"name":"(anonymous_0)","decl":{"start":{"line":7,"column":22},"end":{"line":7,"column":23}},"loc":{"start":{"line":7,"column":41},"end":{"line":29,"column":1}},"line":7},"1":{"name":"(anonymous_1)","decl":{"start":{"line":31,"column":20},"end":{"line":31,"column":21}},"loc":{"start":{"line":31,"column":36},"end":{"line":50,"column":1}},"line":31},"2":{"name":"(anonymous_2)","decl":{"start":{"line":52,"column":23},"end":{"line":52,"column":24}},"loc":{"start":{"line":52,"column":39},"end":{"line":71,"column":1}},"line":52},"3":{"name":"(anonymous_3)","decl":{"start":{"line":73,"column":21},"end":{"line":73,"column":22}},"loc":{"start":{"line":73,"column":37},"end":{"line":92,"column":1}},"line":73},"4":{"name":"(anonymous_4)","decl":{"start":{"line":93,"column":25},"end":{"line":93,"column":26}},"loc":{"start":{"line":93,"column":41},"end":{"line":110,"column":1}},"line":93}},"branchMap":{"0":{"loc":{"start":{"line":37,"column":2},"end":{"line":49,"column":3}},"type":"if","locations":[{"start":{"line":37,"column":2},"end":{"line":49,"column":3}},{"start":{"line":39,"column":7},"end":{"line":49,"column":3}}],"line":37},"1":{"loc":{"start":{"line":57,"column":2},"end":{"line":70,"column":3}},"type":"if","locations":[{"start":{"line":57,"column":2},"end":{"line":70,"column":3}},{"start":{"line":59,"column":7},"end":{"line":70,"column":3}}],"line":57},"2":{"loc":{"start":{"line":78,"column":2},"end":{"line":90,"column":3}},"type":"if","locations":[{"start":{"line":78,"column":2},"end":{"line":90,"column":3}},{"start":{"line":80,"column":7},"end":{"line":90,"column":3}}],"line":78},"3":{"loc":{"start":{"line":97,"column":2},"end":{"line":109,"column":3}},"type":"if","locations":[{"start":{"line":97,"column":2},"end":{"line":109,"column":3}},{"start":{"line":99,"column":7},"end":{"line":109,"column":3}}],"line":97}},"s":{"0":1,"1":1,"2":0,"3":0,"4":0,"5":0,"6":1,"7":0,"8":0,"9":0,"10":0,"11":0,"12":0,"13":0,"14":0,"15":0,"16":1,"17":0,"18":0,"19":0,"20":0,"21":0,"22":0,"23":0,"24":0,"25":1,"26":0,"27":0,"28":0,"29":0,"30":0,"31":0,"32":0,"33":0,"34":0,"35":1,"36":0,"37":0,"38":0,"39":0,"40":0,"41":0,"42":0,"43":0},"f":{"0":0,"1":0,"2":0,"3":0,"4":0},"b":{"0":[0,0],"1":[0,0],"2":[0,0],"3":[0,0]},"_coverageSchema":"1a1c01bbd47fc00a2c39e90264f33305004495a9","hash":"e29d30c1e9f00a78dca9fd1c4df685240b1fa756"}
,"D:\\ATLP\\nodeproject\\src\\controllers\\project_controllers.js": {"path":"D:\\ATLP\\nodeproject\\src\\controllers\\project_controllers.js","statementMap":{"0":{"start":{"line":5,"column":17},"end":{"line":5,"column":23}},"1":{"start":{"line":8,"column":22},"end":{"line":30,"column":1}},"2":{"start":{"line":9,"column":16},"end":{"line":9,"column":55}},"3":{"start":{"line":11,"column":15},"end":{"line":11,"column":39}},"4":{"start":{"line":12,"column":2},"end":{"line":29,"column":3}},"5":{"start":{"line":13,"column":4},"end":{"line":13,"column":83}},"6":{"start":{"line":15,"column":4},"end":{"line":28,"column":5}},"7":{"start":{"line":16,"column":22},"end":{"line":21,"column":10}},"8":{"start":{"line":22,"column":8},"end":{"line":25,"column":10}},"9":{"start":{"line":27,"column":8},"end":{"line":27,"column":64}},"10":{"start":{"line":32,"column":20},"end":{"line":44,"column":1}},"11":{"start":{"line":33,"column":22},"end":{"line":33,"column":35}},"12":{"start":{"line":35,"column":4},"end":{"line":43,"column":5}},"13":{"start":{"line":36,"column":30},"end":{"line":36,"column":69}},"14":{"start":{"line":37,"column":8},"end":{"line":40,"column":10}},"15":{"start":{"line":42,"column":8},"end":{"line":42,"column":70}},"16":{"start":{"line":46,"column":23},"end":{"line":59,"column":1}},"17":{"start":{"line":47,"column":4},"end":{"line":57,"column":7}},"18":{"start":{"line":48,"column":25},"end":{"line":48,"column":67}},"19":{"start":{"line":49,"column":8},"end":{"line":53,"column":10}},"20":{"start":{"line":55,"column":8},"end":{"line":55,"column":64}},"21":{"start":{"line":61,"column":22},"end":{"line":82,"column":1}},"22":{"start":{"line":62,"column":22},"end":{"line":62,"column":35}},"23":{"start":{"line":63,"column":18},"end":{"line":63,"column":57}},"24":{"start":{"line":65,"column":17},"end":{"line":65,"column":41}},"25":{"start":{"line":66,"column":4},"end":{"line":81,"column":3}},"26":{"start":{"line":67,"column":6},"end":{"line":67,"column":85}},"27":{"start":{"line":70,"column":6},"end":{"line":80,"column":5}},"28":{"start":{"line":71,"column":30},"end":{"line":73,"column":10}},"29":{"start":{"line":74,"column":8},"end":{"line":77,"column":10}},"30":{"start":{"line":79,"column":8},"end":{"line":79,"column":96}},"31":{"start":{"line":84,"column":21},"end":{"line":102,"column":1}},"32":{"start":{"line":85,"column":20},"end":{"line":85,"column":33}},"33":{"start":{"line":86,"column":16},"end":{"line":86,"column":55}},"34":{"start":{"line":88,"column":15},"end":{"line":88,"column":39}},"35":{"start":{"line":89,"column":2},"end":{"line":101,"column":3}},"36":{"start":{"line":90,"column":4},"end":{"line":90,"column":83}},"37":{"start":{"line":93,"column":4},"end":{"line":100,"column":5}},"38":{"start":{"line":94,"column":28},"end":{"line":94,"column":76}},"39":{"start":{"line":95,"column":6},"end":{"line":97,"column":8}},"40":{"start":{"line":99,"column":6},"end":{"line":99,"column":62}},"41":{"start":{"line":103,"column":25},"end":{"line":120,"column":1}},"42":{"start":{"line":104,"column":16},"end":{"line":104,"column":55}},"43":{"start":{"line":106,"column":15},"end":{"line":106,"column":39}},"44":{"start":{"line":107,"column":2},"end":{"line":119,"column":3}},"45":{"start":{"line":108,"column":4},"end":{"line":108,"column":83}},"46":{"start":{"line":110,"column":4},"end":{"line":118,"column":5}},"47":{"start":{"line":111,"column":25},"end":{"line":111,"column":57}},"48":{"start":{"line":112,"column":6},"end":{"line":115,"column":8}},"49":{"start":{"line":117,"column":6},"end":{"line":117,"column":69}}},"fnMap":{"0":{"name":"(anonymous_0)","decl":{"start":{"line":8,"column":22},"end":{"line":8,"column":23}},"loc":{"start":{"line":8,"column":38},"end":{"line":30,"column":1}},"line":8},"1":{"name":"(anonymous_1)","decl":{"start":{"line":32,"column":20},"end":{"line":32,"column":21}},"loc":{"start":{"line":32,"column":36},"end":{"line":44,"column":1}},"line":32},"2":{"name":"(anonymous_2)","decl":{"start":{"line":46,"column":23},"end":{"line":46,"column":24}},"loc":{"start":{"line":46,"column":39},"end":{"line":59,"column":1}},"line":46},"3":{"name":"(anonymous_3)","decl":{"start":{"line":61,"column":22},"end":{"line":61,"column":23}},"loc":{"start":{"line":61,"column":38},"end":{"line":82,"column":1}},"line":61},"4":{"name":"(anonymous_4)","decl":{"start":{"line":84,"column":21},"end":{"line":84,"column":22}},"loc":{"start":{"line":84,"column":37},"end":{"line":102,"column":1}},"line":84},"5":{"name":"(anonymous_5)","decl":{"start":{"line":103,"column":25},"end":{"line":103,"column":26}},"loc":{"start":{"line":103,"column":41},"end":{"line":120,"column":1}},"line":103}},"branchMap":{"0":{"loc":{"start":{"line":12,"column":2},"end":{"line":29,"column":3}},"type":"if","locations":[{"start":{"line":12,"column":2},"end":{"line":29,"column":3}},{"start":{"line":14,"column":7},"end":{"line":29,"column":3}}],"line":12},"1":{"loc":{"start":{"line":66,"column":4},"end":{"line":81,"column":3}},"type":"if","locations":[{"start":{"line":66,"column":4},"end":{"line":81,"column":3}},{"start":{"line":68,"column":9},"end":{"line":81,"column":3}}],"line":66},"2":{"loc":{"start":{"line":89,"column":2},"end":{"line":101,"column":3}},"type":"if","locations":[{"start":{"line":89,"column":2},"end":{"line":101,"column":3}},{"start":{"line":91,"column":7},"end":{"line":101,"column":3}}],"line":89},"3":{"loc":{"start":{"line":107,"column":2},"end":{"line":119,"column":3}},"type":"if","locations":[{"start":{"line":107,"column":2},"end":{"line":119,"column":3}},{"start":{"line":109,"column":7},"end":{"line":119,"column":3}}],"line":107}},"s":{"0":1,"1":1,"2":0,"3":0,"4":0,"5":0,"6":0,"7":0,"8":0,"9":0,"10":1,"11":0,"12":0,"13":0,"14":0,"15":0,"16":1,"17":0,"18":0,"19":0,"20":0,"21":1,"22":0,"23":0,"24":0,"25":0,"26":0,"27":0,"28":0,"29":0,"30":0,"31":1,"32":0,"33":0,"34":0,"35":0,"36":0,"37":0,"38":0,"39":0,"40":0,"41":1,"42":0,"43":0,"44":0,"45":0,"46":0,"47":0,"48":0,"49":0},"f":{"0":0,"1":0,"2":0,"3":0,"4":0,"5":0},"b":{"0":[0,0],"1":[0,0],"2":[0,0],"3":[0,0]},"_coverageSchema":"1a1c01bbd47fc00a2c39e90264f33305004495a9","hash":"5bd16e5016566852a57144353e5bcefed7eb19a9"}
,"D:\\ATLP\\nodeproject\\src\\controllers\\skill_controllers.js": {"path":"D:\\ATLP\\nodeproject\\src\\controllers\\skill_controllers.js","statementMap":{"0":{"start":{"line":5,"column":17},"end":{"line":5,"column":23}},"1":{"start":{"line":7,"column":20},"end":{"line":29,"column":1}},"2":{"start":{"line":8,"column":18},"end":{"line":8,"column":31}},"3":{"start":{"line":9,"column":16},"end":{"line":9,"column":55}},"4":{"start":{"line":11,"column":15},"end":{"line":11,"column":39}},"5":{"start":{"line":12,"column":2},"end":{"line":28,"column":3}},"6":{"start":{"line":13,"column":4},"end":{"line":13,"column":83}},"7":{"start":{"line":15,"column":4},"end":{"line":27,"column":5}},"8":{"start":{"line":16,"column":20},"end":{"line":20,"column":8}},"9":{"start":{"line":21,"column":6},"end":{"line":24,"column":8}},"10":{"start":{"line":26,"column":6},"end":{"line":26,"column":60}},"11":{"start":{"line":31,"column":18},"end":{"line":43,"column":1}},"12":{"start":{"line":32,"column":20},"end":{"line":32,"column":33}},"13":{"start":{"line":34,"column":4},"end":{"line":42,"column":5}},"14":{"start":{"line":35,"column":28},"end":{"line":35,"column":63}},"15":{"start":{"line":36,"column":8},"end":{"line":39,"column":10}},"16":{"start":{"line":41,"column":8},"end":{"line":41,"column":66}},"17":{"start":{"line":45,"column":21},"end":{"line":58,"column":1}},"18":{"start":{"line":46,"column":4},"end":{"line":56,"column":7}},"19":{"start":{"line":47,"column":23},"end":{"line":47,"column":63}},"20":{"start":{"line":48,"column":8},"end":{"line":52,"column":10}},"21":{"start":{"line":54,"column":8},"end":{"line":54,"column":62}},"22":{"start":{"line":60,"column":20},"end":{"line":81,"column":1}},"23":{"start":{"line":61,"column":18},"end":{"line":61,"column":31}},"24":{"start":{"line":62,"column":16},"end":{"line":62,"column":55}},"25":{"start":{"line":64,"column":15},"end":{"line":64,"column":39}},"26":{"start":{"line":65,"column":2},"end":{"line":80,"column":3}},"27":{"start":{"line":66,"column":4},"end":{"line":66,"column":83}},"28":{"start":{"line":69,"column":4},"end":{"line":79,"column":5}},"29":{"start":{"line":70,"column":26},"end":{"line":72,"column":8}},"30":{"start":{"line":73,"column":6},"end":{"line":76,"column":8}},"31":{"start":{"line":78,"column":6},"end":{"line":78,"column":88}},"32":{"start":{"line":83,"column":19},"end":{"line":100,"column":1}},"33":{"start":{"line":84,"column":18},"end":{"line":84,"column":31}},"34":{"start":{"line":85,"column":16},"end":{"line":85,"column":55}},"35":{"start":{"line":87,"column":15},"end":{"line":87,"column":39}},"36":{"start":{"line":88,"column":2},"end":{"line":99,"column":3}},"37":{"start":{"line":89,"column":4},"end":{"line":89,"column":83}},"38":{"start":{"line":91,"column":4},"end":{"line":98,"column":5}},"39":{"start":{"line":92,"column":26},"end":{"line":92,"column":70}},"40":{"start":{"line":93,"column":6},"end":{"line":95,"column":8}},"41":{"start":{"line":97,"column":6},"end":{"line":97,"column":60}},"42":{"start":{"line":101,"column":23},"end":{"line":117,"column":1}},"43":{"start":{"line":102,"column":16},"end":{"line":102,"column":55}},"44":{"start":{"line":103,"column":15},"end":{"line":103,"column":39}},"45":{"start":{"line":104,"column":2},"end":{"line":116,"column":3}},"46":{"start":{"line":105,"column":4},"end":{"line":105,"column":83}},"47":{"start":{"line":107,"column":4},"end":{"line":115,"column":5}},"48":{"start":{"line":108,"column":23},"end":{"line":108,"column":53}},"49":{"start":{"line":109,"column":6},"end":{"line":112,"column":8}},"50":{"start":{"line":114,"column":6},"end":{"line":114,"column":67}}},"fnMap":{"0":{"name":"(anonymous_0)","decl":{"start":{"line":7,"column":20},"end":{"line":7,"column":21}},"loc":{"start":{"line":7,"column":36},"end":{"line":29,"column":1}},"line":7},"1":{"name":"(anonymous_1)","decl":{"start":{"line":31,"column":18},"end":{"line":31,"column":19}},"loc":{"start":{"line":31,"column":34},"end":{"line":43,"column":1}},"line":31},"2":{"name":"(anonymous_2)","decl":{"start":{"line":45,"column":21},"end":{"line":45,"column":22}},"loc":{"start":{"line":45,"column":37},"end":{"line":58,"column":1}},"line":45},"3":{"name":"(anonymous_3)","decl":{"start":{"line":60,"column":20},"end":{"line":60,"column":21}},"loc":{"start":{"line":60,"column":36},"end":{"line":81,"column":1}},"line":60},"4":{"name":"(anonymous_4)","decl":{"start":{"line":83,"column":19},"end":{"line":83,"column":20}},"loc":{"start":{"line":83,"column":35},"end":{"line":100,"column":1}},"line":83},"5":{"name":"(anonymous_5)","decl":{"start":{"line":101,"column":23},"end":{"line":101,"column":24}},"loc":{"start":{"line":101,"column":39},"end":{"line":117,"column":1}},"line":101}},"branchMap":{"0":{"loc":{"start":{"line":12,"column":2},"end":{"line":28,"column":3}},"type":"if","locations":[{"start":{"line":12,"column":2},"end":{"line":28,"column":3}},{"start":{"line":14,"column":7},"end":{"line":28,"column":3}}],"line":12},"1":{"loc":{"start":{"line":65,"column":2},"end":{"line":80,"column":3}},"type":"if","locations":[{"start":{"line":65,"column":2},"end":{"line":80,"column":3}},{"start":{"line":67,"column":7},"end":{"line":80,"column":3}}],"line":65},"2":{"loc":{"start":{"line":88,"column":2},"end":{"line":99,"column":3}},"type":"if","locations":[{"start":{"line":88,"column":2},"end":{"line":99,"column":3}},{"start":{"line":90,"column":7},"end":{"line":99,"column":3}}],"line":88},"3":{"loc":{"start":{"line":104,"column":2},"end":{"line":116,"column":3}},"type":"if","locations":[{"start":{"line":104,"column":2},"end":{"line":116,"column":3}},{"start":{"line":106,"column":7},"end":{"line":116,"column":3}}],"line":104}},"s":{"0":1,"1":1,"2":0,"3":0,"4":0,"5":0,"6":0,"7":0,"8":0,"9":0,"10":0,"11":1,"12":0,"13":0,"14":0,"15":0,"16":0,"17":1,"18":0,"19":0,"20":0,"21":0,"22":1,"23":0,"24":0,"25":0,"26":0,"27":0,"28":0,"29":0,"30":0,"31":0,"32":1,"33":0,"34":0,"35":0,"36":0,"37":0,"38":0,"39":0,"40":0,"41":0,"42":1,"43":0,"44":0,"45":0,"46":0,"47":0,"48":0,"49":0,"50":0},"f":{"0":0,"1":0,"2":0,"3":0,"4":0,"5":0},"b":{"0":[0,0],"1":[0,0],"2":[0,0],"3":[0,0]},"_coverageSchema":"1a1c01bbd47fc00a2c39e90264f33305004495a9","hash":"587bdef22c6331432fe98a120dc969987290024d"}
,"D:\\ATLP\\nodeproject\\src\\controllers\\subscriptions_controllers.js": {"path":"D:\\ATLP\\nodeproject\\src\\controllers\\subscriptions_controllers.js","statementMap":{"0":{"start":{"line":5,"column":17},"end":{"line":5,"column":23}},"1":{"start":{"line":7,"column":27},"end":{"line":27,"column":1}},"2":{"start":{"line":8,"column":4},"end":{"line":23,"column":5}},"3":{"start":{"line":9,"column":32},"end":{"line":14,"column":8}},"4":{"start":{"line":15,"column":6},"end":{"line":18,"column":6}},"5":{"start":{"line":21,"column":8},"end":{"line":21,"column":67}},"6":{"start":{"line":22,"column":8},"end":{"line":22,"column":26}},"7":{"start":{"line":29,"column":25},"end":{"line":41,"column":1}},"8":{"start":{"line":30,"column":27},"end":{"line":30,"column":40}},"9":{"start":{"line":32,"column":4},"end":{"line":40,"column":5}},"10":{"start":{"line":33,"column":35},"end":{"line":33,"column":83}},"11":{"start":{"line":34,"column":8},"end":{"line":37,"column":10}},"12":{"start":{"line":39,"column":8},"end":{"line":39,"column":80}},"13":{"start":{"line":43,"column":28},"end":{"line":61,"column":1}},"14":{"start":{"line":44,"column":16},"end":{"line":44,"column":55}},"15":{"start":{"line":45,"column":15},"end":{"line":45,"column":39}},"16":{"start":{"line":46,"column":2},"end":{"line":60,"column":3}},"17":{"start":{"line":47,"column":4},"end":{"line":47,"column":83}},"18":{"start":{"line":49,"column":4},"end":{"line":59,"column":5}},"19":{"start":{"line":50,"column":28},"end":{"line":50,"column":74}},"20":{"start":{"line":51,"column":6},"end":{"line":55,"column":8}},"21":{"start":{"line":57,"column":6},"end":{"line":57,"column":67}},"22":{"start":{"line":65,"column":27},"end":{"line":77,"column":1}},"23":{"start":{"line":66,"column":13},"end":{"line":66,"column":26}},"24":{"start":{"line":67,"column":2},"end":{"line":74,"column":3}},"25":{"start":{"line":68,"column":22},"end":{"line":68,"column":67}},"26":{"start":{"line":69,"column":4},"end":{"line":71,"column":6}},"27":{"start":{"line":73,"column":4},"end":{"line":73,"column":60}},"28":{"start":{"line":79,"column":30},"end":{"line":95,"column":1}},"29":{"start":{"line":80,"column":16},"end":{"line":80,"column":55}},"30":{"start":{"line":81,"column":15},"end":{"line":81,"column":39}},"31":{"start":{"line":82,"column":2},"end":{"line":94,"column":3}},"32":{"start":{"line":83,"column":4},"end":{"line":83,"column":83}},"33":{"start":{"line":85,"column":4},"end":{"line":93,"column":5}},"34":{"start":{"line":86,"column":31},"end":{"line":86,"column":67}},"35":{"start":{"line":87,"column":6},"end":{"line":90,"column":8}},"36":{"start":{"line":92,"column":6},"end":{"line":92,"column":72}}},"fnMap":{"0":{"name":"(anonymous_0)","decl":{"start":{"line":7,"column":27},"end":{"line":7,"column":28}},"loc":{"start":{"line":7,"column":46},"end":{"line":27,"column":1}},"line":7},"1":{"name":"(anonymous_1)","decl":{"start":{"line":29,"column":25},"end":{"line":29,"column":26}},"loc":{"start":{"line":29,"column":41},"end":{"line":41,"column":1}},"line":29},"2":{"name":"(anonymous_2)","decl":{"start":{"line":43,"column":28},"end":{"line":43,"column":29}},"loc":{"start":{"line":43,"column":44},"end":{"line":61,"column":1}},"line":43},"3":{"name":"(anonymous_3)","decl":{"start":{"line":65,"column":27},"end":{"line":65,"column":28}},"loc":{"start":{"line":65,"column":43},"end":{"line":77,"column":1}},"line":65},"4":{"name":"(anonymous_4)","decl":{"start":{"line":79,"column":30},"end":{"line":79,"column":31}},"loc":{"start":{"line":79,"column":46},"end":{"line":95,"column":1}},"line":79}},"branchMap":{"0":{"loc":{"start":{"line":46,"column":2},"end":{"line":60,"column":3}},"type":"if","locations":[{"start":{"line":46,"column":2},"end":{"line":60,"column":3}},{"start":{"line":48,"column":7},"end":{"line":60,"column":3}}],"line":46},"1":{"loc":{"start":{"line":82,"column":2},"end":{"line":94,"column":3}},"type":"if","locations":[{"start":{"line":82,"column":2},"end":{"line":94,"column":3}},{"start":{"line":84,"column":7},"end":{"line":94,"column":3}}],"line":82}},"s":{"0":1,"1":1,"2":0,"3":0,"4":0,"5":0,"6":0,"7":1,"8":0,"9":0,"10":0,"11":0,"12":0,"13":1,"14":0,"15":0,"16":0,"17":0,"18":0,"19":0,"20":0,"21":0,"22":1,"23":0,"24":0,"25":0,"26":0,"27":0,"28":1,"29":0,"30":0,"31":0,"32":0,"33":0,"34":0,"35":0,"36":0},"f":{"0":0,"1":0,"2":0,"3":0,"4":0},"b":{"0":[0,0],"1":[0,0]},"_coverageSchema":"1a1c01bbd47fc00a2c39e90264f33305004495a9","hash":"86e9cc77b0e2b8af08cd8dc7b912a65de6775ef4"}
,"D:\\ATLP\\nodeproject\\src\\controllers\\user_controllers.js": {"path":"D:\\ATLP\\nodeproject\\src\\controllers\\user_controllers.js","statementMap":{"0":{"start":{"line":6,"column":17},"end":{"line":6,"column":23}},"1":{"start":{"line":8,"column":16},"end":{"line":35,"column":1}},"2":{"start":{"line":9,"column":16},"end":{"line":9,"column":64}},"3":{"start":{"line":11,"column":14},"end":{"line":29,"column":4}},"4":{"start":{"line":13,"column":4},"end":{"line":18,"column":5}},"5":{"start":{"line":14,"column":6},"end":{"line":16,"column":7}},"6":{"start":{"line":15,"column":8},"end":{"line":15,"column":83}},"7":{"start":{"line":17,"column":6},"end":{"line":17,"column":67}},"8":{"start":{"line":19,"column":4},"end":{"line":28,"column":8}},"9":{"start":{"line":20,"column":18},"end":{"line":24,"column":8}},"10":{"start":{"line":25,"column":20},"end":{"line":28,"column":6}},"11":{"start":{"line":38,"column":18},"end":{"line":70,"column":1}},"12":{"start":{"line":40,"column":15},"end":{"line":40,"column":23}},"13":{"start":{"line":41,"column":2},"end":{"line":68,"column":4}},"14":{"start":{"line":42,"column":4},"end":{"line":67,"column":3}},"15":{"start":{"line":43,"column":6},"end":{"line":43,"column":45}},"16":{"start":{"line":45,"column":6},"end":{"line":45,"column":26}},"17":{"start":{"line":46,"column":6},"end":{"line":65,"column":5}},"18":{"start":{"line":47,"column":22},"end":{"line":58,"column":10}},"19":{"start":{"line":59,"column":8},"end":{"line":62,"column":10}},"20":{"start":{"line":64,"column":6},"end":{"line":64,"column":59}},"21":{"start":{"line":72,"column":14},"end":{"line":95,"column":1}},"22":{"start":{"line":76,"column":15},"end":{"line":76,"column":89}},"23":{"start":{"line":77,"column":2},"end":{"line":79,"column":3}},"24":{"start":{"line":78,"column":4},"end":{"line":78,"column":68}},"25":{"start":{"line":80,"column":2},"end":{"line":94,"column":4}},"26":{"start":{"line":81,"column":4},"end":{"line":84,"column":5}},"27":{"start":{"line":82,"column":6},"end":{"line":82,"column":48}},"28":{"start":{"line":83,"column":6},"end":{"line":83,"column":17}},"29":{"start":{"line":85,"column":4},"end":{"line":92,"column":5}},"30":{"start":{"line":86,"column":20},"end":{"line":86,"column":69}},"31":{"start":{"line":87,"column":6},"end":{"line":87,"column":84}},"32":{"start":{"line":88,"column":6},"end":{"line":88,"column":17}},"33":{"start":{"line":90,"column":6},"end":{"line":90,"column":59}},"34":{"start":{"line":91,"column":6},"end":{"line":91,"column":18}},"35":{"start":{"line":93,"column":4},"end":{"line":93,"column":44}},"36":{"start":{"line":98,"column":19},"end":{"line":117,"column":1}},"37":{"start":{"line":99,"column":17},"end":{"line":99,"column":30}},"38":{"start":{"line":101,"column":16},"end":{"line":101,"column":64}},"39":{"start":{"line":103,"column":14},"end":{"line":103,"column":38}},"40":{"start":{"line":104,"column":2},"end":{"line":116,"column":3}},"41":{"start":{"line":105,"column":4},"end":{"line":105,"column":83}},"42":{"start":{"line":107,"column":4},"end":{"line":115,"column":7}},"43":{"start":{"line":108,"column":25},"end":{"line":108,"column":57}},"44":{"start":{"line":109,"column":6},"end":{"line":112,"column":8}},"45":{"start":{"line":114,"column":8},"end":{"line":114,"column":64}},"46":{"start":{"line":119,"column":21},"end":{"line":140,"column":1}},"47":{"start":{"line":120,"column":16},"end":{"line":120,"column":64}},"48":{"start":{"line":122,"column":14},"end":{"line":122,"column":38}},"49":{"start":{"line":123,"column":2},"end":{"line":138,"column":3}},"50":{"start":{"line":124,"column":4},"end":{"line":124,"column":83}},"51":{"start":{"line":127,"column":4},"end":{"line":137,"column":5}},"52":{"start":{"line":128,"column":20},"end":{"line":128,"column":58}},"53":{"start":{"line":129,"column":6},"end":{"line":133,"column":8}},"54":{"start":{"line":135,"column":6},"end":{"line":135,"column":59}},"55":{"start":{"line":142,"column":19},"end":{"line":164,"column":1}},"56":{"start":{"line":143,"column":17},"end":{"line":143,"column":30}},"57":{"start":{"line":145,"column":16},"end":{"line":145,"column":64}},"58":{"start":{"line":147,"column":14},"end":{"line":147,"column":38}},"59":{"start":{"line":148,"column":2},"end":{"line":163,"column":3}},"60":{"start":{"line":149,"column":4},"end":{"line":149,"column":83}},"61":{"start":{"line":152,"column":4},"end":{"line":162,"column":5}},"62":{"start":{"line":153,"column":27},"end":{"line":155,"column":10}},"63":{"start":{"line":156,"column":8},"end":{"line":159,"column":10}},"64":{"start":{"line":161,"column":6},"end":{"line":161,"column":85}},"65":{"start":{"line":166,"column":18},"end":{"line":184,"column":1}},"66":{"start":{"line":168,"column":17},"end":{"line":168,"column":30}},"67":{"start":{"line":169,"column":16},"end":{"line":169,"column":55}},"68":{"start":{"line":171,"column":15},"end":{"line":171,"column":39}},"69":{"start":{"line":172,"column":2},"end":{"line":183,"column":3}},"70":{"start":{"line":173,"column":4},"end":{"line":173,"column":83}},"71":{"start":{"line":175,"column":4},"end":{"line":182,"column":5}},"72":{"start":{"line":176,"column":25},"end":{"line":176,"column":66}},"73":{"start":{"line":177,"column":6},"end":{"line":179,"column":8}},"74":{"start":{"line":181,"column":6},"end":{"line":181,"column":65}}},"fnMap":{"0":{"name":"(anonymous_0)","decl":{"start":{"line":8,"column":16},"end":{"line":8,"column":17}},"loc":{"start":{"line":8,"column":33},"end":{"line":35,"column":1}},"line":8},"1":{"name":"(anonymous_1)","decl":{"start":{"line":11,"column":60},"end":{"line":11,"column":61}},"loc":{"start":{"line":11,"column":79},"end":{"line":29,"column":3}},"line":11},"2":{"name":"(anonymous_2)","decl":{"start":{"line":20,"column":10},"end":{"line":20,"column":11}},"loc":{"start":{"line":20,"column":18},"end":{"line":24,"column":8}},"line":20},"3":{"name":"(anonymous_3)","decl":{"start":{"line":25,"column":11},"end":{"line":25,"column":12}},"loc":{"start":{"line":25,"column":20},"end":{"line":28,"column":6}},"line":25},"4":{"name":"(anonymous_4)","decl":{"start":{"line":38,"column":18},"end":{"line":38,"column":19}},"loc":{"start":{"line":38,"column":34},"end":{"line":70,"column":1}},"line":38},"5":{"name":"(anonymous_5)","decl":{"start":{"line":41,"column":31},"end":{"line":41,"column":32}},"loc":{"start":{"line":41,"column":44},"end":{"line":68,"column":3}},"line":41},"6":{"name":"(anonymous_6)","decl":{"start":{"line":72,"column":14},"end":{"line":72,"column":15}},"loc":{"start":{"line":72,"column":30},"end":{"line":95,"column":1}},"line":72},"7":{"name":"(anonymous_7)","decl":{"start":{"line":80,"column":50},"end":{"line":80,"column":51}},"loc":{"start":{"line":80,"column":66},"end":{"line":94,"column":3}},"line":80},"8":{"name":"(anonymous_8)","decl":{"start":{"line":98,"column":19},"end":{"line":98,"column":20}},"loc":{"start":{"line":98,"column":35},"end":{"line":117,"column":1}},"line":98},"9":{"name":"(anonymous_9)","decl":{"start":{"line":119,"column":21},"end":{"line":119,"column":22}},"loc":{"start":{"line":119,"column":37},"end":{"line":140,"column":1}},"line":119},"10":{"name":"(anonymous_10)","decl":{"start":{"line":142,"column":19},"end":{"line":142,"column":20}},"loc":{"start":{"line":142,"column":35},"end":{"line":164,"column":1}},"line":142},"11":{"name":"(anonymous_11)","decl":{"start":{"line":166,"column":18},"end":{"line":166,"column":19}},"loc":{"start":{"line":166,"column":34},"end":{"line":184,"column":1}},"line":166}},"branchMap":{"0":{"loc":{"start":{"line":13,"column":4},"end":{"line":18,"column":5}},"type":"if","locations":[{"start":{"line":13,"column":4},"end":{"line":18,"column":5}},{"start":{},"end":{}}],"line":13},"1":{"loc":{"start":{"line":14,"column":6},"end":{"line":16,"column":7}},"type":"if","locations":[{"start":{"line":14,"column":6},"end":{"line":16,"column":7}},{"start":{},"end":{}}],"line":14},"2":{"loc":{"start":{"line":42,"column":4},"end":{"line":67,"column":3}},"type":"if","locations":[{"start":{"line":42,"column":4},"end":{"line":67,"column":3}},{"start":{"line":44,"column":11},"end":{"line":67,"column":3}}],"line":42},"3":{"loc":{"start":{"line":77,"column":2},"end":{"line":79,"column":3}},"type":"if","locations":[{"start":{"line":77,"column":2},"end":{"line":79,"column":3}},{"start":{},"end":{}}],"line":77},"4":{"loc":{"start":{"line":81,"column":4},"end":{"line":84,"column":5}},"type":"if","locations":[{"start":{"line":81,"column":4},"end":{"line":84,"column":5}},{"start":{},"end":{}}],"line":81},"5":{"loc":{"start":{"line":85,"column":4},"end":{"line":92,"column":5}},"type":"if","locations":[{"start":{"line":85,"column":4},"end":{"line":92,"column":5}},{"start":{"line":89,"column":11},"end":{"line":92,"column":5}}],"line":85},"6":{"loc":{"start":{"line":104,"column":2},"end":{"line":116,"column":3}},"type":"if","locations":[{"start":{"line":104,"column":2},"end":{"line":116,"column":3}},{"start":{"line":106,"column":7},"end":{"line":116,"column":3}}],"line":104},"7":{"loc":{"start":{"line":123,"column":2},"end":{"line":138,"column":3}},"type":"if","locations":[{"start":{"line":123,"column":2},"end":{"line":138,"column":3}},{"start":{"line":125,"column":7},"end":{"line":138,"column":3}}],"line":123},"8":{"loc":{"start":{"line":148,"column":2},"end":{"line":163,"column":3}},"type":"if","locations":[{"start":{"line":148,"column":2},"end":{"line":163,"column":3}},{"start":{"line":150,"column":7},"end":{"line":163,"column":3}}],"line":148},"9":{"loc":{"start":{"line":172,"column":2},"end":{"line":183,"column":3}},"type":"if","locations":[{"start":{"line":172,"column":2},"end":{"line":183,"column":3}},{"start":{"line":174,"column":7},"end":{"line":183,"column":3}}],"line":172}},"s":{"0":1,"1":1,"2":0,"3":0,"4":0,"5":0,"6":0,"7":0,"8":0,"9":0,"10":0,"11":1,"12":0,"13":0,"14":0,"15":0,"16":0,"17":0,"18":0,"19":0,"20":0,"21":1,"22":0,"23":0,"24":0,"25":0,"26":0,"27":0,"28":0,"29":0,"30":0,"31":0,"32":0,"33":0,"34":0,"35":0,"36":1,"37":0,"38":0,"39":0,"40":0,"41":0,"42":0,"43":0,"44":0,"45":0,"46":1,"47":0,"48":0,"49":0,"50":0,"51":0,"52":0,"53":0,"54":0,"55":1,"56":0,"57":0,"58":0,"59":0,"60":0,"61":0,"62":0,"63":0,"64":0,"65":1,"66":0,"67":0,"68":0,"69":0,"70":0,"71":0,"72":0,"73":0,"74":0},"f":{"0":0,"1":0,"2":0,"3":0,"4":0,"5":0,"6":0,"7":0,"8":0,"9":0,"10":0,"11":0},"b":{"0":[0,0],"1":[0,0],"2":[0,0],"3":[0,0],"4":[0,0],"5":[0,0],"6":[0,0],"7":[0,0],"8":[0,0],"9":[0,0]},"_coverageSchema":"1a1c01bbd47fc00a2c39e90264f33305004495a9","hash":"72484587551e2b5b69331ca78f1c988852d04dc0"}
,"D:\\ATLP\\nodeproject\\src\\middleware\\auth.js": {"path":"D:\\ATLP\\nodeproject\\src\\middleware\\auth.js","statementMap":{"0":{"start":{"line":2,"column":25},"end":{"line":2,"column":53}},"1":{"start":{"line":4,"column":4},"end":{"line":15,"column":5}},"2":{"start":{"line":5,"column":21},"end":{"line":5,"column":43}},"3":{"start":{"line":7,"column":26},"end":{"line":7,"column":35}},"4":{"start":{"line":9,"column":6},"end":{"line":9,"column":30}},"5":{"start":{"line":11,"column":6},"end":{"line":11,"column":13}},"6":{"start":{"line":14,"column":6},"end":{"line":14,"column":59}}},"fnMap":{"0":{"name":"verifyToken","decl":{"start":{"line":1,"column":9},"end":{"line":1,"column":20}},"loc":{"start":{"line":1,"column":34},"end":{"line":16,"column":3}},"line":1}},"branchMap":{"0":{"loc":{"start":{"line":4,"column":4},"end":{"line":15,"column":5}},"type":"if","locations":[{"start":{"line":4,"column":4},"end":{"line":15,"column":5}},{"start":{"line":13,"column":9},"end":{"line":15,"column":5}}],"line":4}},"s":{"0":3,"1":3,"2":3,"3":3,"4":3,"5":3,"6":0},"f":{"0":3},"b":{"0":[3,0]},"_coverageSchema":"1a1c01bbd47fc00a2c39e90264f33305004495a9","hash":"66b46c0942f837ca20adc1b921e450ee7f57b99c"}
,"D:\\ATLP\\nodeproject\\src\\middleware\\blog_middleware.js": {"path":"D:\\ATLP\\nodeproject\\src\\middleware\\blog_middleware.js","statementMap":{"0":{"start":{"line":4,"column":22},"end":{"line":11,"column":1}},"1":{"start":{"line":5,"column":4},"end":{"line":5,"column":73}},"2":{"start":{"line":5,"column":24},"end":{"line":5,"column":73}},"3":{"start":{"line":6,"column":4},"end":{"line":6,"column":71}},"4":{"start":{"line":6,"column":23},"end":{"line":6,"column":71}},"5":{"start":{"line":7,"column":17},"end":{"line":7,"column":31}},"6":{"start":{"line":8,"column":17},"end":{"line":8,"column":55}},"7":{"start":{"line":9,"column":4},"end":{"line":9,"column":68}},"8":{"start":{"line":9,"column":13},"end":{"line":9,"column":68}},"9":{"start":{"line":10,"column":4},"end":{"line":10,"column":10}}},"fnMap":{"0":{"name":"(anonymous_0)","decl":{"start":{"line":4,"column":22},"end":{"line":4,"column":23}},"loc":{"start":{"line":4,"column":43},"end":{"line":11,"column":1}},"line":4}},"branchMap":{"0":{"loc":{"start":{"line":5,"column":4},"end":{"line":5,"column":73}},"type":"if","locations":[{"start":{"line":5,"column":4},"end":{"line":5,"column":73}},{"start":{},"end":{}}],"line":5},"1":{"loc":{"start":{"line":6,"column":4},"end":{"line":6,"column":71}},"type":"if","locations":[{"start":{"line":6,"column":4},"end":{"line":6,"column":71}},{"start":{},"end":{}}],"line":6},"2":{"loc":{"start":{"line":9,"column":4},"end":{"line":9,"column":68}},"type":"if","locations":[{"start":{"line":9,"column":4},"end":{"line":9,"column":68}},{"start":{},"end":{}}],"line":9}},"s":{"0":1,"1":3,"2":1,"3":2,"4":1,"5":1,"6":1,"7":1,"8":1,"9":0},"f":{"0":3},"b":{"0":[1,2],"1":[1,1],"2":[1,0]},"_coverageSchema":"1a1c01bbd47fc00a2c39e90264f33305004495a9","hash":"c74373dfc167f4d7b471531164b134c3c43d0971"}
,"D:\\ATLP\\nodeproject\\src\\middleware\\comments_middleware.js": {"path":"D:\\ATLP\\nodeproject\\src\\middleware\\comments_middleware.js","statementMap":{"0":{"start":{"line":4,"column":25},"end":{"line":10,"column":1}},"1":{"start":{"line":5,"column":4},"end":{"line":5,"column":77}},"2":{"start":{"line":5,"column":26},"end":{"line":5,"column":77}},"3":{"start":{"line":6,"column":17},"end":{"line":6,"column":25}},"4":{"start":{"line":7,"column":20},"end":{"line":7,"column":70}},"5":{"start":{"line":8,"column":4},"end":{"line":8,"column":73}},"6":{"start":{"line":8,"column":16},"end":{"line":8,"column":73}},"7":{"start":{"line":9,"column":4},"end":{"line":9,"column":10}}},"fnMap":{"0":{"name":"(anonymous_0)","decl":{"start":{"line":4,"column":25},"end":{"line":4,"column":26}},"loc":{"start":{"line":4,"column":46},"end":{"line":10,"column":1}},"line":4}},"branchMap":{"0":{"loc":{"start":{"line":5,"column":4},"end":{"line":5,"column":77}},"type":"if","locations":[{"start":{"line":5,"column":4},"end":{"line":5,"column":77}},{"start":{},"end":{}}],"line":5},"1":{"loc":{"start":{"line":8,"column":4},"end":{"line":8,"column":73}},"type":"if","locations":[{"start":{"line":8,"column":4},"end":{"line":8,"column":73}},{"start":{},"end":{}}],"line":8}},"s":{"0":1,"1":0,"2":0,"3":0,"4":0,"5":0,"6":0,"7":0},"f":{"0":0},"b":{"0":[0,0],"1":[0,0]},"_coverageSchema":"1a1c01bbd47fc00a2c39e90264f33305004495a9","hash":"9a9aa4b463f1d52ec6a5d2c609d4f190cbd5dc03"}
,"D:\\ATLP\\nodeproject\\src\\middleware\\messages_middleware.js": {"path":"D:\\ATLP\\nodeproject\\src\\middleware\\messages_middleware.js","statementMap":{"0":{"start":{"line":1,"column":25},"end":{"line":8,"column":1}},"1":{"start":{"line":2,"column":4},"end":{"line":2,"column":81}},"2":{"start":{"line":2,"column":28},"end":{"line":2,"column":81}},"3":{"start":{"line":3,"column":4},"end":{"line":3,"column":79}},"4":{"start":{"line":3,"column":27},"end":{"line":3,"column":79}},"5":{"start":{"line":4,"column":4},"end":{"line":4,"column":77}},"6":{"start":{"line":4,"column":26},"end":{"line":4,"column":77}},"7":{"start":{"line":5,"column":4},"end":{"line":5,"column":73}},"8":{"start":{"line":5,"column":24},"end":{"line":5,"column":73}},"9":{"start":{"line":6,"column":4},"end":{"line":6,"column":79}},"10":{"start":{"line":6,"column":39},"end":{"line":6,"column":79}},"11":{"start":{"line":7,"column":4},"end":{"line":7,"column":10}}},"fnMap":{"0":{"name":"(anonymous_0)","decl":{"start":{"line":1,"column":25},"end":{"line":1,"column":26}},"loc":{"start":{"line":1,"column":41},"end":{"line":8,"column":1}},"line":1}},"branchMap":{"0":{"loc":{"start":{"line":2,"column":4},"end":{"line":2,"column":81}},"type":"if","locations":[{"start":{"line":2,"column":4},"end":{"line":2,"column":81}},{"start":{},"end":{}}],"line":2},"1":{"loc":{"start":{"line":3,"column":4},"end":{"line":3,"column":79}},"type":"if","locations":[{"start":{"line":3,"column":4},"end":{"line":3,"column":79}},{"start":{},"end":{}}],"line":3},"2":{"loc":{"start":{"line":4,"column":4},"end":{"line":4,"column":77}},"type":"if","locations":[{"start":{"line":4,"column":4},"end":{"line":4,"column":77}},{"start":{},"end":{}}],"line":4},"3":{"loc":{"start":{"line":5,"column":4},"end":{"line":5,"column":73}},"type":"if","locations":[{"start":{"line":5,"column":4},"end":{"line":5,"column":73}},{"start":{},"end":{}}],"line":5},"4":{"loc":{"start":{"line":6,"column":4},"end":{"line":6,"column":79}},"type":"if","locations":[{"start":{"line":6,"column":4},"end":{"line":6,"column":79}},{"start":{},"end":{}}],"line":6}},"s":{"0":1,"1":0,"2":0,"3":0,"4":0,"5":0,"6":0,"7":0,"8":0,"9":0,"10":0,"11":0},"f":{"0":0},"b":{"0":[0,0],"1":[0,0],"2":[0,0],"3":[0,0],"4":[0,0]},"_coverageSchema":"1a1c01bbd47fc00a2c39e90264f33305004495a9","hash":"388be32e86c0a82a7c4f59768b5db7947f9bb28a"}
,"D:\\ATLP\\nodeproject\\src\\middleware\\signup_middleware.js": {"path":"D:\\ATLP\\nodeproject\\src\\middleware\\signup_middleware.js","statementMap":{"0":{"start":{"line":4,"column":24},"end":{"line":18,"column":1}},"1":{"start":{"line":5,"column":4},"end":{"line":5,"column":81}},"2":{"start":{"line":5,"column":28},"end":{"line":5,"column":81}},"3":{"start":{"line":6,"column":4},"end":{"line":6,"column":79}},"4":{"start":{"line":6,"column":27},"end":{"line":6,"column":79}},"5":{"start":{"line":7,"column":4},"end":{"line":7,"column":77}},"6":{"start":{"line":7,"column":26},"end":{"line":7,"column":77}},"7":{"start":{"line":8,"column":4},"end":{"line":8,"column":73}},"8":{"start":{"line":8,"column":24},"end":{"line":8,"column":73}},"9":{"start":{"line":9,"column":4},"end":{"line":9,"column":79}},"10":{"start":{"line":9,"column":39},"end":{"line":9,"column":79}},"11":{"start":{"line":10,"column":4},"end":{"line":10,"column":77}},"12":{"start":{"line":10,"column":26},"end":{"line":10,"column":77}},"13":{"start":{"line":11,"column":4},"end":{"line":11,"column":79}},"14":{"start":{"line":11,"column":27},"end":{"line":11,"column":79}},"15":{"start":{"line":12,"column":4},"end":{"line":12,"column":79}},"16":{"start":{"line":12,"column":27},"end":{"line":12,"column":79}},"17":{"start":{"line":13,"column":4},"end":{"line":13,"column":75}},"18":{"start":{"line":13,"column":25},"end":{"line":13,"column":75}},"19":{"start":{"line":14,"column":17},"end":{"line":14,"column":25}},"20":{"start":{"line":15,"column":17},"end":{"line":15,"column":61}},"21":{"start":{"line":16,"column":4},"end":{"line":16,"column":80}},"22":{"start":{"line":16,"column":13},"end":{"line":16,"column":80}},"23":{"start":{"line":17,"column":4},"end":{"line":17,"column":10}}},"fnMap":{"0":{"name":"(anonymous_0)","decl":{"start":{"line":4,"column":24},"end":{"line":4,"column":25}},"loc":{"start":{"line":4,"column":45},"end":{"line":18,"column":1}},"line":4}},"branchMap":{"0":{"loc":{"start":{"line":5,"column":4},"end":{"line":5,"column":81}},"type":"if","locations":[{"start":{"line":5,"column":4},"end":{"line":5,"column":81}},{"start":{},"end":{}}],"line":5},"1":{"loc":{"start":{"line":6,"column":4},"end":{"line":6,"column":79}},"type":"if","locations":[{"start":{"line":6,"column":4},"end":{"line":6,"column":79}},{"start":{},"end":{}}],"line":6},"2":{"loc":{"start":{"line":7,"column":4},"end":{"line":7,"column":77}},"type":"if","locations":[{"start":{"line":7,"column":4},"end":{"line":7,"column":77}},{"start":{},"end":{}}],"line":7},"3":{"loc":{"start":{"line":8,"column":4},"end":{"line":8,"column":73}},"type":"if","locations":[{"start":{"line":8,"column":4},"end":{"line":8,"column":73}},{"start":{},"end":{}}],"line":8},"4":{"loc":{"start":{"line":9,"column":4},"end":{"line":9,"column":79}},"type":"if","locations":[{"start":{"line":9,"column":4},"end":{"line":9,"column":79}},{"start":{},"end":{}}],"line":9},"5":{"loc":{"start":{"line":10,"column":4},"end":{"line":10,"column":77}},"type":"if","locations":[{"start":{"line":10,"column":4},"end":{"line":10,"column":77}},{"start":{},"end":{}}],"line":10},"6":{"loc":{"start":{"line":11,"column":4},"end":{"line":11,"column":79}},"type":"if","locations":[{"start":{"line":11,"column":4},"end":{"line":11,"column":79}},{"start":{},"end":{}}],"line":11},"7":{"loc":{"start":{"line":12,"column":4},"end":{"line":12,"column":79}},"type":"if","locations":[{"start":{"line":12,"column":4},"end":{"line":12,"column":79}},{"start":{},"end":{}}],"line":12},"8":{"loc":{"start":{"line":13,"column":4},"end":{"line":13,"column":75}},"type":"if","locations":[{"start":{"line":13,"column":4},"end":{"line":13,"column":75}},{"start":{},"end":{}}],"line":13},"9":{"loc":{"start":{"line":16,"column":4},"end":{"line":16,"column":80}},"type":"if","locations":[{"start":{"line":16,"column":4},"end":{"line":16,"column":80}},{"start":{},"end":{}}],"line":16}},"s":{"0":1,"1":0,"2":0,"3":0,"4":0,"5":0,"6":0,"7":0,"8":0,"9":0,"10":0,"11":0,"12":0,"13":0,"14":0,"15":0,"16":0,"17":0,"18":0,"19":0,"20":0,"21":0,"22":0,"23":0},"f":{"0":0},"b":{"0":[0,0],"1":[0,0],"2":[0,0],"3":[0,0],"4":[0,0],"5":[0,0],"6":[0,0],"7":[0,0],"8":[0,0],"9":[0,0]},"_coverageSchema":"1a1c01bbd47fc00a2c39e90264f33305004495a9","hash":"4bd74a62dbb1db822b12dd273e9de08e80f90dcd"}
,"D:\\ATLP\\nodeproject\\src\\routes\\blogs_routes.js": {"path":"D:\\ATLP\\nodeproject\\src\\routes\\blogs_routes.js","statementMap":{"0":{"start":{"line":6,"column":15},"end":{"line":6,"column":31}},"1":{"start":{"line":8,"column":0},"end":{"line":8,"column":70}},"2":{"start":{"line":9,"column":0},"end":{"line":9,"column":33}},"3":{"start":{"line":10,"column":0},"end":{"line":10,"column":34}},"4":{"start":{"line":11,"column":0},"end":{"line":11,"column":62}},"5":{"start":{"line":12,"column":0},"end":{"line":12,"column":62}}},"fnMap":{},"branchMap":{},"s":{"0":1,"1":1,"2":1,"3":1,"4":1,"5":1},"f":{},"b":{},"_coverageSchema":"1a1c01bbd47fc00a2c39e90264f33305004495a9","hash":"753a6a586a91cf17bdf1f7aa79b8bd4dfd8a096f"}
,"D:\\ATLP\\nodeproject\\src\\routes\\comments_routes.js": {"path":"D:\\ATLP\\nodeproject\\src\\routes\\comments_routes.js","statementMap":{"0":{"start":{"line":5,"column":15},"end":{"line":5,"column":31}},"1":{"start":{"line":7,"column":0},"end":{"line":7,"column":86}},"2":{"start":{"line":8,"column":0},"end":{"line":8,"column":57}},"3":{"start":{"line":9,"column":0},"end":{"line":9,"column":73}},"4":{"start":{"line":10,"column":0},"end":{"line":10,"column":76}}},"fnMap":{},"branchMap":{},"s":{"0":1,"1":1,"2":1,"3":1,"4":1},"f":{},"b":{},"_coverageSchema":"1a1c01bbd47fc00a2c39e90264f33305004495a9","hash":"4ec9f3a961e7f0ae1fa7436947b903e16e84e985"}
,"D:\\ATLP\\nodeproject\\src\\routes\\messages_routes.js": {"path":"D:\\ATLP\\nodeproject\\src\\routes\\messages_routes.js","statementMap":{"0":{"start":{"line":6,"column":15},"end":{"line":6,"column":31}},"1":{"start":{"line":8,"column":0},"end":{"line":8,"column":71}},"2":{"start":{"line":9,"column":0},"end":{"line":9,"column":51}},"3":{"start":{"line":10,"column":0},"end":{"line":10,"column":52}},"4":{"start":{"line":11,"column":0},"end":{"line":11,"column":71}}},"fnMap":{},"branchMap":{},"s":{"0":1,"1":1,"2":1,"3":1,"4":1},"f":{},"b":{},"_coverageSchema":"1a1c01bbd47fc00a2c39e90264f33305004495a9","hash":"3d3c674b37c95dc98d1f42084867e96de3126de6"}
,"D:\\ATLP\\nodeproject\\src\\routes\\project_routes.js": {"path":"D:\\ATLP\\nodeproject\\src\\routes\\project_routes.js","statementMap":{"0":{"start":{"line":5,"column":15},"end":{"line":5,"column":31}},"1":{"start":{"line":7,"column":0},"end":{"line":7,"column":65}},"2":{"start":{"line":8,"column":0},"end":{"line":8,"column":39}},"3":{"start":{"line":9,"column":0},"end":{"line":9,"column":40}},"4":{"start":{"line":10,"column":0},"end":{"line":10,"column":68}},"5":{"start":{"line":11,"column":0},"end":{"line":11,"column":71}}},"fnMap":{},"branchMap":{},"s":{"0":1,"1":1,"2":1,"3":1,"4":1,"5":1},"f":{},"b":{},"_coverageSchema":"1a1c01bbd47fc00a2c39e90264f33305004495a9","hash":"8dc92ff03144beb19355646ec7d53fdac50906fb"}
,"D:\\ATLP\\nodeproject\\src\\routes\\skills_routes.js": {"path":"D:\\ATLP\\nodeproject\\src\\routes\\skills_routes.js","statementMap":{"0":{"start":{"line":5,"column":15},"end":{"line":5,"column":31}},"1":{"start":{"line":7,"column":0},"end":{"line":7,"column":59}},"2":{"start":{"line":8,"column":0},"end":{"line":8,"column":35}},"3":{"start":{"line":9,"column":0},"end":{"line":9,"column":36}},"4":{"start":{"line":10,"column":0},"end":{"line":10,"column":62}},"5":{"start":{"line":11,"column":0},"end":{"line":11,"column":65}}},"fnMap":{},"branchMap":{},"s":{"0":1,"1":1,"2":1,"3":1,"4":1,"5":1},"f":{},"b":{},"_coverageSchema":"1a1c01bbd47fc00a2c39e90264f33305004495a9","hash":"39e4c31f7d8bbc80b6763a22485857c1eea7a905"}
,"D:\\ATLP\\nodeproject\\src\\routes\\subscription_router.js": {"path":"D:\\ATLP\\nodeproject\\src\\routes\\subscription_router.js","statementMap":{"0":{"start":{"line":5,"column":15},"end":{"line":5,"column":31}},"1":{"start":{"line":7,"column":0},"end":{"line":7,"column":68}},"2":{"start":{"line":8,"column":0},"end":{"line":8,"column":61}},"3":{"start":{"line":9,"column":0},"end":{"line":9,"column":50}},"4":{"start":{"line":10,"column":0},"end":{"line":10,"column":74}}},"fnMap":{},"branchMap":{},"s":{"0":1,"1":1,"2":1,"3":1,"4":1},"f":{},"b":{},"_coverageSchema":"1a1c01bbd47fc00a2c39e90264f33305004495a9","hash":"c1da6cda70e3f5da43d99e190d20fa865d6c7f0c"}
,"D:\\ATLP\\nodeproject\\src\\routes\\user_routes.js": {"path":"D:\\ATLP\\nodeproject\\src\\routes\\user_routes.js","statementMap":{"0":{"start":{"line":5,"column":15},"end":{"line":5,"column":31}},"1":{"start":{"line":7,"column":0},"end":{"line":7,"column":37}},"2":{"start":{"line":9,"column":0},"end":{"line":9,"column":51}},"3":{"start":{"line":10,"column":0},"end":{"line":10,"column":45}},"4":{"start":{"line":12,"column":0},"end":{"line":12,"column":49}},"5":{"start":{"line":13,"column":0},"end":{"line":13,"column":55}},"6":{"start":{"line":15,"column":0},"end":{"line":15,"column":58}},"7":{"start":{"line":17,"column":0},"end":{"line":17,"column":28}}},"fnMap":{},"branchMap":{},"s":{"0":1,"1":1,"2":1,"3":1,"4":1,"5":1,"6":1,"7":1},"f":{},"b":{},"_coverageSchema":"1a1c01bbd47fc00a2c39e90264f33305004495a9","hash":"9a547b5cfc4172fd457c78eb0800219c451b556b"}
,"D:\\ATLP\\nodeproject\\src\\schemas\\CommentSchema.js": {"path":"D:\\ATLP\\nodeproject\\src\\schemas\\CommentSchema.js","statementMap":{"0":{"start":{"line":3,"column":17},"end":{"line":3,"column":25}},"1":{"start":{"line":5,"column":22},"end":{"line":12,"column":2}},"2":{"start":{"line":14,"column":16},"end":{"line":14,"column":64}}},"fnMap":{},"branchMap":{},"s":{"0":1,"1":1,"2":1},"f":{},"b":{},"_coverageSchema":"1a1c01bbd47fc00a2c39e90264f33305004495a9","hash":"f95cbdafbd93a6f4889a766b7c566a0c326d6a2b"}
,"D:\\ATLP\\nodeproject\\src\\schemas\\blogsSchema.js": {"path":"D:\\ATLP\\nodeproject\\src\\schemas\\blogsSchema.js","statementMap":{"0":{"start":{"line":3,"column":17},"end":{"line":3,"column":25}},"1":{"start":{"line":5,"column":20},"end":{"line":14,"column":2}},"2":{"start":{"line":16,"column":14},"end":{"line":16,"column":58}}},"fnMap":{},"branchMap":{},"s":{"0":1,"1":1,"2":1},"f":{},"b":{},"_coverageSchema":"1a1c01bbd47fc00a2c39e90264f33305004495a9","hash":"3c823dcc79921bb1ebff13e7f7229d70a928425e"}
,"D:\\ATLP\\nodeproject\\src\\schemas\\messageSchema.js": {"path":"D:\\ATLP\\nodeproject\\src\\schemas\\messageSchema.js","statementMap":{"0":{"start":{"line":3,"column":17},"end":{"line":3,"column":25}},"1":{"start":{"line":5,"column":22},"end":{"line":11,"column":2}},"2":{"start":{"line":13,"column":17},"end":{"line":13,"column":66}}},"fnMap":{},"branchMap":{},"s":{"0":1,"1":1,"2":1},"f":{},"b":{},"_coverageSchema":"1a1c01bbd47fc00a2c39e90264f33305004495a9","hash":"67e0db79278334b9030d0d8124b49755f0f60132"}
,"D:\\ATLP\\nodeproject\\src\\schemas\\projectSchema.js": {"path":"D:\\ATLP\\nodeproject\\src\\schemas\\projectSchema.js","statementMap":{"0":{"start":{"line":3,"column":17},"end":{"line":3,"column":25}},"1":{"start":{"line":5,"column":22},"end":{"line":11,"column":2}},"2":{"start":{"line":13,"column":16},"end":{"line":13,"column":64}}},"fnMap":{},"branchMap":{},"s":{"0":1,"1":1,"2":1},"f":{},"b":{},"_coverageSchema":"1a1c01bbd47fc00a2c39e90264f33305004495a9","hash":"6aa26651336b0a9aa14156c596e3a123ae3fcba0"}
,"D:\\ATLP\\nodeproject\\src\\schemas\\skillSchema.js": {"path":"D:\\ATLP\\nodeproject\\src\\schemas\\skillSchema.js","statementMap":{"0":{"start":{"line":3,"column":17},"end":{"line":3,"column":25}},"1":{"start":{"line":5,"column":20},"end":{"line":10,"column":2}},"2":{"start":{"line":12,"column":14},"end":{"line":12,"column":58}}},"fnMap":{},"branchMap":{},"s":{"0":1,"1":1,"2":1},"f":{},"b":{},"_coverageSchema":"1a1c01bbd47fc00a2c39e90264f33305004495a9","hash":"29ea98508d7e7d06bb16b78b03d8dc93f2f5f327"}
,"D:\\ATLP\\nodeproject\\src\\schemas\\subscriptionSchema.js": {"path":"D:\\ATLP\\nodeproject\\src\\schemas\\subscriptionSchema.js","statementMap":{"0":{"start":{"line":3,"column":17},"end":{"line":3,"column":25}},"1":{"start":{"line":5,"column":27},"end":{"line":11,"column":2}},"2":{"start":{"line":13,"column":22},"end":{"line":13,"column":81}}},"fnMap":{},"branchMap":{},"s":{"0":1,"1":1,"2":1},"f":{},"b":{},"_coverageSchema":"1a1c01bbd47fc00a2c39e90264f33305004495a9","hash":"bc2cda8a99ba9076d1d45488f6a0a8f06475a279"}
,"D:\\ATLP\\nodeproject\\src\\schemas\\userSchema.js": {"path":"D:\\ATLP\\nodeproject\\src\\schemas\\userSchema.js","statementMap":{"0":{"start":{"line":3,"column":17},"end":{"line":3,"column":25}},"1":{"start":{"line":5,"column":20},"end":{"line":16,"column":2}},"2":{"start":{"line":18,"column":14},"end":{"line":18,"column":58}}},"fnMap":{},"branchMap":{},"s":{"0":1,"1":1,"2":1},"f":{},"b":{},"_coverageSchema":"1a1c01bbd47fc00a2c39e90264f33305004495a9","hash":"7bfae0187f20f95880cf806e5ab4f29a002f553f"}
}
