TN:
SF:config.js
FNF:0
FNH:0
DA:3,1
DA:5,1
DA:19,1
LF:3
LH:3
BRDA:13,0,0,1
BRDA:13,0,1,0
BRF:2
BRH:1
end_of_record
TN:
SF:src\index.js
FN:35,(anonymous_0)
FNF:1
FNH:1
FNDA:1,(anonymous_0)
DA:14,1
DA:15,1
DA:17,1
DA:19,1
DA:20,1
DA:24,1
DA:25,1
DA:26,1
DA:27,1
DA:28,1
DA:29,1
DA:30,1
DA:35,1
LF:13
LH:13
BRF:0
BRH:0
end_of_record
TN:
SF:src\controllers\blog_controllers.js
FN:7,(anonymous_0)
FN:34,(anonymous_1)
FN:50,(anonymous_2)
FN:63,(anonymous_3)
FN:93,(anonymous_4)
FN:118,(anonymous_5)
FNF:6
FNH:0
FNDA:0,(anonymous_0)
FNDA:0,(anonymous_1)
FNDA:0,(anonymous_2)
FNDA:0,(anonymous_3)
FNDA:0,(anonymous_4)
FNDA:0,(anonymous_5)
DA:5,1
DA:7,1
DA:8,0
DA:10,0
DA:11,0
DA:12,0
DA:14,0
DA:15,0
DA:24,0
DA:29,0
DA:34,1
DA:35,0
DA:37,0
DA:38,0
DA:39,0
DA:46,0
DA:50,1
DA:51,0
DA:52,0
DA:53,0
DA:57,0
DA:63,1
DA:64,0
DA:66,0
DA:68,0
DA:69,0
DA:70,0
DA:73,0
DA:74,0
DA:75,0
DA:76,0
DA:77,0
DA:82,0
DA:88,0
DA:93,1
DA:95,0
DA:96,0
DA:98,0
DA:99,0
DA:100,0
DA:102,0
DA:103,0
DA:104,0
DA:105,0
DA:109,0
DA:114,0
DA:118,1
DA:119,0
DA:122,0
DA:123,0
DA:124,0
DA:126,0
DA:127,0
DA:128,0
DA:129,0
DA:133,0
DA:139,0
LF:57
LH:7
BRDA:11,0,0,0
BRDA:11,0,1,0
BRDA:69,1,0,0
BRDA:69,1,1,0
BRDA:76,2,0,0
BRDA:76,2,1,0
BRDA:99,3,0,0
BRDA:99,3,1,0
BRDA:104,4,0,0
BRDA:104,4,1,0
BRDA:123,5,0,0
BRDA:123,5,1,0
BRDA:128,6,0,0
BRDA:128,6,1,0
BRF:14
BRH:0
end_of_record
TN:
SF:src\controllers\comments_controllers.js
FN:8,(anonymous_0)
FN:41,(anonymous_1)
FN:65,(anonymous_2)
FN:95,(anonymous_3)
FN:127,(anonymous_4)
FNF:5
FNH:0
FNDA:0,(anonymous_0)
FNDA:0,(anonymous_1)
FNDA:0,(anonymous_2)
FNDA:0,(anonymous_3)
FNDA:0,(anonymous_4)
DA:6,1
DA:8,1
DA:9,0
DA:10,0
DA:12,0
DA:13,0
DA:14,0
DA:15,0
DA:16,0
DA:23,0
DA:28,0
DA:29,0
DA:30,0
DA:32,0
DA:36,0
DA:41,1
DA:42,0
DA:44,0
DA:45,0
DA:46,0
DA:47,0
DA:49,0
DA:50,0
DA:58,0
DA:59,0
DA:61,0
DA:65,1
DA:66,0
DA:68,0
DA:69,0
DA:71,0
DA:73,0
DA:74,0
DA:75,0
DA:76,0
DA:77,0
DA:80,0
DA:85,0
DA:88,0
DA:95,1
DA:96,0
DA:97,0
DA:99,0
DA:100,0
DA:102,0
DA:103,0
DA:104,0
DA:105,0
DA:106,0
DA:107,0
DA:108,0
DA:112,0
DA:115,0
DA:116,0
DA:117,0
DA:120,0
DA:123,0
DA:127,1
DA:128,0
DA:130,0
DA:132,0
DA:133,0
DA:134,0
DA:136,0
DA:137,0
DA:138,0
DA:139,0
DA:140,0
DA:145,0
DA:148,0
LF:70
LH:6
BRDA:13,0,0,0
BRDA:13,0,1,0
BRDA:69,1,0,0
BRDA:69,1,1,0
BRDA:74,2,0,0
BRDA:74,2,1,0
BRDA:100,3,0,0
BRDA:100,3,1,0
BRDA:103,4,0,0
BRDA:103,4,1,0
BRDA:107,5,0,0
BRDA:107,5,1,0
BRDA:133,6,0,0
BRDA:133,6,1,0
BRDA:137,7,0,0
BRDA:137,7,1,0
BRF:16
BRH:0
end_of_record
TN:
SF:src\controllers\message_controllers.js
FN:7,(anonymous_0)
FN:31,(anonymous_1)
FN:52,(anonymous_2)
FN:73,(anonymous_3)
FN:93,(anonymous_4)
FNF:5
FNH:0
FNDA:0,(anonymous_0)
FNDA:0,(anonymous_1)
FNDA:0,(anonymous_2)
FNDA:0,(anonymous_3)
FNDA:0,(anonymous_4)
DA:5,1
DA:7,1
DA:8,0
DA:9,0
DA:18,0
DA:24,0
DA:31,1
DA:32,0
DA:34,0
DA:36,0
DA:37,0
DA:38,0
DA:40,0
DA:41,0
DA:42,0
DA:47,0
DA:52,1
DA:54,0
DA:56,0
DA:57,0
DA:58,0
DA:60,0
DA:61,0
DA:62,0
DA:67,0
DA:73,1
DA:74,0
DA:75,0
DA:77,0
DA:78,0
DA:79,0
DA:82,0
DA:83,0
DA:84,0
DA:88,0
DA:93,1
DA:94,0
DA:96,0
DA:97,0
DA:98,0
DA:100,0
DA:101,0
DA:102,0
DA:107,0
LF:44
LH:6
BRDA:37,0,0,0
BRDA:37,0,1,0
BRDA:57,1,0,0
BRDA:57,1,1,0
BRDA:78,2,0,0
BRDA:78,2,1,0
BRDA:97,3,0,0
BRDA:97,3,1,0
BRF:8
BRH:0
end_of_record
TN:
SF:src\controllers\project_controllers.js
FN:8,(anonymous_0)
FN:32,(anonymous_1)
FN:46,(anonymous_2)
FN:61,(anonymous_3)
FN:84,(anonymous_4)
FN:103,(anonymous_5)
FNF:6
FNH:0
FNDA:0,(anonymous_0)
FNDA:0,(anonymous_1)
FNDA:0,(anonymous_2)
FNDA:0,(anonymous_3)
FNDA:0,(anonymous_4)
FNDA:0,(anonymous_5)
DA:5,1
DA:8,1
DA:9,0
DA:11,0
DA:12,0
DA:13,0
DA:15,0
DA:16,0
DA:22,0
DA:27,0
DA:32,1
DA:33,0
DA:35,0
DA:36,0
DA:37,0
DA:42,0
DA:46,1
DA:47,0
DA:48,0
DA:49,0
DA:55,0
DA:61,1
DA:62,0
DA:63,0
DA:65,0
DA:66,0
DA:67,0
DA:70,0
DA:71,0
DA:74,0
DA:79,0
DA:84,1
DA:85,0
DA:86,0
DA:88,0
DA:89,0
DA:90,0
DA:93,0
DA:94,0
DA:95,0
DA:99,0
DA:103,1
DA:104,0
DA:106,0
DA:107,0
DA:108,0
DA:110,0
DA:111,0
DA:112,0
DA:117,0
LF:50
LH:7
BRDA:12,0,0,0
BRDA:12,0,1,0
BRDA:66,1,0,0
BRDA:66,1,1,0
BRDA:89,2,0,0
BRDA:89,2,1,0
BRDA:107,3,0,0
BRDA:107,3,1,0
BRF:8
BRH:0
end_of_record
TN:
SF:src\controllers\skill_controllers.js
FN:7,(anonymous_0)
FN:31,(anonymous_1)
FN:45,(anonymous_2)
FN:60,(anonymous_3)
FN:83,(anonymous_4)
FN:101,(anonymous_5)
FNF:6
FNH:0
FNDA:0,(anonymous_0)
FNDA:0,(anonymous_1)
FNDA:0,(anonymous_2)
FNDA:0,(anonymous_3)
FNDA:0,(anonymous_4)
FNDA:0,(anonymous_5)
DA:5,1
DA:7,1
DA:8,0
DA:9,0
DA:11,0
DA:12,0
DA:13,0
DA:15,0
DA:16,0
DA:21,0
DA:26,0
DA:31,1
DA:32,0
DA:34,0
DA:35,0
DA:36,0
DA:41,0
DA:45,1
DA:46,0
DA:47,0
DA:48,0
DA:54,0
DA:60,1
DA:61,0
DA:62,0
DA:64,0
DA:65,0
DA:66,0
DA:69,0
DA:70,0
DA:73,0
DA:78,0
DA:83,1
DA:84,0
DA:85,0
DA:87,0
DA:88,0
DA:89,0
DA:91,0
DA:92,0
DA:93,0
DA:97,0
DA:101,1
DA:102,0
DA:103,0
DA:104,0
DA:105,0
DA:107,0
DA:108,0
DA:109,0
DA:114,0
LF:51
LH:7
BRDA:12,0,0,0
BRDA:12,0,1,0
BRDA:65,1,0,0
BRDA:65,1,1,0
BRDA:88,2,0,0
BRDA:88,2,1,0
BRDA:104,3,0,0
BRDA:104,3,1,0
BRF:8
BRH:0
end_of_record
TN:
SF:src\controllers\subscriptions_controllers.js
FN:7,(anonymous_0)
FN:29,(anonymous_1)
FN:43,(anonymous_2)
FN:65,(anonymous_3)
FN:79,(anonymous_4)
FNF:5
FNH:0
FNDA:0,(anonymous_0)
FNDA:0,(anonymous_1)
FNDA:0,(anonymous_2)
FNDA:0,(anonymous_3)
FNDA:0,(anonymous_4)
DA:5,1
DA:7,1
DA:8,0
DA:9,0
DA:15,0
DA:21,0
DA:22,0
DA:29,1
DA:30,0
DA:32,0
DA:33,0
DA:34,0
DA:39,0
DA:43,1
DA:44,0
DA:45,0
DA:46,0
DA:47,0
DA:49,0
DA:50,0
DA:51,0
DA:57,0
DA:65,1
DA:66,0
DA:67,0
DA:68,0
DA:69,0
DA:73,0
DA:79,1
DA:80,0
DA:81,0
DA:82,0
DA:83,0
DA:85,0
DA:86,0
DA:87,0
DA:92,0
LF:37
LH:6
BRDA:46,0,0,0
BRDA:46,0,1,0
BRDA:82,1,0,0
BRDA:82,1,1,0
BRF:4
BRH:0
end_of_record
TN:
SF:src\controllers\user_controllers.js
FN:8,(anonymous_0)
FN:11,(anonymous_1)
FN:20,(anonymous_2)
FN:25,(anonymous_3)
FN:38,(anonymous_4)
FN:41,(anonymous_5)
FN:72,(anonymous_6)
FN:80,(anonymous_7)
FN:98,(anonymous_8)
FN:119,(anonymous_9)
FN:142,(anonymous_10)
FN:166,(anonymous_11)
FNF:12
FNH:0
FNDA:0,(anonymous_0)
FNDA:0,(anonymous_1)
FNDA:0,(anonymous_2)
FNDA:0,(anonymous_3)
FNDA:0,(anonymous_4)
FNDA:0,(anonymous_5)
FNDA:0,(anonymous_6)
FNDA:0,(anonymous_7)
FNDA:0,(anonymous_8)
FNDA:0,(anonymous_9)
FNDA:0,(anonymous_10)
FNDA:0,(anonymous_11)
DA:6,1
DA:8,1
DA:9,0
DA:11,0
DA:13,0
DA:14,0
DA:15,0
DA:17,0
DA:19,0
DA:20,0
DA:25,0
DA:38,1
DA:40,0
DA:41,0
DA:42,0
DA:43,0
DA:45,0
DA:46,0
DA:47,0
DA:59,0
DA:64,0
DA:72,1
DA:76,0
DA:77,0
DA:78,0
DA:80,0
DA:81,0
DA:82,0
DA:83,0
DA:85,0
DA:86,0
DA:87,0
DA:88,0
DA:90,0
DA:91,0
DA:93,0
DA:98,1
DA:99,0
DA:101,0
DA:103,0
DA:104,0
DA:105,0
DA:107,0
DA:108,0
DA:109,0
DA:114,0
DA:119,1
DA:120,0
DA:122,0
DA:123,0
DA:124,0
DA:127,0
DA:128,0
DA:129,0
DA:135,0
DA:142,1
DA:143,0
DA:145,0
DA:147,0
DA:148,0
DA:149,0
DA:152,0
DA:153,0
DA:156,0
DA:161,0
DA:166,1
DA:168,0
DA:169,0
DA:171,0
DA:172,0
DA:173,0
DA:175,0
DA:176,0
DA:177,0
DA:181,0
LF:75
LH:8
BRDA:13,0,0,0
BRDA:13,0,1,0
BRDA:14,1,0,0
BRDA:14,1,1,0
BRDA:42,2,0,0
BRDA:42,2,1,0
BRDA:77,3,0,0
BRDA:77,3,1,0
BRDA:81,4,0,0
BRDA:81,4,1,0
BRDA:85,5,0,0
BRDA:85,5,1,0
BRDA:104,6,0,0
BRDA:104,6,1,0
BRDA:123,7,0,0
BRDA:123,7,1,0
BRDA:148,8,0,0
BRDA:148,8,1,0
BRDA:172,9,0,0
BRDA:172,9,1,0
BRF:20
BRH:0
end_of_record
TN:
SF:src\middleware\auth.js
FN:1,verifyToken
FNF:1
FNH:1
FNDA:3,verifyToken
DA:2,3
DA:4,3
DA:5,3
DA:7,3
DA:9,3
DA:11,3
DA:14,0
LF:7
LH:6
BRDA:4,0,0,3
BRDA:4,0,1,0
BRF:2
BRH:1
end_of_record
TN:
SF:src\middleware\blog_middleware.js
FN:4,(anonymous_0)
FNF:1
FNH:1
FNDA:3,(anonymous_0)
DA:4,1
DA:5,3
DA:6,2
DA:7,1
DA:8,1
DA:9,1
DA:10,0
LF:7
LH:6
BRDA:5,0,0,1
BRDA:5,0,1,2
BRDA:6,1,0,1
BRDA:6,1,1,1
BRDA:9,2,0,1
BRDA:9,2,1,0
BRF:6
BRH:5
end_of_record
TN:
SF:src\middleware\comments_middleware.js
FN:4,(anonymous_0)
FNF:1
FNH:0
FNDA:0,(anonymous_0)
DA:4,1
DA:5,0
DA:6,0
DA:7,0
DA:8,0
DA:9,0
LF:6
LH:1
BRDA:5,0,0,0
BRDA:5,0,1,0
BRDA:8,1,0,0
BRDA:8,1,1,0
BRF:4
BRH:0
end_of_record
TN:
SF:src\middleware\messages_middleware.js
FN:1,(anonymous_0)
FNF:1
FNH:0
FNDA:0,(anonymous_0)
DA:1,1
DA:2,0
DA:3,0
DA:4,0
DA:5,0
DA:6,0
DA:7,0
LF:7
LH:1
BRDA:2,0,0,0
BRDA:2,0,1,0
BRDA:3,1,0,0
BRDA:3,1,1,0
BRDA:4,2,0,0
BRDA:4,2,1,0
BRDA:5,3,0,0
BRDA:5,3,1,0
BRDA:6,4,0,0
BRDA:6,4,1,0
BRF:10
BRH:0
end_of_record
TN:
SF:src\middleware\signup_middleware.js
FN:4,(anonymous_0)
FNF:1
FNH:0
FNDA:0,(anonymous_0)
DA:4,1
DA:5,0
DA:6,0
DA:7,0
DA:8,0
DA:9,0
DA:10,0
DA:11,0
DA:12,0
DA:13,0
DA:14,0
DA:15,0
DA:16,0
DA:17,0
LF:14
LH:1
BRDA:5,0,0,0
BRDA:5,0,1,0
BRDA:6,1,0,0
BRDA:6,1,1,0
BRDA:7,2,0,0
BRDA:7,2,1,0
BRDA:8,3,0,0
BRDA:8,3,1,0
BRDA:9,4,0,0
BRDA:9,4,1,0
BRDA:10,5,0,0
BRDA:10,5,1,0
BRDA:11,6,0,0
BRDA:11,6,1,0
BRDA:12,7,0,0
BRDA:12,7,1,0
BRDA:13,8,0,0
BRDA:13,8,1,0
BRDA:16,9,0,0
BRDA:16,9,1,0
BRF:20
BRH:0
end_of_record
TN:
SF:src\routes\blogs_routes.js
FNF:0
FNH:0
DA:6,1
DA:8,1
DA:9,1
DA:10,1
DA:11,1
DA:12,1
LF:6
LH:6
BRF:0
BRH:0
end_of_record
TN:
SF:src\routes\comments_routes.js
FNF:0
FNH:0
DA:5,1
DA:7,1
DA:8,1
DA:9,1
DA:10,1
LF:5
LH:5
BRF:0
BRH:0
end_of_record
TN:
SF:src\routes\messages_routes.js
FNF:0
FNH:0
DA:6,1
DA:8,1
DA:9,1
DA:10,1
DA:11,1
LF:5
LH:5
BRF:0
BRH:0
end_of_record
TN:
SF:src\routes\project_routes.js
FNF:0
FNH:0
DA:5,1
DA:7,1
DA:8,1
DA:9,1
DA:10,1
DA:11,1
LF:6
LH:6
BRF:0
BRH:0
end_of_record
TN:
SF:src\routes\skills_routes.js
FNF:0
FNH:0
DA:5,1
DA:7,1
DA:8,1
DA:9,1
DA:10,1
DA:11,1
LF:6
LH:6
BRF:0
BRH:0
end_of_record
TN:
SF:src\routes\subscription_router.js
FNF:0
FNH:0
DA:5,1
DA:7,1
DA:8,1
DA:9,1
DA:10,1
LF:5
LH:5
BRF:0
BRH:0
end_of_record
TN:
SF:src\routes\user_routes.js
FNF:0
FNH:0
DA:5,1
DA:7,1
DA:9,1
DA:10,1
DA:12,1
DA:13,1
DA:15,1
DA:17,1
LF:8
LH:8
BRF:0
BRH:0
end_of_record
TN:
SF:src\schemas\CommentSchema.js
FNF:0
FNH:0
DA:3,1
DA:5,1
DA:14,1
LF:3
LH:3
BRF:0
BRH:0
end_of_record
TN:
SF:src\schemas\blogsSchema.js
FNF:0
FNH:0
DA:3,1
DA:5,1
DA:16,1
LF:3
LH:3
BRF:0
BRH:0
end_of_record
TN:
SF:src\schemas\messageSchema.js
FNF:0
FNH:0
DA:3,1
DA:5,1
DA:13,1
LF:3
LH:3
BRF:0
BRH:0
end_of_record
TN:
SF:src\schemas\projectSchema.js
FNF:0
FNH:0
DA:3,1
DA:5,1
DA:13,1
LF:3
LH:3
BRF:0
BRH:0
end_of_record
TN:
SF:src\schemas\skillSchema.js
FNF:0
FNH:0
DA:3,1
DA:5,1
DA:12,1
LF:3
LH:3
BRF:0
BRH:0
end_of_record
TN:
SF:src\schemas\subscriptionSchema.js
FNF:0
FNH:0
DA:3,1
DA:5,1
DA:13,1
LF:3
LH:3
BRF:0
BRH:0
end_of_record
TN:
SF:src\schemas\userSchema.js
FNF:0
FNH:0
DA:3,1
DA:5,1
DA:18,1
LF:3
LH:3
BRF:0
BRH:0
end_of_record
