TN:
SF:src\index.js
FN:35,(anonymous_0)
FNF:1
FNH:1
FNDA:1,(anonymous_0)
DA:14,1
DA:15,1
DA:17,1
DA:19,1
DA:21,1
DA:22,1
DA:23,1
DA:24,1
DA:25,1
DA:26,1
DA:27,1
DA:28,1
DA:29,1
DA:30,1
DA:35,1
LF:15
LH:15
BRF:0
BRH:0
end_of_record
TN:
SF:src\controllers\blog_controllers.js
FN:10,(anonymous_0)
FN:37,(anonymous_1)
FN:53,(anonymous_2)
FN:68,(anonymous_3)
FN:99,(anonymous_4)
FN:124,(anonymous_5)
FNF:6
FNH:0
FNDA:0,(anonymous_0)
FNDA:0,(anonymous_1)
FNDA:0,(anonymous_2)
FNDA:0,(anonymous_3)
FNDA:0,(anonymous_4)
FNDA:0,(anonymous_5)
DA:6,1
DA:8,1
DA:10,1
DA:11,0
DA:13,0
DA:14,0
DA:15,0
DA:17,0
DA:18,0
DA:27,0
DA:32,0
DA:37,1
DA:38,0
DA:40,0
DA:41,0
DA:42,0
DA:49,0
DA:53,1
DA:54,0
DA:55,0
DA:56,0
DA:62,0
DA:68,1
DA:69,0
DA:71,0
DA:73,0
DA:74,0
DA:75,0
DA:78,0
DA:79,0
DA:82,0
DA:83,0
DA:88,0
DA:94,0
DA:99,1
DA:101,0
DA:102,0
DA:104,0
DA:105,0
DA:106,0
DA:108,0
DA:109,0
DA:110,0
DA:111,0
DA:115,0
DA:120,0
DA:124,1
DA:125,0
DA:128,0
DA:129,0
DA:130,0
DA:132,0
DA:133,0
DA:134,0
DA:135,0
DA:139,0
DA:145,0
LF:57
LH:8
BRDA:14,0,0,0
BRDA:14,0,1,0
BRDA:74,1,0,0
BRDA:74,1,1,0
BRDA:82,2,0,0
BRDA:82,2,1,0
BRDA:105,3,0,0
BRDA:105,3,1,0
BRDA:110,4,0,0
BRDA:110,4,1,0
BRDA:129,5,0,0
BRDA:129,5,1,0
BRDA:134,6,0,0
BRDA:134,6,1,0
BRF:14
BRH:0
end_of_record
TN:
SF:src\controllers\comments_controllers.js
FN:12,(anonymous_0)
FN:45,(anonymous_1)
FN:69,(anonymous_2)
FN:99,(anonymous_3)
FN:131,(anonymous_4)
FNF:5
FNH:0
FNDA:0,(anonymous_0)
FNDA:0,(anonymous_1)
FNDA:0,(anonymous_2)
FNDA:0,(anonymous_3)
FNDA:0,(anonymous_4)
DA:7,1
DA:9,1
DA:12,1
DA:13,0
DA:14,0
DA:16,0
DA:17,0
DA:18,0
DA:19,0
DA:20,0
DA:27,0
DA:32,0
DA:33,0
DA:34,0
DA:36,0
DA:40,0
DA:45,1
DA:46,0
DA:48,0
DA:49,0
DA:50,0
DA:51,0
DA:53,0
DA:54,0
DA:62,0
DA:63,0
DA:65,0
DA:69,1
DA:70,0
DA:72,0
DA:73,0
DA:75,0
DA:77,0
DA:78,0
DA:79,0
DA:80,0
DA:81,0
DA:84,0
DA:89,0
DA:92,0
DA:99,1
DA:100,0
DA:101,0
DA:103,0
DA:104,0
DA:106,0
DA:107,0
DA:108,0
DA:109,0
DA:110,0
DA:111,0
DA:112,0
DA:116,0
DA:119,0
DA:120,0
DA:121,0
DA:124,0
DA:127,0
DA:131,1
DA:132,0
DA:134,0
DA:136,0
DA:137,0
DA:138,0
DA:140,0
DA:141,0
DA:142,0
DA:143,0
DA:144,0
DA:149,0
DA:152,0
LF:71
LH:7
BRDA:17,0,0,0
BRDA:17,0,1,0
BRDA:73,1,0,0
BRDA:73,1,1,0
BRDA:78,2,0,0
BRDA:78,2,1,0
BRDA:104,3,0,0
BRDA:104,3,1,0
BRDA:107,4,0,0
BRDA:107,4,1,0
BRDA:111,5,0,0
BRDA:111,5,1,0
BRDA:137,6,0,0
BRDA:137,6,1,0
BRDA:141,7,0,0
BRDA:141,7,1,0
BRF:16
BRH:0
end_of_record
TN:
SF:src\controllers\message_controllers.js
FN:8,(anonymous_0)
FN:33,(anonymous_1)
FN:54,(anonymous_2)
FN:76,(anonymous_3)
FN:96,(anonymous_4)
FNF:5
FNH:0
FNDA:0,(anonymous_0)
FNDA:0,(anonymous_1)
FNDA:0,(anonymous_2)
FNDA:0,(anonymous_3)
FNDA:0,(anonymous_4)
DA:4,1
DA:6,1
DA:8,1
DA:9,0
DA:10,0
DA:19,0
DA:25,0
DA:26,0
DA:33,1
DA:34,0
DA:36,0
DA:38,0
DA:39,0
DA:40,0
DA:42,0
DA:43,0
DA:44,0
DA:49,0
DA:54,1
DA:56,0
DA:58,0
DA:59,0
DA:60,0
DA:62,0
DA:63,0
DA:64,0
DA:70,0
DA:76,1
DA:77,0
DA:78,0
DA:80,0
DA:81,0
DA:82,0
DA:85,0
DA:86,0
DA:87,0
DA:91,0
DA:96,1
DA:97,0
DA:99,0
DA:100,0
DA:101,0
DA:103,0
DA:104,0
DA:105,0
DA:110,0
LF:46
LH:7
BRDA:39,0,0,0
BRDA:39,0,1,0
BRDA:59,1,0,0
BRDA:59,1,1,0
BRDA:81,2,0,0
BRDA:81,2,1,0
BRDA:100,3,0,0
BRDA:100,3,1,0
BRF:8
BRH:0
end_of_record
TN:
SF:src\controllers\project_controllers.js
FN:11,(anonymous_0)
FN:35,(anonymous_1)
FN:49,(anonymous_2)
FN:64,(anonymous_3)
FN:87,(anonymous_4)
FN:106,(anonymous_5)
FNF:6
FNH:0
FNDA:0,(anonymous_0)
FNDA:0,(anonymous_1)
FNDA:0,(anonymous_2)
FNDA:0,(anonymous_3)
FNDA:0,(anonymous_4)
FNDA:0,(anonymous_5)
DA:6,1
DA:8,1
DA:11,1
DA:12,0
DA:14,0
DA:15,0
DA:16,0
DA:18,0
DA:19,0
DA:25,0
DA:30,0
DA:35,1
DA:36,0
DA:38,0
DA:39,0
DA:40,0
DA:45,0
DA:49,1
DA:50,0
DA:51,0
DA:52,0
DA:58,0
DA:64,1
DA:65,0
DA:66,0
DA:68,0
DA:69,0
DA:70,0
DA:73,0
DA:74,0
DA:77,0
DA:82,0
DA:87,1
DA:88,0
DA:89,0
DA:91,0
DA:92,0
DA:93,0
DA:96,0
DA:97,0
DA:98,0
DA:102,0
DA:106,1
DA:107,0
DA:109,0
DA:110,0
DA:111,0
DA:113,0
DA:114,0
DA:115,0
DA:120,0
LF:51
LH:8
BRDA:15,0,0,0
BRDA:15,0,1,0
BRDA:69,1,0,0
BRDA:69,1,1,0
BRDA:92,2,0,0
BRDA:92,2,1,0
BRDA:110,3,0,0
BRDA:110,3,1,0
BRF:8
BRH:0
end_of_record
TN:
SF:src\controllers\skill_controllers.js
FN:11,(anonymous_0)
FN:35,(anonymous_1)
FN:49,(anonymous_2)
FN:64,(anonymous_3)
FN:87,(anonymous_4)
FN:105,(anonymous_5)
FNF:6
FNH:0
FNDA:0,(anonymous_0)
FNDA:0,(anonymous_1)
FNDA:0,(anonymous_2)
FNDA:0,(anonymous_3)
FNDA:0,(anonymous_4)
FNDA:0,(anonymous_5)
DA:6,1
DA:8,1
DA:11,1
DA:12,0
DA:13,0
DA:15,0
DA:16,0
DA:17,0
DA:19,0
DA:20,0
DA:25,0
DA:30,0
DA:35,1
DA:36,0
DA:38,0
DA:39,0
DA:40,0
DA:45,0
DA:49,1
DA:50,0
DA:51,0
DA:52,0
DA:58,0
DA:64,1
DA:65,0
DA:66,0
DA:68,0
DA:69,0
DA:70,0
DA:73,0
DA:74,0
DA:77,0
DA:82,0
DA:87,1
DA:88,0
DA:89,0
DA:91,0
DA:92,0
DA:93,0
DA:95,0
DA:96,0
DA:97,0
DA:101,0
DA:105,1
DA:106,0
DA:107,0
DA:108,0
DA:109,0
DA:111,0
DA:112,0
DA:113,0
DA:118,0
LF:52
LH:8
BRDA:16,0,0,0
BRDA:16,0,1,0
BRDA:69,1,0,0
BRDA:69,1,1,0
BRDA:92,2,0,0
BRDA:92,2,1,0
BRDA:108,3,0,0
BRDA:108,3,1,0
BRF:8
BRH:0
end_of_record
TN:
SF:src\controllers\subscriptions_controllers.js
FN:10,(anonymous_0)
FN:32,(anonymous_1)
FN:46,(anonymous_2)
FN:68,(anonymous_3)
FN:82,(anonymous_4)
FNF:5
FNH:0
FNDA:0,(anonymous_0)
FNDA:0,(anonymous_1)
FNDA:0,(anonymous_2)
FNDA:0,(anonymous_3)
FNDA:0,(anonymous_4)
DA:6,1
DA:8,1
DA:10,1
DA:11,0
DA:12,0
DA:18,0
DA:24,0
DA:25,0
DA:32,1
DA:33,0
DA:35,0
DA:36,0
DA:37,0
DA:42,0
DA:46,1
DA:47,0
DA:48,0
DA:49,0
DA:50,0
DA:52,0
DA:53,0
DA:54,0
DA:60,0
DA:68,1
DA:69,0
DA:70,0
DA:71,0
DA:72,0
DA:76,0
DA:82,1
DA:83,0
DA:84,0
DA:85,0
DA:86,0
DA:88,0
DA:89,0
DA:90,0
DA:95,0
LF:38
LH:7
BRDA:49,0,0,0
BRDA:49,0,1,0
BRDA:85,1,0,0
BRDA:85,1,1,0
BRF:4
BRH:0
end_of_record
TN:
SF:src\controllers\user_controllers.js
FN:11,(anonymous_0)
FN:14,(anonymous_1)
FN:45,(anonymous_2)
FN:54,(anonymous_3)
FN:72,(anonymous_4)
FN:97,(anonymous_5)
FN:120,(anonymous_6)
FN:144,(anonymous_7)
FN:163,(anonymous_8)
FNF:9
FNH:0
FNDA:0,(anonymous_0)
FNDA:0,(anonymous_1)
FNDA:0,(anonymous_2)
FNDA:0,(anonymous_3)
FNDA:0,(anonymous_4)
FNDA:0,(anonymous_5)
FNDA:0,(anonymous_6)
FNDA:0,(anonymous_7)
FNDA:0,(anonymous_8)
DA:7,1
DA:9,1
DA:11,1
DA:13,0
DA:14,0
DA:15,0
DA:16,0
DA:18,0
DA:19,0
DA:20,0
DA:32,0
DA:37,0
DA:45,1
DA:48,0
DA:50,0
DA:51,0
DA:52,0
DA:54,0
DA:55,0
DA:56,0
DA:57,0
DA:59,0
DA:60,0
DA:61,0
DA:62,0
DA:64,0
DA:65,0
DA:67,0
DA:72,1
DA:73,0
DA:75,0
DA:77,0
DA:78,0
DA:79,0
DA:81,0
DA:82,0
DA:83,0
DA:84,0
DA:92,0
DA:97,1
DA:98,0
DA:100,0
DA:101,0
DA:102,0
DA:105,0
DA:106,0
DA:107,0
DA:113,0
DA:120,1
DA:121,0
DA:123,0
DA:125,0
DA:126,0
DA:127,0
DA:130,0
DA:131,0
DA:134,0
DA:139,0
DA:144,1
DA:146,0
DA:147,0
DA:149,0
DA:150,0
DA:151,0
DA:153,0
DA:154,0
DA:155,0
DA:159,0
DA:163,1
DA:164,0
DA:167,0
DA:168,0
DA:169,0
DA:171,0
DA:172,0
DA:173,0
DA:178,0
LF:77
LH:9
BRDA:15,0,0,0
BRDA:15,0,1,0
BRDA:51,1,0,0
BRDA:51,1,1,0
BRDA:55,2,0,0
BRDA:55,2,1,0
BRDA:59,3,0,0
BRDA:59,3,1,0
BRDA:78,4,0,0
BRDA:78,4,1,0
BRDA:83,5,0,0
BRDA:83,5,1,0
BRDA:101,6,0,0
BRDA:101,6,1,0
BRDA:126,7,0,0
BRDA:126,7,1,0
BRDA:150,8,0,0
BRDA:150,8,1,0
BRDA:168,9,0,0
BRDA:168,9,1,0
BRF:20
BRH:0
end_of_record
TN:
SF:src\middleware\auth.js
FN:1,verifyToken
FNF:1
FNH:0
FNDA:0,verifyToken
DA:2,0
DA:4,0
DA:5,0
DA:7,0
DA:9,0
DA:11,0
DA:15,0
LF:7
LH:0
BRDA:4,0,0,0
BRDA:4,0,1,0
BRF:2
BRH:0
end_of_record
TN:
SF:src\middleware\blog_middleware.js
FN:4,(anonymous_0)
FNF:1
FNH:0
FNDA:0,(anonymous_0)
DA:4,1
DA:5,0
DA:6,0
DA:7,0
DA:8,0
DA:9,0
DA:10,0
LF:7
LH:1
BRDA:5,0,0,0
BRDA:5,0,1,0
BRDA:6,1,0,0
BRDA:6,1,1,0
BRDA:9,2,0,0
BRDA:9,2,1,0
BRF:6
BRH:0
end_of_record
TN:
SF:src\middleware\comments_middleware.js
FN:4,(anonymous_0)
FNF:1
FNH:0
FNDA:0,(anonymous_0)
DA:4,1
DA:5,0
DA:6,0
DA:7,0
DA:8,0
DA:9,0
LF:6
LH:1
BRDA:5,0,0,0
BRDA:5,0,1,0
BRDA:8,1,0,0
BRDA:8,1,1,0
BRF:4
BRH:0
end_of_record
TN:
SF:src\middleware\messages_middleware.js
FN:1,(anonymous_0)
FNF:1
FNH:1
FNDA:5,(anonymous_0)
DA:1,1
DA:2,5
DA:3,4
DA:4,3
DA:5,2
DA:6,1
DA:7,0
LF:7
LH:6
BRDA:2,0,0,1
BRDA:2,0,1,4
BRDA:3,1,0,1
BRDA:3,1,1,3
BRDA:4,2,0,1
BRDA:4,2,1,2
BRDA:5,3,0,1
BRDA:5,3,1,1
BRDA:6,4,0,1
BRDA:6,4,1,0
BRF:10
BRH:9
end_of_record
TN:
SF:src\middleware\signup_middleware.js
FN:4,(anonymous_0)
FNF:1
FNH:1
FNDA:10,(anonymous_0)
DA:4,1
DA:5,10
DA:6,9
DA:7,8
DA:8,6
DA:9,5
DA:10,4
DA:11,4
DA:12,3
DA:13,2
DA:14,1
DA:15,1
DA:16,1
DA:18,0
LF:14
LH:13
BRDA:5,0,0,1
BRDA:5,0,1,9
BRDA:6,1,0,1
BRDA:6,1,1,8
BRDA:7,2,0,2
BRDA:7,2,1,6
BRDA:8,3,0,1
BRDA:8,3,1,5
BRDA:9,4,0,1
BRDA:9,4,1,4
BRDA:10,5,0,0
BRDA:10,5,1,4
BRDA:11,6,0,1
BRDA:11,6,1,3
BRDA:12,7,0,1
BRDA:12,7,1,2
BRDA:13,8,0,1
BRDA:13,8,1,1
BRDA:16,9,0,1
BRDA:16,9,1,0
BRF:20
BRH:18
end_of_record
TN:
SF:src\routes\blogs_routes.js
FNF:0
FNH:0
DA:6,1
DA:8,1
DA:9,1
DA:10,1
DA:11,1
DA:12,1
DA:13,1
LF:7
LH:7
BRF:0
BRH:0
end_of_record
TN:
SF:src\routes\comments_routes.js
FNF:0
FNH:0
DA:5,1
DA:7,1
DA:8,1
DA:9,1
DA:10,1
DA:11,1
LF:6
LH:6
BRF:0
BRH:0
end_of_record
TN:
SF:src\routes\messages_routes.js
FNF:0
FNH:0
DA:6,1
DA:8,1
DA:9,1
DA:10,1
DA:11,1
DA:12,1
LF:6
LH:6
BRF:0
BRH:0
end_of_record
TN:
SF:src\routes\project_routes.js
FNF:0
FNH:0
DA:5,1
DA:7,1
DA:8,1
DA:9,1
DA:10,1
DA:11,1
DA:12,1
LF:7
LH:7
BRF:0
BRH:0
end_of_record
TN:
SF:src\routes\skills_routes.js
FNF:0
FNH:0
DA:5,1
DA:7,1
DA:8,1
DA:9,1
DA:10,1
DA:11,1
DA:12,1
LF:7
LH:7
BRF:0
BRH:0
end_of_record
TN:
SF:src\routes\subscription_router.js
FNF:0
FNH:0
DA:5,1
DA:7,1
DA:8,1
DA:9,1
DA:10,1
DA:11,1
LF:6
LH:6
BRF:0
BRH:0
end_of_record
TN:
SF:src\routes\user_routes.js
FNF:0
FNH:0
DA:6,1
DA:9,1
DA:11,1
DA:13,1
DA:14,1
DA:16,1
DA:17,1
DA:18,1
LF:8
LH:8
BRF:0
BRH:0
end_of_record
TN:
SF:src\schemas\CommentSchema.js
FNF:0
FNH:0
DA:3,1
DA:5,1
DA:14,1
LF:3
LH:3
BRF:0
BRH:0
end_of_record
TN:
SF:src\schemas\blogsSchema.js
FNF:0
FNH:0
DA:3,1
DA:5,1
DA:16,1
LF:3
LH:3
BRF:0
BRH:0
end_of_record
TN:
SF:src\schemas\messageSchema.js
FNF:0
FNH:0
DA:3,1
DA:5,1
DA:13,1
LF:3
LH:3
BRF:0
BRH:0
end_of_record
TN:
SF:src\schemas\projectSchema.js
FNF:0
FNH:0
DA:3,1
DA:5,1
DA:13,1
LF:3
LH:3
BRF:0
BRH:0
end_of_record
TN:
SF:src\schemas\skillSchema.js
FNF:0
FNH:0
DA:3,1
DA:5,1
DA:12,1
LF:3
LH:3
BRF:0
BRH:0
end_of_record
TN:
SF:src\schemas\subscriptionSchema.js
FNF:0
FNH:0
DA:3,1
DA:5,1
DA:13,1
LF:3
LH:3
BRF:0
BRH:0
end_of_record
TN:
SF:src\schemas\userSchema.js
FNF:0
FNH:0
DA:3,1
DA:5,1
DA:18,1
LF:3
LH:3
BRF:0
BRH:0
end_of_record
